C:\LIB\DELPHI_LIB\mORMot_LastestLz\SQLite3\Samples\28 - Simple RESTful ORM Server\project28.exe 0.0.0.0 (2016-08-10 18:24:44)Host=DESKTOP-LRSF58E User=xchinjo CPU=4*9-6-10759:FFFBEBBFFFE3BA1F0000000000 OS=15.0=6.2.9200 Wow64=0 Freq=2628192Environment variables=ALLUSERSPROFILE=C:\ProgramData	APPDATA=C:\Users\xchinjo\AppData\Roaming	asl.log=Destination=file	COLUMNS=80	CommonProgramFiles=C:\Program Files\Common Files	CommonProgramFiles(x86)=C:\Program Files (x86)\Common Files	CommonProgramW6432=C:\Program Files\Common Files	COMPUTERNAME=DESKTOP-LRSF58E	ComSpec=C:\Windows\system32\cmd.exe	ESET_OPTIONS=                                                                                                                                                                                                                                                                                                                                                                                                                                                                                                                               	HOMEDRIVE=C:	HOMEPATH=\Users\xchinjo	JAVA_HOME=C:\Program Files\Java\jdk1.8.0_66	LINES=24	LOCALAPPDATA=C:\Users\xchinjo\AppData\Local	LOGONSERVER=\\DESKTOP-LRSF58E	NUMBER_OF_PROCESSORS=4	OS=Windows_NT	Path=C:\ProgramData\Oracle\Java\javapath;C:\Program Files (x86)\Embarcadero\Studio\17.0\bin;C:\Users\Public\Documents\Embarcadero\Studio\17.0\Bpl;C:\Program Files (x86)\Embarcadero\Studio\17.0\bin64;C:\Users\Public\Documents\Embarcadero\Studio\17.0\Bpl\Win64;C:\Program Files (x86)\Embarcadero\Studio\15.0\bin;C:\Users\Public\Documents\Embarcadero\Studio\15.0\Bpl;C:\Program Files (x86)\Embarcadero\Studio\15.0\bin64;C:\Users\Public\Documents\Embarcadero\Studio\15.0\Bpl\Win64;C:\Program Files (x86)\Embarcadero\RAD Studio\12.0\bin;C:\Users\Public\Documents\RAD Studio\12.0\Bpl;C:\Program Files (x86)\Embarcadero\RAD Studio\12.0\bin64;C:\Users\Public\Documents\RAD Studio\12.0\Bpl\Win64;C:\Program Files (x86)\Embarcadero\RAD Studio\9.0\bin;C:\Users\Public\Documents\RAD Studio\9.0\Bpl;C:\Program Files (x86)\Embarcadero\RAD Studio\9.0\bin64;C:\Users\Public\Documents\RAD Studio\9.0\Bpl\Win64;C:\Program Files (x86)\Borland\Delphi7\Bin;C:\Program Files (x86)\Borland\Delphi7\Projects\Bpl\;C:\Windows\system32;C:\Windows;C:\Windows\System32\Wbem;C:\Windows\System32\WindowsPowerShell\v1.0\;C:\Program Files\OpenVPN\bin;C:\Program Files\TortoiseGit\bin;C:\Program Files\Microsoft SQL Server\110\DTS\Binn\;C:\Program Files (x86)\Microsoft SQL Server\110\Tools\Binn\;C:\Program Files\Microsoft SQL Server\110\Tools\Binn\;C:\Program Files (x86)\Microsoft SQL Server\110\Tools\Binn\ManagementStudio\;C:\Program Files (x86)\Microsoft Visual Studio 10.0\Common7\IDE\PrivateAssemblies\;C:\Program Files (x86)\Microsoft SQL Server\110\DTS\Binn\;C:\Program Files\nodejs\;C:\Program Files\MongoDB\Server\3.2\bin;C:\Program Files\TortoiseSVN\bin;C:\Program Files (x86)\Skype\Phone\;C:\Program Files (x86)\Common Files\Tom Sawyer Software\8.0.0;C:\LIB\JAVA_LIB\apache-maven-3.3.9\bin;C:\Users\xchinjo\AppData\Local\atom\bin;C:\Users\xchinjo\AppData\Roaming\npm	PATHEXT=.COM;.EXE;.BAT;.CMD;.VBS;.VBE;.JS;.JSE;.WSF;.WSH;.MSC	PROCESSOR_ARCHITECTURE=AMD64	PROCESSOR_IDENTIFIER=Intel64 Family 6 Model 42 Stepping 7, GenuineIntel	PROCESSOR_LEVEL=6	PROCESSOR_REVISION=2a07	ProgramData=C:\ProgramData	ProgramFiles=C:\Program Files	ProgramFiles(x86)=C:\Program Files (x86)	ProgramW6432=C:\Program Files	PSModulePath=C:\Program Files\WindowsPowerShell\Modules;C:\Windows\system32\WindowsPowerShell\v1.0\Modules;C:\Program Files (x86)\Microsoft SQL Server\110\Tools\PowerShell\Modules\	PUBLIC=C:\Users\Public	SESSIONNAME=Console	SystemDrive=C:	SystemRoot=C:\Windows	TEMP=C:\Users\xchinjo\AppData\Local\Temp	TMP=C:\Users\xchinjo\AppData\Local\Temp	TVT=C:\Program Files (x86)\Lenovo	USERDOMAIN=DESKTOP-LRSF58E	USERDOMAIN_ROAMINGPROFILE=DESKTOP-LRSF58E	USERNAME=xchinjo	USERPROFILE=C:\Users\xchinjo	VBOX_MSI_INSTALL_PATH=C:\Program Files\Oracle\VirtualBox\	windir=C:\WindowsTSQLLog 1.18.2833 FTS3 2016-08-10T11:24:4720160810 11244705  !  +    mORMotHttpServer.TSQLHttpServer(015EBD00).Create useHttpApiRegisteringURI (secNone) on port 888
20160810 11244705  !  -    00.002.875
20160810 11244705  ! http  mORMotHttpServer.TSQLHttpServer(015EBD00) http.sys registration of http://+:888/root
20160810 11244705  " info  SetThreadName 000003B0=TSQLHttpServer 888/root THttpApiServer
20160810 11244705  " trace RESTServerClass.TNoteServer(01574A30) BeginCurrentThread(THttpApiServer) root=root ThreadID=000003B0 ThreadCount=1
20160810 11244705  # info  SetThreadName 00001D38=TSQLHttpServer 888/root THttpApiServer
20160810 11244706  # trace RESTServerClass.TNoteServer(01574A30) BeginCurrentThread(THttpApiServer) root=root ThreadID=00001D38 ThreadCount=2
20160810 11244706  $ info  SetThreadName 000001AC=TSQLHttpServer 888/root THttpApiServer
20160810 11244707  $ trace RESTServerClass.TNoteServer(01574A30) BeginCurrentThread(THttpApiServer) root=root ThreadID=000001AC ThreadCount=3
20160810 11244707  % info  SetThreadName 00000850=TSQLHttpServer 888/root THttpApiServer
20160810 11244707  % trace RESTServerClass.TNoteServer(01574A30) BeginCurrentThread(THttpApiServer) root=root ThreadID=00000850 ThreadCount=4
20160810 11244707  & info  SetThreadName 00001AE4=TSQLHttpServer 888/root THttpApiServer
20160810 11244707  & trace RESTServerClass.TNoteServer(01574A30) BeginCurrentThread(THttpApiServer) root=root ThreadID=00001AE4 ThreadCount=5
20160810 11244707  ! http  mORMotHttpServer.TSQLHttpServer(015EBD00) {"THttpApiServer(015CACE0)":{"Cloned":false,"RegisteredUrl":"http://+:888/root/","HTTPQueueLength":1000,"MaxBandwidth":-1,"MaxConnections":-1,"APIVersion":"HTTP API 2.0","ServerName":"Synopse mORMot (Windows)","ProcessName":"root "}} initialized for root
20160810 11244707  ' info  SetThreadName 00002048=TSQLHttpServer 888/root THttpApiServer
20160810 11244707  ' trace RESTServerClass.TNoteServer(01574A30) BeginCurrentThread(THttpApiServer) root=root ThreadID=00002048 ThreadCount=6
20160810 11244707  ( info  SetThreadName 00002134=TSQLHttpServer 888/root THttpApiServer
20160810 11244707  ( trace RESTServerClass.TNoteServer(01574A30) BeginCurrentThread(THttpApiServer) root=root ThreadID=00002134 ThreadCount=7
20160810 11244707  ) info  SetThreadName 000003F4=TSQLHttpServer 888/root THttpApiServer
20160810 11244707  ) trace RESTServerClass.TNoteServer(01574A30) BeginCurrentThread(THttpApiServer) root=root ThreadID=000003F4 ThreadCount=8
20160810 11244707  * info  SetThreadName 000021D0=TSQLHttpServer 888/root THttpApiServer
20160810 11244708  * trace RESTServerClass.TNoteServer(01574A30) BeginCurrentThread(THttpApiServer) root=root ThreadID=000021D0 ThreadCount=9
20160810 11244708  + info  SetThreadName 00002138=TSQLHttpServer 888/root THttpApiServer
20160810 11244708  + trace RESTServerClass.TNoteServer(01574A30) BeginCurrentThread(THttpApiServer) root=root ThreadID=00002138 ThreadCount=10
20160810 11244708  , info  SetThreadName 00000254=TSQLHttpServer 888/root THttpApiServer
20160810 11244708  , trace RESTServerClass.TNoteServer(01574A30) BeginCurrentThread(THttpApiServer) root=root ThreadID=00000254 ThreadCount=11
20160810 11244708  - info  SetThreadName 00001818=TSQLHttpServer 888/root THttpApiServer
20160810 11244708  - trace RESTServerClass.TNoteServer(01574A30) BeginCurrentThread(THttpApiServer) root=root ThreadID=00001818 ThreadCount=12
20160810 11244708  . info  SetThreadName 00001A2C=TSQLHttpServer 888/root THttpApiServer
20160810 11244708  . trace RESTServerClass.TNoteServer(01574A30) BeginCurrentThread(THttpApiServer) root=root ThreadID=00001A2C ThreadCount=13
20160810 11244708  / info  SetThreadName 00000F4C=TSQLHttpServer 888/root THttpApiServer
20160810 11244709  / trace RESTServerClass.TNoteServer(01574A30) BeginCurrentThread(THttpApiServer) root=root ThreadID=00000F4C ThreadCount=14
20160810 11244709  0 info  SetThreadName 00001940=TSQLHttpServer 888/root THttpApiServer
20160810 11244709  0 trace RESTServerClass.TNoteServer(01574A30) BeginCurrentThread(THttpApiServer) root=root ThreadID=00001940 ThreadCount=15
20160810 11244709  1 info  SetThreadName 00000290=TSQLHttpServer 888/root THttpApiServer
20160810 11244709  1 trace RESTServerClass.TNoteServer(01574A30) BeginCurrentThread(THttpApiServer) root=root ThreadID=00000290 ThreadCount=16
20160810 11244709  2 info  SetThreadName 000018D0=TSQLHttpServer 888/root THttpApiServer
20160810 11244709  2 trace RESTServerClass.TNoteServer(01574A30) BeginCurrentThread(THttpApiServer) root=root ThreadID=000018D0 ThreadCount=17
20160810 11244709  3 info  SetThreadName 00001D40=TSQLHttpServer 888/root THttpApiServer
20160810 11244709  3 trace RESTServerClass.TNoteServer(01574A30) BeginCurrentThread(THttpApiServer) root=root ThreadID=00001D40 ThreadCount=18
20160810 11244709  4 info  SetThreadName 00000E24=TSQLHttpServer 888/root THttpApiServer
20160810 11244710  4 trace RESTServerClass.TNoteServer(01574A30) BeginCurrentThread(THttpApiServer) root=root ThreadID=00000E24 ThreadCount=19
20160810 11244710  5 info  SetThreadName 000003A0=TSQLHttpServer 888/root THttpApiServer
20160810 11244710  5 trace RESTServerClass.TNoteServer(01574A30) BeginCurrentThread(THttpApiServer) root=root ThreadID=000003A0 ThreadCount=20
20160810 11244710  6 info  SetThreadName 00001C38=TSQLHttpServer 888/root THttpApiServer
20160810 11244710  6 trace RESTServerClass.TNoteServer(01574A30) BeginCurrentThread(THttpApiServer) root=root ThreadID=00001C38 ThreadCount=21
20160810 11244710  7 info  SetThreadName 000019B4=TSQLHttpServer 888/root THttpApiServer
20160810 11244710  7 trace RESTServerClass.TNoteServer(01574A30) BeginCurrentThread(THttpApiServer) root=root ThreadID=000019B4 ThreadCount=22
20160810 11244710  8 info  SetThreadName 000009F8=TSQLHttpServer 888/root THttpApiServer
20160810 11244710  8 trace RESTServerClass.TNoteServer(01574A30) BeginCurrentThread(THttpApiServer) root=root ThreadID=000009F8 ThreadCount=23
20160810 11244710  9 info  SetThreadName 00001A30=TSQLHttpServer 888/root THttpApiServer
20160810 11244710  9 trace RESTServerClass.TNoteServer(01574A30) BeginCurrentThread(THttpApiServer) root=root ThreadID=00001A30 ThreadCount=24
20160810 11244710  : info  SetThreadName 000018F0=TSQLHttpServer 888/root THttpApiServer
20160810 11244711  : trace RESTServerClass.TNoteServer(01574A30) BeginCurrentThread(THttpApiServer) root=root ThreadID=000018F0 ThreadCount=25
20160810 11244711  ; info  SetThreadName 00002340=TSQLHttpServer 888/root THttpApiServer
20160810 11244711  ; trace RESTServerClass.TNoteServer(01574A30) BeginCurrentThread(THttpApiServer) root=root ThreadID=00002340 ThreadCount=26
20160810 11244711  < info  SetThreadName 00000840=TSQLHttpServer 888/root THttpApiServer
20160810 11244711  < trace RESTServerClass.TNoteServer(01574A30) BeginCurrentThread(THttpApiServer) root=root ThreadID=00000840 ThreadCount=27
20160810 11244711  = info  SetThreadName 000002FC=TSQLHttpServer 888/root THttpApiServer
20160810 11244711  = trace RESTServerClass.TNoteServer(01574A30) BeginCurrentThread(THttpApiServer) root=root ThreadID=000002FC ThreadCount=28
20160810 11244711  > info  SetThreadName 000003B4=TSQLHttpServer 888/root THttpApiServer
20160810 11244711  > trace RESTServerClass.TNoteServer(01574A30) BeginCurrentThread(THttpApiServer) root=root ThreadID=000003B4 ThreadCount=29
20160810 11244711  ? info  SetThreadName 00001FF4=TSQLHttpServer 888/root THttpApiServer
20160810 11244711  ? trace RESTServerClass.TNoteServer(01574A30) BeginCurrentThread(THttpApiServer) root=root ThreadID=00001FF4 ThreadCount=30
20160810 11244711  @ info  SetThreadName 00001FB4=TSQLHttpServer 888/root THttpApiServer
20160810 11244712  @ trace RESTServerClass.TNoteServer(01574A30) BeginCurrentThread(THttpApiServer) root=root ThreadID=00001FB4 ThreadCount=31
20160810 11244712  A info  SetThreadName 00000A4C=TSQLHttpServer 888/root THttpApiServer
20160810 11244712  A trace RESTServerClass.TNoteServer(01574A30) BeginCurrentThread(THttpApiServer) root=root ThreadID=00000A4C ThreadCount=32
20160810 11244809  !  +    mORMotHttpServer.TSQLHttpServer(015EBD00).00000001000E6E45 
20160810 11244809  !  -    00.000.750
20160810 11244809  ! http  mORMotHttpServer.TSQLHttpServer(015EBD00) {"THttpApiServer(015CACE0)":{"Cloned":false,"RegisteredUrl":"http://+:888/root/","HTTPQueueLength":1000,"MaxBandwidth":-1,"MaxConnections":-1,"APIVersion":"HTTP API 2.0","ServerName":"Synopse mORMot (Windows)","ProcessName":"root "}} finalized for 1 server(s)
20160810 11244809  " trace RESTServerClass.TNoteServer(01574A30) EndCurrentThread(THttpApiServer) ThreadID=000003B0 ThreadCount=30
20160810 11244809  $ trace RESTServerClass.TNoteServer(01574A30) EndCurrentThread(THttpApiServer) ThreadID=000001AC ThreadCount=29
20160810 11244809  & trace RESTServerClass.TNoteServer(01574A30) EndCurrentThread(THttpApiServer) ThreadID=00001AE4 ThreadCount=28
20160810 11244809  ( trace RESTServerClass.TNoteServer(01574A30) EndCurrentThread(THttpApiServer) ThreadID=00002134 ThreadCount=27
20160810 11244809  * trace RESTServerClass.TNoteServer(01574A30) EndCurrentThread(THttpApiServer) ThreadID=000021D0 ThreadCount=26
20160810 11244809  + trace RESTServerClass.TNoteServer(01574A30) EndCurrentThread(THttpApiServer) ThreadID=00002138 ThreadCount=25
20160810 11244809  , trace RESTServerClass.TNoteServer(01574A30) EndCurrentThread(THttpApiServer) ThreadID=00000254 ThreadCount=23
20160810 11244809  - trace RESTServerClass.TNoteServer(01574A30) EndCurrentThread(THttpApiServer) ThreadID=00001818 ThreadCount=21
20160810 11244809  / trace RESTServerClass.TNoteServer(01574A30) EndCurrentThread(THttpApiServer) ThreadID=00000F4C ThreadCount=19
20160810 11244809  0 trace RESTServerClass.TNoteServer(01574A30) EndCurrentThread(THttpApiServer) ThreadID=00001940 ThreadCount=18
20160810 11244809  2 trace RESTServerClass.TNoteServer(01574A30) EndCurrentThread(THttpApiServer) ThreadID=000018D0 ThreadCount=16
20160810 11244809  4 trace RESTServerClass.TNoteServer(01574A30) EndCurrentThread(THttpApiServer) ThreadID=00000E24 ThreadCount=14
20160810 11244809  6 trace RESTServerClass.TNoteServer(01574A30) EndCurrentThread(THttpApiServer) ThreadID=00001C38 ThreadCount=12
20160810 11244809  8 trace RESTServerClass.TNoteServer(01574A30) EndCurrentThread(THttpApiServer) ThreadID=000009F8 ThreadCount=10
20160810 11244809  : trace RESTServerClass.TNoteServer(01574A30) EndCurrentThread(THttpApiServer) ThreadID=000018F0 ThreadCount=8
20160810 11244809  < trace RESTServerClass.TNoteServer(01574A30) EndCurrentThread(THttpApiServer) ThreadID=00000840 ThreadCount=6
20160810 11244809  = trace RESTServerClass.TNoteServer(01574A30) EndCurrentThread(THttpApiServer) ThreadID=000002FC ThreadCount=4
20160810 11244809  > trace RESTServerClass.TNoteServer(01574A30) EndCurrentThread(THttpApiServer) ThreadID=000003B4 ThreadCount=3
20160810 11244809  @ trace RESTServerClass.TNoteServer(01574A30) EndCurrentThread(THttpApiServer) ThreadID=00001FB4 ThreadCount=1
20160810 11244810  A trace RESTServerClass.TNoteServer(01574A30) EndCurrentThread(THttpApiServer) ThreadID=00000A4C ThreadCount=0
20160810 11244810  # trace RESTServerClass.TNoteServer(01574A30) EndCurrentThread(THttpApiServer) ThreadID=00001D38 ThreadCount=24
20160810 11244810  ' trace RESTServerClass.TNoteServer(01574A30) EndCurrentThread(THttpApiServer) ThreadID=00002048 ThreadCount=22
20160810 11244810  . trace RESTServerClass.TNoteServer(01574A30) EndCurrentThread(THttpApiServer) ThreadID=00001A2C ThreadCount=20
20160810 11244810  3 trace RESTServerClass.TNoteServer(01574A30) EndCurrentThread(THttpApiServer) ThreadID=00001D40 ThreadCount=15
20160810 11244810  5 trace RESTServerClass.TNoteServer(01574A30) EndCurrentThread(THttpApiServer) ThreadID=000003A0 ThreadCount=13
20160810 11244810  7 trace RESTServerClass.TNoteServer(01574A30) EndCurrentThread(THttpApiServer) ThreadID=000019B4 ThreadCount=11
20160810 11244810  ; trace RESTServerClass.TNoteServer(01574A30) EndCurrentThread(THttpApiServer) ThreadID=00002340 ThreadCount=7
20160810 11244810  ? trace RESTServerClass.TNoteServer(01574A30) EndCurrentThread(THttpApiServer) ThreadID=00001FF4 ThreadCount=2
20160810 11244810  % trace RESTServerClass.TNoteServer(01574A30) EndCurrentThread(THttpApiServer) ThreadID=00000850 ThreadCount=31
20160810 11244810  1 trace RESTServerClass.TNoteServer(01574A30) EndCurrentThread(THttpApiServer) ThreadID=00000290 ThreadCount=17
20160810 11244811  9 trace RESTServerClass.TNoteServer(01574A30) EndCurrentThread(THttpApiServer) ThreadID=00001A30 ThreadCount=9
20160810 11244811  ) trace RESTServerClass.TNoteServer(01574A30) EndCurrentThread(THttpApiServer) ThreadID=000003F4 ThreadCount=5
20160810 11244811  !  +    RESTServerClass.TNoteServer(01574A30).Shutdown CurrentRequestCount=0 File=
20160810 11244812  !  -    00.005.925
