C:\LIB\DELPHI_LIB\mORMot_LastestLz\SQLite3\Samples\28 - Simple RESTful ORM Server\project28.exe 0.0.0.0 (2016-08-10 18:24:44)Host=DESKTOP-LRSF58E User=xchinjo CPU=4*9-6-10759:FFFBEBBFFFE3BA1F0000000000 OS=15.0=6.2.9200 Wow64=0 Freq=2628192Environment variables=ALLUSERSPROFILE=C:\ProgramData	APPDATA=C:\Users\xchinjo\AppData\Roaming	asl.log=Destination=file	COLUMNS=80	CommonProgramFiles=C:\Program Files\Common Files	CommonProgramFiles(x86)=C:\Program Files (x86)\Common Files	CommonProgramW6432=C:\Program Files\Common Files	COMPUTERNAME=DESKTOP-LRSF58E	ComSpec=C:\Windows\system32\cmd.exe	ESET_OPTIONS=                                                                                                                                                                                                                                                                                                                                                                                                                                                                                                                               	HOMEDRIVE=C:	HOMEPATH=\Users\xchinjo	JAVA_HOME=C:\Program Files\Java\jdk1.8.0_66	LINES=24	LOCALAPPDATA=C:\Users\xchinjo\AppData\Local	LOGONSERVER=\\DESKTOP-LRSF58E	NUMBER_OF_PROCESSORS=4	OS=Windows_NT	Path=C:\ProgramData\Oracle\Java\javapath;C:\Program Files (x86)\Embarcadero\Studio\17.0\bin;C:\Users\Public\Documents\Embarcadero\Studio\17.0\Bpl;C:\Program Files (x86)\Embarcadero\Studio\17.0\bin64;C:\Users\Public\Documents\Embarcadero\Studio\17.0\Bpl\Win64;C:\Program Files (x86)\Embarcadero\Studio\15.0\bin;C:\Users\Public\Documents\Embarcadero\Studio\15.0\Bpl;C:\Program Files (x86)\Embarcadero\Studio\15.0\bin64;C:\Users\Public\Documents\Embarcadero\Studio\15.0\Bpl\Win64;C:\Program Files (x86)\Embarcadero\RAD Studio\12.0\bin;C:\Users\Public\Documents\RAD Studio\12.0\Bpl;C:\Program Files (x86)\Embarcadero\RAD Studio\12.0\bin64;C:\Users\Public\Documents\RAD Studio\12.0\Bpl\Win64;C:\Program Files (x86)\Embarcadero\RAD Studio\9.0\bin;C:\Users\Public\Documents\RAD Studio\9.0\Bpl;C:\Program Files (x86)\Embarcadero\RAD Studio\9.0\bin64;C:\Users\Public\Documents\RAD Studio\9.0\Bpl\Win64;C:\Program Files (x86)\Borland\Delphi7\Bin;C:\Program Files (x86)\Borland\Delphi7\Projects\Bpl\;C:\Windows\system32;C:\Windows;C:\Windows\System32\Wbem;C:\Windows\System32\WindowsPowerShell\v1.0\;C:\Program Files\OpenVPN\bin;C:\Program Files\TortoiseGit\bin;C:\Program Files\Microsoft SQL Server\110\DTS\Binn\;C:\Program Files (x86)\Microsoft SQL Server\110\Tools\Binn\;C:\Program Files\Microsoft SQL Server\110\Tools\Binn\;C:\Program Files (x86)\Microsoft SQL Server\110\Tools\Binn\ManagementStudio\;C:\Program Files (x86)\Microsoft Visual Studio 10.0\Common7\IDE\PrivateAssemblies\;C:\Program Files (x86)\Microsoft SQL Server\110\DTS\Binn\;C:\Program Files\nodejs\;C:\Program Files\MongoDB\Server\3.2\bin;C:\Program Files\TortoiseSVN\bin;C:\Program Files (x86)\Skype\Phone\;C:\Program Files (x86)\Common Files\Tom Sawyer Software\8.0.0;C:\LIB\JAVA_LIB\apache-maven-3.3.9\bin;C:\Users\xchinjo\AppData\Local\atom\bin;C:\Users\xchinjo\AppData\Roaming\npm	PATHEXT=.COM;.EXE;.BAT;.CMD;.VBS;.VBE;.JS;.JSE;.WSF;.WSH;.MSC	PROCESSOR_ARCHITECTURE=AMD64	PROCESSOR_IDENTIFIER=Intel64 Family 6 Model 42 Stepping 7, GenuineIntel	PROCESSOR_LEVEL=6	PROCESSOR_REVISION=2a07	ProgramData=C:\ProgramData	ProgramFiles=C:\Program Files	ProgramFiles(x86)=C:\Program Files (x86)	ProgramW6432=C:\Program Files	PSModulePath=C:\Program Files\WindowsPowerShell\Modules;C:\Windows\system32\WindowsPowerShell\v1.0\Modules;C:\Program Files (x86)\Microsoft SQL Server\110\Tools\PowerShell\Modules\	PUBLIC=C:\Users\Public	SESSIONNAME=Console	SystemDrive=C:	SystemRoot=C:\Windows	TEMP=C:\Users\xchinjo\AppData\Local\Temp	TMP=C:\Users\xchinjo\AppData\Local\Temp	TVT=C:\Program Files (x86)\Lenovo	USERDOMAIN=DESKTOP-LRSF58E	USERDOMAIN_ROAMINGPROFILE=DESKTOP-LRSF58E	USERNAME=xchinjo	USERPROFILE=C:\Users\xchinjo	VBOX_MSI_INSTALL_PATH=C:\Program Files\Oracle\VirtualBox\	windir=C:\WindowsTSQLLog 1.18.2833 FTS3 2016-08-10T11:25:0720160810 11250730  !  +    mORMotHttpServer.TSQLHttpServer(0164BD00).Create useHttpApiRegisteringURI (secNone) on port 888
20160810 11250730  !  -    00.000.690
20160810 11250731  ! http  mORMotHttpServer.TSQLHttpServer(0164BD00) http.sys registration of http://+:888/root
20160810 11250731  " info  SetThreadName 00000F20=TSQLHttpServer 888/root THttpApiServer
20160810 11250731  " trace RESTServerClass.TNoteServer(015D4A30) BeginCurrentThread(THttpApiServer) root=root ThreadID=00000F20 ThreadCount=1
20160810 11250732  # info  SetThreadName 00001B0C=TSQLHttpServer 888/root THttpApiServer
20160810 11250732  # trace RESTServerClass.TNoteServer(015D4A30) BeginCurrentThread(THttpApiServer) root=root ThreadID=00001B0C ThreadCount=2
20160810 11250732  ! http  mORMotHttpServer.TSQLHttpServer(0164BD00) {"THttpApiServer(0162ACE0)":{"Cloned":false,"RegisteredUrl":"http://+:888/root/","HTTPQueueLength":1000,"MaxBandwidth":-1,"MaxConnections":-1,"APIVersion":"HTTP API 2.0","ServerName":"Synopse mORMot (Windows)","ProcessName":"root "}} initialized for root
20160810 11250733  $ info  SetThreadName 00000EB0=TSQLHttpServer 888/root THttpApiServer
20160810 11250733  $ trace RESTServerClass.TNoteServer(015D4A30) BeginCurrentThread(THttpApiServer) root=root ThreadID=00000EB0 ThreadCount=3
20160810 11250733  % info  SetThreadName 0000182C=TSQLHttpServer 888/root THttpApiServer
20160810 11250733  % trace RESTServerClass.TNoteServer(015D4A30) BeginCurrentThread(THttpApiServer) root=root ThreadID=0000182C ThreadCount=4
20160810 11250733  & info  SetThreadName 0000222C=TSQLHttpServer 888/root THttpApiServer
20160810 11250733  & trace RESTServerClass.TNoteServer(015D4A30) BeginCurrentThread(THttpApiServer) root=root ThreadID=0000222C ThreadCount=5
20160810 11250733  ' info  SetThreadName 00000DD8=TSQLHttpServer 888/root THttpApiServer
20160810 11250733  ' trace RESTServerClass.TNoteServer(015D4A30) BeginCurrentThread(THttpApiServer) root=root ThreadID=00000DD8 ThreadCount=6
20160810 11250733  ( info  SetThreadName 000021E4=TSQLHttpServer 888/root THttpApiServer
20160810 11250733  ( trace RESTServerClass.TNoteServer(015D4A30) BeginCurrentThread(THttpApiServer) root=root ThreadID=000021E4 ThreadCount=7
20160810 11250733  ) info  SetThreadName 00000388=TSQLHttpServer 888/root THttpApiServer
20160810 11250733  * info  SetThreadName 00000D80=TSQLHttpServer 888/root THttpApiServer
20160810 11250733  * trace RESTServerClass.TNoteServer(015D4A30) BeginCurrentThread(THttpApiServer) root=root ThreadID=00000D80 ThreadCount=9
20160810 11250733  + info  SetThreadName 000003DC=TSQLHttpServer 888/root THttpApiServer
20160810 11250733  + trace RESTServerClass.TNoteServer(015D4A30) BeginCurrentThread(THttpApiServer) root=root ThreadID=000003DC ThreadCount=10
20160810 11250733  , info  SetThreadName 0000125C=TSQLHttpServer 888/root THttpApiServer
20160810 11250734  , trace RESTServerClass.TNoteServer(015D4A30) BeginCurrentThread(THttpApiServer) root=root ThreadID=0000125C ThreadCount=11
20160810 11250734  - info  SetThreadName 00001240=TSQLHttpServer 888/root THttpApiServer
20160810 11250734  - trace RESTServerClass.TNoteServer(015D4A30) BeginCurrentThread(THttpApiServer) root=root ThreadID=00001240 ThreadCount=12
20160810 11250734  . info  SetThreadName 0000025C=TSQLHttpServer 888/root THttpApiServer
20160810 11250734  . trace RESTServerClass.TNoteServer(015D4A30) BeginCurrentThread(THttpApiServer) root=root ThreadID=0000025C ThreadCount=13
20160810 11250734  / info  SetThreadName 00000A18=TSQLHttpServer 888/root THttpApiServer
20160810 11250734  / trace RESTServerClass.TNoteServer(015D4A30) BeginCurrentThread(THttpApiServer) root=root ThreadID=00000A18 ThreadCount=14
20160810 11250734  0 info  SetThreadName 00000020=TSQLHttpServer 888/root THttpApiServer
20160810 11250734  0 trace RESTServerClass.TNoteServer(015D4A30) BeginCurrentThread(THttpApiServer) root=root ThreadID=00000020 ThreadCount=15
20160810 11250734  1 info  SetThreadName 00001FF8=TSQLHttpServer 888/root THttpApiServer
20160810 11250734  1 trace RESTServerClass.TNoteServer(015D4A30) BeginCurrentThread(THttpApiServer) root=root ThreadID=00001FF8 ThreadCount=16
20160810 11250735  2 info  SetThreadName 0000219C=TSQLHttpServer 888/root THttpApiServer
20160810 11250735  2 trace RESTServerClass.TNoteServer(015D4A30) BeginCurrentThread(THttpApiServer) root=root ThreadID=0000219C ThreadCount=17
20160810 11250735  3 info  SetThreadName 00001C14=TSQLHttpServer 888/root THttpApiServer
20160810 11250735  3 trace RESTServerClass.TNoteServer(015D4A30) BeginCurrentThread(THttpApiServer) root=root ThreadID=00001C14 ThreadCount=18
20160810 11250735  4 info  SetThreadName 00000B50=TSQLHttpServer 888/root THttpApiServer
20160810 11250735  4 trace RESTServerClass.TNoteServer(015D4A30) BeginCurrentThread(THttpApiServer) root=root ThreadID=00000B50 ThreadCount=19
20160810 11250735  5 info  SetThreadName 00000448=TSQLHttpServer 888/root THttpApiServer
20160810 11250735  5 trace RESTServerClass.TNoteServer(015D4A30) BeginCurrentThread(THttpApiServer) root=root ThreadID=00000448 ThreadCount=20
20160810 11250735  ) trace RESTServerClass.TNoteServer(015D4A30) BeginCurrentThread(THttpApiServer) root=root ThreadID=00000388 ThreadCount=8
20160810 11250735  6 info  SetThreadName 00000844=TSQLHttpServer 888/root THttpApiServer
20160810 11250735  6 trace RESTServerClass.TNoteServer(015D4A30) BeginCurrentThread(THttpApiServer) root=root ThreadID=00000844 ThreadCount=21
20160810 11250735  7 info  SetThreadName 00001C10=TSQLHttpServer 888/root THttpApiServer
20160810 11250735  7 trace RESTServerClass.TNoteServer(015D4A30) BeginCurrentThread(THttpApiServer) root=root ThreadID=00001C10 ThreadCount=22
20160810 11250735  8 info  SetThreadName 0000097C=TSQLHttpServer 888/root THttpApiServer
20160810 11250735  8 trace RESTServerClass.TNoteServer(015D4A30) BeginCurrentThread(THttpApiServer) root=root ThreadID=0000097C ThreadCount=23
20160810 11250735  9 info  SetThreadName 0000157C=TSQLHttpServer 888/root THttpApiServer
20160810 11250735  9 trace RESTServerClass.TNoteServer(015D4A30) BeginCurrentThread(THttpApiServer) root=root ThreadID=0000157C ThreadCount=24
20160810 11250735  : info  SetThreadName 000019FC=TSQLHttpServer 888/root THttpApiServer
20160810 11250735  : trace RESTServerClass.TNoteServer(015D4A30) BeginCurrentThread(THttpApiServer) root=root ThreadID=000019FC ThreadCount=25
20160810 11250735  ; info  SetThreadName 000017E4=TSQLHttpServer 888/root THttpApiServer
20160810 11250735  ; trace RESTServerClass.TNoteServer(015D4A30) BeginCurrentThread(THttpApiServer) root=root ThreadID=000017E4 ThreadCount=26
20160810 11250736  < info  SetThreadName 00001AAC=TSQLHttpServer 888/root THttpApiServer
20160810 11250736  < trace RESTServerClass.TNoteServer(015D4A30) BeginCurrentThread(THttpApiServer) root=root ThreadID=00001AAC ThreadCount=27
20160810 11250736  = info  SetThreadName 00001260=TSQLHttpServer 888/root THttpApiServer
20160810 11250736  = trace RESTServerClass.TNoteServer(015D4A30) BeginCurrentThread(THttpApiServer) root=root ThreadID=00001260 ThreadCount=28
20160810 11250736  > info  SetThreadName 00000AC8=TSQLHttpServer 888/root THttpApiServer
20160810 11250736  > trace RESTServerClass.TNoteServer(015D4A30) BeginCurrentThread(THttpApiServer) root=root ThreadID=00000AC8 ThreadCount=29
20160810 11250736  ? info  SetThreadName 00001238=TSQLHttpServer 888/root THttpApiServer
20160810 11250736  ? trace RESTServerClass.TNoteServer(015D4A30) BeginCurrentThread(THttpApiServer) root=root ThreadID=00001238 ThreadCount=30
20160810 11250736  @ info  SetThreadName 00000AF8=TSQLHttpServer 888/root THttpApiServer
20160810 11250736  @ trace RESTServerClass.TNoteServer(015D4A30) BeginCurrentThread(THttpApiServer) root=root ThreadID=00000AF8 ThreadCount=31
20160810 11250736  A info  SetThreadName 00001490=TSQLHttpServer 888/root THttpApiServer
20160810 11250737  A trace RESTServerClass.TNoteServer(015D4A30) BeginCurrentThread(THttpApiServer) root=root ThreadID=00001490 ThreadCount=32
20160810 11251147  !  +    mORMotHttpServer.TSQLHttpServer(0164BD00).00000001000E6E45 
20160810 11251147  !  -    00.000.756
20160810 11251147  ! http  mORMotHttpServer.TSQLHttpServer(0164BD00) {"THttpApiServer(0162ACE0)":{"Cloned":false,"RegisteredUrl":"http://+:888/root/","HTTPQueueLength":1000,"MaxBandwidth":-1,"MaxConnections":-1,"APIVersion":"HTTP API 2.0","ServerName":"Synopse mORMot (Windows)","ProcessName":"root "}} finalized for 1 server(s)
20160810 11251147  % trace RESTServerClass.TNoteServer(015D4A30) EndCurrentThread(THttpApiServer) ThreadID=0000182C ThreadCount=30
20160810 11251147  " trace RESTServerClass.TNoteServer(015D4A30) EndCurrentThread(THttpApiServer) ThreadID=00000F20 ThreadCount=29
20160810 11251147  $ trace RESTServerClass.TNoteServer(015D4A30) EndCurrentThread(THttpApiServer) ThreadID=00000EB0 ThreadCount=28
20160810 11251147  * trace RESTServerClass.TNoteServer(015D4A30) EndCurrentThread(THttpApiServer) ThreadID=00000D80 ThreadCount=27
20160810 11251147  + trace RESTServerClass.TNoteServer(015D4A30) EndCurrentThread(THttpApiServer) ThreadID=000003DC ThreadCount=25
20160810 11251147  , trace RESTServerClass.TNoteServer(015D4A30) EndCurrentThread(THttpApiServer) ThreadID=0000125C ThreadCount=23
20160810 11251147  ' trace RESTServerClass.TNoteServer(015D4A30) EndCurrentThread(THttpApiServer) ThreadID=00000DD8 ThreadCount=26
20160810 11251147  & trace RESTServerClass.TNoteServer(015D4A30) EndCurrentThread(THttpApiServer) ThreadID=0000222C ThreadCount=31
20160810 11251147  @ trace RESTServerClass.TNoteServer(015D4A30) EndCurrentThread(THttpApiServer) ThreadID=00000AF8 ThreadCount=1
20160810 11251147  ? trace RESTServerClass.TNoteServer(015D4A30) EndCurrentThread(THttpApiServer) ThreadID=00001238 ThreadCount=2
20160810 11251147  > trace RESTServerClass.TNoteServer(015D4A30) EndCurrentThread(THttpApiServer) ThreadID=00000AC8 ThreadCount=3
20160810 11251147  < trace RESTServerClass.TNoteServer(015D4A30) EndCurrentThread(THttpApiServer) ThreadID=00001AAC ThreadCount=6
20160810 11251147  : trace RESTServerClass.TNoteServer(015D4A30) EndCurrentThread(THttpApiServer) ThreadID=000019FC ThreadCount=8
20160810 11251147  9 trace RESTServerClass.TNoteServer(015D4A30) EndCurrentThread(THttpApiServer) ThreadID=0000157C ThreadCount=9
20160810 11251147  7 trace RESTServerClass.TNoteServer(015D4A30) EndCurrentThread(THttpApiServer) ThreadID=00001C10 ThreadCount=11
20160810 11251147  - trace RESTServerClass.TNoteServer(015D4A30) EndCurrentThread(THttpApiServer) ThreadID=00001240 ThreadCount=22
20160810 11251147  4 trace RESTServerClass.TNoteServer(015D4A30) EndCurrentThread(THttpApiServer) ThreadID=00000B50 ThreadCount=16
20160810 11251147  3 trace RESTServerClass.TNoteServer(015D4A30) EndCurrentThread(THttpApiServer) ThreadID=00001C14 ThreadCount=17
20160810 11251148  0 trace RESTServerClass.TNoteServer(015D4A30) EndCurrentThread(THttpApiServer) ThreadID=00000020 ThreadCount=19
20160810 11251148  . trace RESTServerClass.TNoteServer(015D4A30) EndCurrentThread(THttpApiServer) ThreadID=0000025C ThreadCount=21
20160810 11251148  ( trace RESTServerClass.TNoteServer(015D4A30) EndCurrentThread(THttpApiServer) ThreadID=000021E4 ThreadCount=15
20160810 11251148  A trace RESTServerClass.TNoteServer(015D4A30) EndCurrentThread(THttpApiServer) ThreadID=00001490 ThreadCount=0
20160810 11251148  ; trace RESTServerClass.TNoteServer(015D4A30) EndCurrentThread(THttpApiServer) ThreadID=000017E4 ThreadCount=7
20160810 11251148  8 trace RESTServerClass.TNoteServer(015D4A30) EndCurrentThread(THttpApiServer) ThreadID=0000097C ThreadCount=10
20160810 11251148  6 trace RESTServerClass.TNoteServer(015D4A30) EndCurrentThread(THttpApiServer) ThreadID=00000844 ThreadCount=12
20160810 11251148  5 trace RESTServerClass.TNoteServer(015D4A30) EndCurrentThread(THttpApiServer) ThreadID=00000448 ThreadCount=14
20160810 11251148  2 trace RESTServerClass.TNoteServer(015D4A30) EndCurrentThread(THttpApiServer) ThreadID=0000219C ThreadCount=18
20160810 11251148  / trace RESTServerClass.TNoteServer(015D4A30) EndCurrentThread(THttpApiServer) ThreadID=00000A18 ThreadCount=20
20160810 11251149  # trace RESTServerClass.TNoteServer(015D4A30) EndCurrentThread(THttpApiServer) ThreadID=00001B0C ThreadCount=24
20160810 11251149  = trace RESTServerClass.TNoteServer(015D4A30) EndCurrentThread(THttpApiServer) ThreadID=00001260 ThreadCount=4
20160810 11251149  ) trace RESTServerClass.TNoteServer(015D4A30) EndCurrentThread(THttpApiServer) ThreadID=00000388 ThreadCount=13
20160810 11251149  1 trace RESTServerClass.TNoteServer(015D4A30) EndCurrentThread(THttpApiServer) ThreadID=00001FF8 ThreadCount=5
20160810 11251149  !  +    RESTServerClass.TNoteServer(015D4A30).Shutdown CurrentRequestCount=0 File=
20160810 11251150  !  -    00.006.262
