C:\LIB\DELPHI_LIB\mORMot_LastestLz\SQLite3\Samples\28 - Simple RESTful ORM Server\project28.exe 0.0.0.0 (2016-08-12 10:34:32)Host=DESKTOP-LRSF58E User=xchinjo CPU=4*9-6-10759:FFFBEBBFFFE3BA1F0000000000 OS=15.0=6.2.9200 Wow64=0 Freq=2628200Environment variables=ALLUSERSPROFILE=C:\ProgramData	APPDATA=C:\Users\xchinjo\AppData\Roaming	asl.log=Destination=file	COLUMNS=80	CommonProgramFiles=C:\Program Files\Common Files	CommonProgramFiles(x86)=C:\Program Files (x86)\Common Files	CommonProgramW6432=C:\Program Files\Common Files	COMPUTERNAME=DESKTOP-LRSF58E	ComSpec=C:\Windows\system32\cmd.exe	ESET_OPTIONS=                                                                                                                                                                                                                                                                                                                                                                                                                                                                                                                               	HOMEDRIVE=C:	HOMEPATH=\Users\xchinjo	JAVA_HOME=C:\Program Files\Java\jdk1.8.0_66	LINES=24	LOCALAPPDATA=C:\Users\xchinjo\AppData\Local	LOGONSERVER=\\DESKTOP-LRSF58E	NUMBER_OF_PROCESSORS=4	OS=Windows_NT	Path=C:\ProgramData\Oracle\Java\javapath;C:\Program Files (x86)\Embarcadero\Studio\17.0\bin;C:\Users\Public\Documents\Embarcadero\Studio\17.0\Bpl;C:\Program Files (x86)\Embarcadero\Studio\17.0\bin64;C:\Users\Public\Documents\Embarcadero\Studio\17.0\Bpl\Win64;C:\Program Files (x86)\Embarcadero\Studio\15.0\bin;C:\Users\Public\Documents\Embarcadero\Studio\15.0\Bpl;C:\Program Files (x86)\Embarcadero\Studio\15.0\bin64;C:\Users\Public\Documents\Embarcadero\Studio\15.0\Bpl\Win64;C:\Program Files (x86)\Embarcadero\RAD Studio\12.0\bin;C:\Users\Public\Documents\RAD Studio\12.0\Bpl;C:\Program Files (x86)\Embarcadero\RAD Studio\12.0\bin64;C:\Users\Public\Documents\RAD Studio\12.0\Bpl\Win64;C:\Program Files (x86)\Embarcadero\RAD Studio\9.0\bin;C:\Users\Public\Documents\RAD Studio\9.0\Bpl;C:\Program Files (x86)\Embarcadero\RAD Studio\9.0\bin64;C:\Users\Public\Documents\RAD Studio\9.0\Bpl\Win64;C:\Program Files (x86)\Borland\Delphi7\Bin;C:\Program Files (x86)\Borland\Delphi7\Projects\Bpl\;C:\Windows\system32;C:\Windows;C:\Windows\System32\Wbem;C:\Windows\System32\WindowsPowerShell\v1.0\;C:\Program Files\OpenVPN\bin;C:\Program Files\TortoiseGit\bin;C:\Program Files\Microsoft SQL Server\110\DTS\Binn\;C:\Program Files (x86)\Microsoft SQL Server\110\Tools\Binn\;C:\Program Files\Microsoft SQL Server\110\Tools\Binn\;C:\Program Files (x86)\Microsoft SQL Server\110\Tools\Binn\ManagementStudio\;C:\Program Files (x86)\Microsoft Visual Studio 10.0\Common7\IDE\PrivateAssemblies\;C:\Program Files (x86)\Microsoft SQL Server\110\DTS\Binn\;C:\Program Files\nodejs\;C:\Program Files\MongoDB\Server\3.2\bin;C:\Program Files\TortoiseSVN\bin;C:\Program Files (x86)\Skype\Phone\;C:\Program Files (x86)\Common Files\Tom Sawyer Software\8.0.0;C:\LIB\JAVA_LIB\apache-maven-3.3.9\bin;C:\Users\xchinjo\AppData\Local\atom\bin;C:\Users\xchinjo\AppData\Roaming\npm	PATHEXT=.COM;.EXE;.BAT;.CMD;.VBS;.VBE;.JS;.JSE;.WSF;.WSH;.MSC	PROCESSOR_ARCHITECTURE=AMD64	PROCESSOR_IDENTIFIER=Intel64 Family 6 Model 42 Stepping 7, GenuineIntel	PROCESSOR_LEVEL=6	PROCESSOR_REVISION=2a07	ProgramData=C:\ProgramData	ProgramFiles=C:\Program Files	ProgramFiles(x86)=C:\Program Files (x86)	ProgramW6432=C:\Program Files	PSModulePath=C:\Program Files\WindowsPowerShell\Modules;C:\Windows\system32\WindowsPowerShell\v1.0\Modules;C:\Program Files (x86)\Microsoft SQL Server\110\Tools\PowerShell\Modules\	PUBLIC=C:\Users\Public	SESSIONNAME=Console	SystemDrive=C:	SystemRoot=C:\Windows	TEMP=C:\Users\xchinjo\AppData\Local\Temp	TMP=C:\Users\xchinjo\AppData\Local\Temp	TVT=C:\Program Files (x86)\Lenovo	USERDOMAIN=DESKTOP-LRSF58E	USERDOMAIN_ROAMINGPROFILE=DESKTOP-LRSF58E	USERNAME=xchinjo	USERPROFILE=C:\Users\xchinjo	VBOX_MSI_INSTALL_PATH=C:\Program Files\Oracle\VirtualBox\	windir=C:\WindowsTSQLLog 1.18.2833 FTS3 2016-08-12T03:34:3620160812 03343628  !  +    mORMotHttpServer.TSQLHttpServer(0013BD40).Create useHttpApiRegisteringURI (secNone) on port 888
20160812 03343628  !  -    00.003.193
20160812 03343629  ! http  mORMotHttpServer.TSQLHttpServer(0013BD40) http.sys registration of http://+:888/root
20160812 03343629  " info  SetThreadName 0000138C=TSQLHttpServer 888/root THttpApiServer
20160812 03343629  " trace RESTServerClass.TNoteServer(000C4A30) BeginCurrentThread(THttpApiServer) root=root ThreadID=0000138C ThreadCount=1
20160812 03343631  # info  SetThreadName 0000167C=TSQLHttpServer 888/root THttpApiServer
20160812 03343631  # trace RESTServerClass.TNoteServer(000C4A30) BeginCurrentThread(THttpApiServer) root=root ThreadID=0000167C ThreadCount=2
20160812 03343632  $ info  SetThreadName 00001A38=TSQLHttpServer 888/root THttpApiServer
20160812 03343633  $ trace RESTServerClass.TNoteServer(000C4A30) BeginCurrentThread(THttpApiServer) root=root ThreadID=00001A38 ThreadCount=3
20160812 03343633  ! http  mORMotHttpServer.TSQLHttpServer(0013BD40) {"THttpApiServer(0011AD20)":{"Cloned":false,"RegisteredUrl":"http://+:888/root/","HTTPQueueLength":1000,"MaxBandwidth":-1,"MaxConnections":-1,"APIVersion":"HTTP API 2.0","ServerName":"Synopse mORMot (Windows)","ProcessName":"root "}} initialized for root
20160812 03343633  % info  SetThreadName 00001120=TSQLHttpServer 888/root THttpApiServer
20160812 03343633  % trace RESTServerClass.TNoteServer(000C4A30) BeginCurrentThread(THttpApiServer) root=root ThreadID=00001120 ThreadCount=4
20160812 03343633  & info  SetThreadName 0000045C=TSQLHttpServer 888/root THttpApiServer
20160812 03343633  & trace RESTServerClass.TNoteServer(000C4A30) BeginCurrentThread(THttpApiServer) root=root ThreadID=0000045C ThreadCount=5
20160812 03343633  ' info  SetThreadName 000015FC=TSQLHttpServer 888/root THttpApiServer
20160812 03343633  ' trace RESTServerClass.TNoteServer(000C4A30) BeginCurrentThread(THttpApiServer) root=root ThreadID=000015FC ThreadCount=6
20160812 03343633  ( info  SetThreadName 00002434=TSQLHttpServer 888/root THttpApiServer
20160812 03343633  ( trace RESTServerClass.TNoteServer(000C4A30) BeginCurrentThread(THttpApiServer) root=root ThreadID=00002434 ThreadCount=7
20160812 03343633  ) info  SetThreadName 000006E8=TSQLHttpServer 888/root THttpApiServer
20160812 03343633  ) trace RESTServerClass.TNoteServer(000C4A30) BeginCurrentThread(THttpApiServer) root=root ThreadID=000006E8 ThreadCount=8
20160812 03343633  * info  SetThreadName 000009B8=TSQLHttpServer 888/root THttpApiServer
20160812 03343633  * trace RESTServerClass.TNoteServer(000C4A30) BeginCurrentThread(THttpApiServer) root=root ThreadID=000009B8 ThreadCount=9
20160812 03343633  + info  SetThreadName 00002778=TSQLHttpServer 888/root THttpApiServer
20160812 03343633  + trace RESTServerClass.TNoteServer(000C4A30) BeginCurrentThread(THttpApiServer) root=root ThreadID=00002778 ThreadCount=10
20160812 03343633  , info  SetThreadName 00000A1C=TSQLHttpServer 888/root THttpApiServer
20160812 03343633  , trace RESTServerClass.TNoteServer(000C4A30) BeginCurrentThread(THttpApiServer) root=root ThreadID=00000A1C ThreadCount=11
20160812 03343633  - info  SetThreadName 000005F8=TSQLHttpServer 888/root THttpApiServer
20160812 03343633  - trace RESTServerClass.TNoteServer(000C4A30) BeginCurrentThread(THttpApiServer) root=root ThreadID=000005F8 ThreadCount=12
20160812 03343633  . info  SetThreadName 000027D4=TSQLHttpServer 888/root THttpApiServer
20160812 03343633  . trace RESTServerClass.TNoteServer(000C4A30) BeginCurrentThread(THttpApiServer) root=root ThreadID=000027D4 ThreadCount=13
20160812 03343633  / info  SetThreadName 00001610=TSQLHttpServer 888/root THttpApiServer
20160812 03343633  / trace RESTServerClass.TNoteServer(000C4A30) BeginCurrentThread(THttpApiServer) root=root ThreadID=00001610 ThreadCount=14
20160812 03343633  0 info  SetThreadName 00001300=TSQLHttpServer 888/root THttpApiServer
20160812 03343633  0 trace RESTServerClass.TNoteServer(000C4A30) BeginCurrentThread(THttpApiServer) root=root ThreadID=00001300 ThreadCount=15
20160812 03343633  1 info  SetThreadName 0000162C=TSQLHttpServer 888/root THttpApiServer
20160812 03343633  1 trace RESTServerClass.TNoteServer(000C4A30) BeginCurrentThread(THttpApiServer) root=root ThreadID=0000162C ThreadCount=16
20160812 03343633  2 info  SetThreadName 000013C8=TSQLHttpServer 888/root THttpApiServer
20160812 03343633  2 trace RESTServerClass.TNoteServer(000C4A30) BeginCurrentThread(THttpApiServer) root=root ThreadID=000013C8 ThreadCount=17
20160812 03343633  3 info  SetThreadName 00001774=TSQLHttpServer 888/root THttpApiServer
20160812 03343633  3 trace RESTServerClass.TNoteServer(000C4A30) BeginCurrentThread(THttpApiServer) root=root ThreadID=00001774 ThreadCount=18
20160812 03343634  4 info  SetThreadName 00002074=TSQLHttpServer 888/root THttpApiServer
20160812 03343634  4 trace RESTServerClass.TNoteServer(000C4A30) BeginCurrentThread(THttpApiServer) root=root ThreadID=00002074 ThreadCount=19
20160812 03343634  5 info  SetThreadName 0000004C=TSQLHttpServer 888/root THttpApiServer
20160812 03343634  5 trace RESTServerClass.TNoteServer(000C4A30) BeginCurrentThread(THttpApiServer) root=root ThreadID=0000004C ThreadCount=20
20160812 03343634  6 info  SetThreadName 000025A8=TSQLHttpServer 888/root THttpApiServer
20160812 03343634  6 trace RESTServerClass.TNoteServer(000C4A30) BeginCurrentThread(THttpApiServer) root=root ThreadID=000025A8 ThreadCount=21
20160812 03343634  7 info  SetThreadName 0000256C=TSQLHttpServer 888/root THttpApiServer
20160812 03343634  7 trace RESTServerClass.TNoteServer(000C4A30) BeginCurrentThread(THttpApiServer) root=root ThreadID=0000256C ThreadCount=22
20160812 03343634  8 info  SetThreadName 00001BF0=TSQLHttpServer 888/root THttpApiServer
20160812 03343634  8 trace RESTServerClass.TNoteServer(000C4A30) BeginCurrentThread(THttpApiServer) root=root ThreadID=00001BF0 ThreadCount=23
20160812 03343634  9 info  SetThreadName 00002644=TSQLHttpServer 888/root THttpApiServer
20160812 03343634  9 trace RESTServerClass.TNoteServer(000C4A30) BeginCurrentThread(THttpApiServer) root=root ThreadID=00002644 ThreadCount=24
20160812 03343634  : info  SetThreadName 00002718=TSQLHttpServer 888/root THttpApiServer
20160812 03343634  : trace RESTServerClass.TNoteServer(000C4A30) BeginCurrentThread(THttpApiServer) root=root ThreadID=00002718 ThreadCount=25
20160812 03343634  ; info  SetThreadName 00001D60=TSQLHttpServer 888/root THttpApiServer
20160812 03343634  ; trace RESTServerClass.TNoteServer(000C4A30) BeginCurrentThread(THttpApiServer) root=root ThreadID=00001D60 ThreadCount=26
20160812 03343634  < info  SetThreadName 00002068=TSQLHttpServer 888/root THttpApiServer
20160812 03343634  < trace RESTServerClass.TNoteServer(000C4A30) BeginCurrentThread(THttpApiServer) root=root ThreadID=00002068 ThreadCount=27
20160812 03343634  = info  SetThreadName 00001EF0=TSQLHttpServer 888/root THttpApiServer
20160812 03343634  = trace RESTServerClass.TNoteServer(000C4A30) BeginCurrentThread(THttpApiServer) root=root ThreadID=00001EF0 ThreadCount=28
20160812 03343634  > info  SetThreadName 00002270=TSQLHttpServer 888/root THttpApiServer
20160812 03343635  > trace RESTServerClass.TNoteServer(000C4A30) BeginCurrentThread(THttpApiServer) root=root ThreadID=00002270 ThreadCount=29
20160812 03343635  ? info  SetThreadName 000022D0=TSQLHttpServer 888/root THttpApiServer
20160812 03343635  ? trace RESTServerClass.TNoteServer(000C4A30) BeginCurrentThread(THttpApiServer) root=root ThreadID=000022D0 ThreadCount=30
20160812 03343635  @ info  SetThreadName 000011E8=TSQLHttpServer 888/root THttpApiServer
20160812 03343635  @ trace RESTServerClass.TNoteServer(000C4A30) BeginCurrentThread(THttpApiServer) root=root ThreadID=000011E8 ThreadCount=31
20160812 03343635  A info  SetThreadName 00001B04=TSQLHttpServer 888/root THttpApiServer
20160812 03343635  A trace RESTServerClass.TNoteServer(000C4A30) BeginCurrentThread(THttpApiServer) root=root ThreadID=00001B04 ThreadCount=32
20160812 03343752  !  +    mORMotHttpServer.TSQLHttpServer(0013BD40).00000001000E6E45 
20160812 03343752  !  -    00.000.699
20160812 03343752  ! http  mORMotHttpServer.TSQLHttpServer(0013BD40) {"THttpApiServer(0011AD20)":{"Cloned":false,"RegisteredUrl":"http://+:888/root/","HTTPQueueLength":1000,"MaxBandwidth":-1,"MaxConnections":-1,"APIVersion":"HTTP API 2.0","ServerName":"Synopse mORMot (Windows)","ProcessName":"root "}} finalized for 1 server(s)
20160812 03343752  # trace RESTServerClass.TNoteServer(000C4A30) EndCurrentThread(THttpApiServer) ThreadID=0000167C ThreadCount=31
20160812 03343752  % trace RESTServerClass.TNoteServer(000C4A30) EndCurrentThread(THttpApiServer) ThreadID=00001120 ThreadCount=29
20160812 03343752  " trace RESTServerClass.TNoteServer(000C4A30) EndCurrentThread(THttpApiServer) ThreadID=0000138C ThreadCount=28
20160812 03343752  ' trace RESTServerClass.TNoteServer(000C4A30) EndCurrentThread(THttpApiServer) ThreadID=000015FC ThreadCount=26
20160812 03343752  ) trace RESTServerClass.TNoteServer(000C4A30) EndCurrentThread(THttpApiServer) ThreadID=000006E8 ThreadCount=24
20160812 03343752  * trace RESTServerClass.TNoteServer(000C4A30) EndCurrentThread(THttpApiServer) ThreadID=000009B8 ThreadCount=22
20160812 03343752  - trace RESTServerClass.TNoteServer(000C4A30) EndCurrentThread(THttpApiServer) ThreadID=000005F8 ThreadCount=20
20160812 03343752  0 trace RESTServerClass.TNoteServer(000C4A30) EndCurrentThread(THttpApiServer) ThreadID=00001300 ThreadCount=18
20160812 03343752  2 trace RESTServerClass.TNoteServer(000C4A30) EndCurrentThread(THttpApiServer) ThreadID=000013C8 ThreadCount=16
20160812 03343752  4 trace RESTServerClass.TNoteServer(000C4A30) EndCurrentThread(THttpApiServer) ThreadID=00002074 ThreadCount=14
20160812 03343752  6 trace RESTServerClass.TNoteServer(000C4A30) EndCurrentThread(THttpApiServer) ThreadID=000025A8 ThreadCount=12
20160812 03343752  7 trace RESTServerClass.TNoteServer(000C4A30) EndCurrentThread(THttpApiServer) ThreadID=0000256C ThreadCount=11
20160812 03343753  8 trace RESTServerClass.TNoteServer(000C4A30) EndCurrentThread(THttpApiServer) ThreadID=00001BF0 ThreadCount=10
20160812 03343753  9 trace RESTServerClass.TNoteServer(000C4A30) EndCurrentThread(THttpApiServer) ThreadID=00002644 ThreadCount=9
20160812 03343753  ; trace RESTServerClass.TNoteServer(000C4A30) EndCurrentThread(THttpApiServer) ThreadID=00001D60 ThreadCount=7
20160812 03343753  < trace RESTServerClass.TNoteServer(000C4A30) EndCurrentThread(THttpApiServer) ThreadID=00002068 ThreadCount=6
20160812 03343753  > trace RESTServerClass.TNoteServer(000C4A30) EndCurrentThread(THttpApiServer) ThreadID=00002270 ThreadCount=3
20160812 03343753  ? trace RESTServerClass.TNoteServer(000C4A30) EndCurrentThread(THttpApiServer) ThreadID=000022D0 ThreadCount=2
20160812 03343753  @ trace RESTServerClass.TNoteServer(000C4A30) EndCurrentThread(THttpApiServer) ThreadID=000011E8 ThreadCount=1
20160812 03343753  A trace RESTServerClass.TNoteServer(000C4A30) EndCurrentThread(THttpApiServer) ThreadID=00001B04 ThreadCount=0
20160812 03343753  $ trace RESTServerClass.TNoteServer(000C4A30) EndCurrentThread(THttpApiServer) ThreadID=00001A38 ThreadCount=30
20160812 03343753  = trace RESTServerClass.TNoteServer(000C4A30) EndCurrentThread(THttpApiServer) ThreadID=00001EF0 ThreadCount=4
20160812 03343753  : trace RESTServerClass.TNoteServer(000C4A30) EndCurrentThread(THttpApiServer) ThreadID=00002718 ThreadCount=8
20160812 03343753  3 trace RESTServerClass.TNoteServer(000C4A30) EndCurrentThread(THttpApiServer) ThreadID=00001774 ThreadCount=15
20160812 03343753  . trace RESTServerClass.TNoteServer(000C4A30) EndCurrentThread(THttpApiServer) ThreadID=000027D4 ThreadCount=19
20160812 03343753  + trace RESTServerClass.TNoteServer(000C4A30) EndCurrentThread(THttpApiServer) ThreadID=00002778 ThreadCount=23
20160812 03343753  ( trace RESTServerClass.TNoteServer(000C4A30) EndCurrentThread(THttpApiServer) ThreadID=00002434 ThreadCount=25
20160812 03343754  & trace RESTServerClass.TNoteServer(000C4A30) EndCurrentThread(THttpApiServer) ThreadID=0000045C ThreadCount=27
20160812 03343754  5 trace RESTServerClass.TNoteServer(000C4A30) EndCurrentThread(THttpApiServer) ThreadID=0000004C ThreadCount=13
20160812 03343754  , trace RESTServerClass.TNoteServer(000C4A30) EndCurrentThread(THttpApiServer) ThreadID=00000A1C ThreadCount=21
20160812 03343754  / trace RESTServerClass.TNoteServer(000C4A30) EndCurrentThread(THttpApiServer) ThreadID=00001610 ThreadCount=5
20160812 03343754  1 trace RESTServerClass.TNoteServer(000C4A30) EndCurrentThread(THttpApiServer) ThreadID=0000162C ThreadCount=17
20160812 03343754  !  +    RESTServerClass.TNoteServer(000C4A30).Shutdown CurrentRequestCount=0 File=
20160812 03343756  !  -    00.020.638
