C:\LIB\DELPHI_LIB\mORMot_LastestLz\SQLite3\Samples\28 - Simple RESTful ORM Server\project28.exe 0.0.0.0 (2016-08-11 07:17:48)Host=DESKTOP-LRSF58E User=xchinjo CPU=4*9-6-10759:FFFBEBBFFFE3BA1F0000000000 OS=15.0=6.2.9200 Wow64=0 Freq=2628198Environment variables=ALLUSERSPROFILE=C:\ProgramData	APPDATA=C:\Users\xchinjo\AppData\Roaming	asl.log=Destination=file	COLUMNS=80	CommonProgramFiles=C:\Program Files\Common Files	CommonProgramFiles(x86)=C:\Program Files (x86)\Common Files	CommonProgramW6432=C:\Program Files\Common Files	COMPUTERNAME=DESKTOP-LRSF58E	ComSpec=C:\Windows\system32\cmd.exe	ESET_OPTIONS=                                                                                                                                                                                                                                                                                                                                                                                                                                                                                                                               	HOMEDRIVE=C:	HOMEPATH=\Users\xchinjo	JAVA_HOME=C:\Program Files\Java\jdk1.8.0_66	LINES=24	LOCALAPPDATA=C:\Users\xchinjo\AppData\Local	LOGONSERVER=\\DESKTOP-LRSF58E	NUMBER_OF_PROCESSORS=4	OS=Windows_NT	Path=C:\ProgramData\Oracle\Java\javapath;C:\Program Files (x86)\Embarcadero\Studio\17.0\bin;C:\Users\Public\Documents\Embarcadero\Studio\17.0\Bpl;C:\Program Files (x86)\Embarcadero\Studio\17.0\bin64;C:\Users\Public\Documents\Embarcadero\Studio\17.0\Bpl\Win64;C:\Program Files (x86)\Embarcadero\Studio\15.0\bin;C:\Users\Public\Documents\Embarcadero\Studio\15.0\Bpl;C:\Program Files (x86)\Embarcadero\Studio\15.0\bin64;C:\Users\Public\Documents\Embarcadero\Studio\15.0\Bpl\Win64;C:\Program Files (x86)\Embarcadero\RAD Studio\12.0\bin;C:\Users\Public\Documents\RAD Studio\12.0\Bpl;C:\Program Files (x86)\Embarcadero\RAD Studio\12.0\bin64;C:\Users\Public\Documents\RAD Studio\12.0\Bpl\Win64;C:\Program Files (x86)\Embarcadero\RAD Studio\9.0\bin;C:\Users\Public\Documents\RAD Studio\9.0\Bpl;C:\Program Files (x86)\Embarcadero\RAD Studio\9.0\bin64;C:\Users\Public\Documents\RAD Studio\9.0\Bpl\Win64;C:\Program Files (x86)\Borland\Delphi7\Bin;C:\Program Files (x86)\Borland\Delphi7\Projects\Bpl\;C:\Windows\system32;C:\Windows;C:\Windows\System32\Wbem;C:\Windows\System32\WindowsPowerShell\v1.0\;C:\Program Files\OpenVPN\bin;C:\Program Files\TortoiseGit\bin;C:\Program Files\Microsoft SQL Server\110\DTS\Binn\;C:\Program Files (x86)\Microsoft SQL Server\110\Tools\Binn\;C:\Program Files\Microsoft SQL Server\110\Tools\Binn\;C:\Program Files (x86)\Microsoft SQL Server\110\Tools\Binn\ManagementStudio\;C:\Program Files (x86)\Microsoft Visual Studio 10.0\Common7\IDE\PrivateAssemblies\;C:\Program Files (x86)\Microsoft SQL Server\110\DTS\Binn\;C:\Program Files\nodejs\;C:\Program Files\MongoDB\Server\3.2\bin;C:\Program Files\TortoiseSVN\bin;C:\Program Files (x86)\Skype\Phone\;C:\Program Files (x86)\Common Files\Tom Sawyer Software\8.0.0;C:\LIB\JAVA_LIB\apache-maven-3.3.9\bin;C:\Users\xchinjo\AppData\Local\atom\bin;C:\Users\xchinjo\AppData\Roaming\npm	PATHEXT=.COM;.EXE;.BAT;.CMD;.VBS;.VBE;.JS;.JSE;.WSF;.WSH;.MSC	PROCESSOR_ARCHITECTURE=AMD64	PROCESSOR_IDENTIFIER=Intel64 Family 6 Model 42 Stepping 7, GenuineIntel	PROCESSOR_LEVEL=6	PROCESSOR_REVISION=2a07	ProgramData=C:\ProgramData	ProgramFiles=C:\Program Files	ProgramFiles(x86)=C:\Program Files (x86)	ProgramW6432=C:\Program Files	PSModulePath=C:\Program Files\WindowsPowerShell\Modules;C:\Windows\system32\WindowsPowerShell\v1.0\Modules;C:\Program Files (x86)\Microsoft SQL Server\110\Tools\PowerShell\Modules\	PUBLIC=C:\Users\Public	SESSIONNAME=Console	SystemDrive=C:	SystemRoot=C:\Windows	TEMP=C:\Users\xchinjo\AppData\Local\Temp	TMP=C:\Users\xchinjo\AppData\Local\Temp	TVT=C:\Program Files (x86)\Lenovo	USERDOMAIN=DESKTOP-LRSF58E	USERDOMAIN_ROAMINGPROFILE=DESKTOP-LRSF58E	USERNAME=xchinjo	USERPROFILE=C:\Users\xchinjo	VBOX_MSI_INSTALL_PATH=C:\Program Files\Oracle\VirtualBox\	windir=C:\WindowsTSQLLog 1.18.2833 FTS3 2016-08-11T00:17:5520160811 00175520  !  +    mORMotHttpServer.TSQLHttpServer(001BBC20).Create useHttpApiRegisteringURI (secNone) on port 888
20160811 00175520  !  -    00.003.285
20160811 00175521  ! http  mORMotHttpServer.TSQLHttpServer(001BBC20) http.sys registration of http://+:888/root
20160811 00175521  " info  SetThreadName 00001AD8=TSQLHttpServer 888/root THttpApiServer
20160811 00175521  " trace RESTServerClass.TNoteServer(00144A30) BeginCurrentThread(THttpApiServer) root=root ThreadID=00001AD8 ThreadCount=1
20160811 00175523  # info  SetThreadName 000023EC=TSQLHttpServer 888/root THttpApiServer
20160811 00175523  # trace RESTServerClass.TNoteServer(00144A30) BeginCurrentThread(THttpApiServer) root=root ThreadID=000023EC ThreadCount=2
20160811 00175523  $ info  SetThreadName 00001374=TSQLHttpServer 888/root THttpApiServer
20160811 00175523  $ trace RESTServerClass.TNoteServer(00144A30) BeginCurrentThread(THttpApiServer) root=root ThreadID=00001374 ThreadCount=3
20160811 00175523  % info  SetThreadName 00002070=TSQLHttpServer 888/root THttpApiServer
20160811 00175523  % trace RESTServerClass.TNoteServer(00144A30) BeginCurrentThread(THttpApiServer) root=root ThreadID=00002070 ThreadCount=4
20160811 00175523  ! http  mORMotHttpServer.TSQLHttpServer(001BBC20) {"THttpApiServer(0019AC00)":{"Cloned":false,"RegisteredUrl":"http://+:888/root/","HTTPQueueLength":1000,"MaxBandwidth":-1,"MaxConnections":-1,"APIVersion":"HTTP API 2.0","ServerName":"Synopse mORMot (Windows)","ProcessName":"root "}} initialized for root
20160811 00175523  & info  SetThreadName 00001B7C=TSQLHttpServer 888/root THttpApiServer
20160811 00175523  & trace RESTServerClass.TNoteServer(00144A30) BeginCurrentThread(THttpApiServer) root=root ThreadID=00001B7C ThreadCount=5
20160811 00175523  ' info  SetThreadName 000019AC=TSQLHttpServer 888/root THttpApiServer
20160811 00175523  ' trace RESTServerClass.TNoteServer(00144A30) BeginCurrentThread(THttpApiServer) root=root ThreadID=000019AC ThreadCount=6
20160811 00175523  ( info  SetThreadName 000021E8=TSQLHttpServer 888/root THttpApiServer
20160811 00175523  ( trace RESTServerClass.TNoteServer(00144A30) BeginCurrentThread(THttpApiServer) root=root ThreadID=000021E8 ThreadCount=7
20160811 00175523  ) info  SetThreadName 000015C4=TSQLHttpServer 888/root THttpApiServer
20160811 00175524  ) trace RESTServerClass.TNoteServer(00144A30) BeginCurrentThread(THttpApiServer) root=root ThreadID=000015C4 ThreadCount=8
20160811 00175524  * info  SetThreadName 00001FCC=TSQLHttpServer 888/root THttpApiServer
20160811 00175524  * trace RESTServerClass.TNoteServer(00144A30) BeginCurrentThread(THttpApiServer) root=root ThreadID=00001FCC ThreadCount=9
20160811 00175524  + info  SetThreadName 00000930=TSQLHttpServer 888/root THttpApiServer
20160811 00175524  + trace RESTServerClass.TNoteServer(00144A30) BeginCurrentThread(THttpApiServer) root=root ThreadID=00000930 ThreadCount=10
20160811 00175524  , info  SetThreadName 00001244=TSQLHttpServer 888/root THttpApiServer
20160811 00175524  , trace RESTServerClass.TNoteServer(00144A30) BeginCurrentThread(THttpApiServer) root=root ThreadID=00001244 ThreadCount=11
20160811 00175524  - info  SetThreadName 0000222C=TSQLHttpServer 888/root THttpApiServer
20160811 00175524  - trace RESTServerClass.TNoteServer(00144A30) BeginCurrentThread(THttpApiServer) root=root ThreadID=0000222C ThreadCount=12
20160811 00175524  . info  SetThreadName 00001AE4=TSQLHttpServer 888/root THttpApiServer
20160811 00175524  . trace RESTServerClass.TNoteServer(00144A30) BeginCurrentThread(THttpApiServer) root=root ThreadID=00001AE4 ThreadCount=13
20160811 00175524  / info  SetThreadName 000012AC=TSQLHttpServer 888/root THttpApiServer
20160811 00175524  / trace RESTServerClass.TNoteServer(00144A30) BeginCurrentThread(THttpApiServer) root=root ThreadID=000012AC ThreadCount=14
20160811 00175524  0 info  SetThreadName 00001F70=TSQLHttpServer 888/root THttpApiServer
20160811 00175524  0 trace RESTServerClass.TNoteServer(00144A30) BeginCurrentThread(THttpApiServer) root=root ThreadID=00001F70 ThreadCount=15
20160811 00175524  1 info  SetThreadName 00000358=TSQLHttpServer 888/root THttpApiServer
20160811 00175524  1 trace RESTServerClass.TNoteServer(00144A30) BeginCurrentThread(THttpApiServer) root=root ThreadID=00000358 ThreadCount=16
20160811 00175525  2 info  SetThreadName 00001FB0=TSQLHttpServer 888/root THttpApiServer
20160811 00175525  2 trace RESTServerClass.TNoteServer(00144A30) BeginCurrentThread(THttpApiServer) root=root ThreadID=00001FB0 ThreadCount=17
20160811 00175525  3 info  SetThreadName 00002370=TSQLHttpServer 888/root THttpApiServer
20160811 00175525  3 trace RESTServerClass.TNoteServer(00144A30) BeginCurrentThread(THttpApiServer) root=root ThreadID=00002370 ThreadCount=18
20160811 00175525  4 info  SetThreadName 00000644=TSQLHttpServer 888/root THttpApiServer
20160811 00175525  4 trace RESTServerClass.TNoteServer(00144A30) BeginCurrentThread(THttpApiServer) root=root ThreadID=00000644 ThreadCount=19
20160811 00175525  5 info  SetThreadName 000019A4=TSQLHttpServer 888/root THttpApiServer
20160811 00175525  5 trace RESTServerClass.TNoteServer(00144A30) BeginCurrentThread(THttpApiServer) root=root ThreadID=000019A4 ThreadCount=20
20160811 00175525  6 info  SetThreadName 00000D18=TSQLHttpServer 888/root THttpApiServer
20160811 00175525  6 trace RESTServerClass.TNoteServer(00144A30) BeginCurrentThread(THttpApiServer) root=root ThreadID=00000D18 ThreadCount=21
20160811 00175525  7 info  SetThreadName 00001294=TSQLHttpServer 888/root THttpApiServer
20160811 00175525  7 trace RESTServerClass.TNoteServer(00144A30) BeginCurrentThread(THttpApiServer) root=root ThreadID=00001294 ThreadCount=22
20160811 00175525  8 info  SetThreadName 00001818=TSQLHttpServer 888/root THttpApiServer
20160811 00175525  8 trace RESTServerClass.TNoteServer(00144A30) BeginCurrentThread(THttpApiServer) root=root ThreadID=00001818 ThreadCount=23
20160811 00175525  9 info  SetThreadName 00002040=TSQLHttpServer 888/root THttpApiServer
20160811 00175525  : info  SetThreadName 00000F88=TSQLHttpServer 888/root THttpApiServer
20160811 00175525  : trace RESTServerClass.TNoteServer(00144A30) BeginCurrentThread(THttpApiServer) root=root ThreadID=00000F88 ThreadCount=25
20160811 00175525  ; info  SetThreadName 0000120C=TSQLHttpServer 888/root THttpApiServer
20160811 00175525  ; trace RESTServerClass.TNoteServer(00144A30) BeginCurrentThread(THttpApiServer) root=root ThreadID=0000120C ThreadCount=26
20160811 00175525  < info  SetThreadName 000021E0=TSQLHttpServer 888/root THttpApiServer
20160811 00175525  < trace RESTServerClass.TNoteServer(00144A30) BeginCurrentThread(THttpApiServer) root=root ThreadID=000021E0 ThreadCount=27
20160811 00175526  = info  SetThreadName 0000217C=TSQLHttpServer 888/root THttpApiServer
20160811 00175526  = trace RESTServerClass.TNoteServer(00144A30) BeginCurrentThread(THttpApiServer) root=root ThreadID=0000217C ThreadCount=28
20160811 00175526  9 trace RESTServerClass.TNoteServer(00144A30) BeginCurrentThread(THttpApiServer) root=root ThreadID=00002040 ThreadCount=24
20160811 00175526  > info  SetThreadName 00002278=TSQLHttpServer 888/root THttpApiServer
20160811 00175526  > trace RESTServerClass.TNoteServer(00144A30) BeginCurrentThread(THttpApiServer) root=root ThreadID=00002278 ThreadCount=29
20160811 00175526  ? info  SetThreadName 00001970=TSQLHttpServer 888/root THttpApiServer
20160811 00175526  ? trace RESTServerClass.TNoteServer(00144A30) BeginCurrentThread(THttpApiServer) root=root ThreadID=00001970 ThreadCount=30
20160811 00175526  @ info  SetThreadName 000000AC=TSQLHttpServer 888/root THttpApiServer
20160811 00175526  @ trace RESTServerClass.TNoteServer(00144A30) BeginCurrentThread(THttpApiServer) root=root ThreadID=000000AC ThreadCount=31
20160811 00175526  A info  SetThreadName 000014CC=TSQLHttpServer 888/root THttpApiServer
20160811 00175526  A trace RESTServerClass.TNoteServer(00144A30) BeginCurrentThread(THttpApiServer) root=root ThreadID=000014CC ThreadCount=32
20160811 00175720  !  +    mORMotHttpServer.TSQLHttpServer(001BBC20).00000001000E6E45 
20160811 00175720  !  -    00.000.699
20160811 00175720  ! http  mORMotHttpServer.TSQLHttpServer(001BBC20) {"THttpApiServer(0019AC00)":{"Cloned":false,"RegisteredUrl":"http://+:888/root/","HTTPQueueLength":1000,"MaxBandwidth":-1,"MaxConnections":-1,"APIVersion":"HTTP API 2.0","ServerName":"Synopse mORMot (Windows)","ProcessName":"root "}} finalized for 1 server(s)
20160811 00175720  " trace RESTServerClass.TNoteServer(00144A30) EndCurrentThread(THttpApiServer) ThreadID=00001AD8 ThreadCount=31
20160811 00175720  % trace RESTServerClass.TNoteServer(00144A30) EndCurrentThread(THttpApiServer) ThreadID=00002070 ThreadCount=29
20160811 00175720  & trace RESTServerClass.TNoteServer(00144A30) EndCurrentThread(THttpApiServer) ThreadID=00001B7C ThreadCount=27
20160811 00175720  * trace RESTServerClass.TNoteServer(00144A30) EndCurrentThread(THttpApiServer) ThreadID=00001FCC ThreadCount=25
20160811 00175720  , trace RESTServerClass.TNoteServer(00144A30) EndCurrentThread(THttpApiServer) ThreadID=00001244 ThreadCount=22
20160811 00175720  ( trace RESTServerClass.TNoteServer(00144A30) EndCurrentThread(THttpApiServer) ThreadID=000021E8 ThreadCount=23
20160811 00175720  ' trace RESTServerClass.TNoteServer(00144A30) EndCurrentThread(THttpApiServer) ThreadID=000019AC ThreadCount=24
20160811 00175720  0 trace RESTServerClass.TNoteServer(00144A30) EndCurrentThread(THttpApiServer) ThreadID=00001F70 ThreadCount=19
20160811 00175720  1 trace RESTServerClass.TNoteServer(00144A30) EndCurrentThread(THttpApiServer) ThreadID=00000358 ThreadCount=18
20160811 00175720  3 trace RESTServerClass.TNoteServer(00144A30) EndCurrentThread(THttpApiServer) ThreadID=00002370 ThreadCount=16
20160811 00175720  4 trace RESTServerClass.TNoteServer(00144A30) EndCurrentThread(THttpApiServer) ThreadID=00000644 ThreadCount=15
20160811 00175720  5 trace RESTServerClass.TNoteServer(00144A30) EndCurrentThread(THttpApiServer) ThreadID=000019A4 ThreadCount=14
20160811 00175720  7 trace RESTServerClass.TNoteServer(00144A30) EndCurrentThread(THttpApiServer) ThreadID=00001294 ThreadCount=12
20160811 00175720  8 trace RESTServerClass.TNoteServer(00144A30) EndCurrentThread(THttpApiServer) ThreadID=00001818 ThreadCount=11
20160811 00175720  : trace RESTServerClass.TNoteServer(00144A30) EndCurrentThread(THttpApiServer) ThreadID=00000F88 ThreadCount=10
20160811 00175720  ; trace RESTServerClass.TNoteServer(00144A30) EndCurrentThread(THttpApiServer) ThreadID=0000120C ThreadCount=9
20160811 00175720  2 trace RESTServerClass.TNoteServer(00144A30) EndCurrentThread(THttpApiServer) ThreadID=00001FB0 ThreadCount=17
20160811 00175720  6 trace RESTServerClass.TNoteServer(00144A30) EndCurrentThread(THttpApiServer) ThreadID=00000D18 ThreadCount=13
20160811 00175721  9 trace RESTServerClass.TNoteServer(00144A30) EndCurrentThread(THttpApiServer) ThreadID=00002040 ThreadCount=6
20160811 00175721  ? trace RESTServerClass.TNoteServer(00144A30) EndCurrentThread(THttpApiServer) ThreadID=00001970 ThreadCount=4
20160811 00175721  < trace RESTServerClass.TNoteServer(00144A30) EndCurrentThread(THttpApiServer) ThreadID=000021E0 ThreadCount=8
20160811 00175721  . trace RESTServerClass.TNoteServer(00144A30) EndCurrentThread(THttpApiServer) ThreadID=00001AE4 ThreadCount=21
20160811 00175721  / trace RESTServerClass.TNoteServer(00144A30) EndCurrentThread(THttpApiServer) ThreadID=000012AC ThreadCount=1
20160811 00175721  ) trace RESTServerClass.TNoteServer(00144A30) EndCurrentThread(THttpApiServer) ThreadID=000015C4 ThreadCount=26
20160811 00175721  @ trace RESTServerClass.TNoteServer(00144A30) EndCurrentThread(THttpApiServer) ThreadID=000000AC ThreadCount=3
20160811 00175721  = trace RESTServerClass.TNoteServer(00144A30) EndCurrentThread(THttpApiServer) ThreadID=0000217C ThreadCount=0
20160811 00175721  + trace RESTServerClass.TNoteServer(00144A30) EndCurrentThread(THttpApiServer) ThreadID=00000930 ThreadCount=20
20160811 00175721  > trace RESTServerClass.TNoteServer(00144A30) EndCurrentThread(THttpApiServer) ThreadID=00002278 ThreadCount=5
20160811 00175721  $ trace RESTServerClass.TNoteServer(00144A30) EndCurrentThread(THttpApiServer) ThreadID=00001374 ThreadCount=30
20160811 00175721  A trace RESTServerClass.TNoteServer(00144A30) EndCurrentThread(THttpApiServer) ThreadID=000014CC ThreadCount=2
20160811 00175722  # trace RESTServerClass.TNoteServer(00144A30) EndCurrentThread(THttpApiServer) ThreadID=000023EC ThreadCount=28
20160811 00175722  - trace RESTServerClass.TNoteServer(00144A30) EndCurrentThread(THttpApiServer) ThreadID=0000222C ThreadCount=7
20160811 00175722  !  +    RESTServerClass.TNoteServer(00144A30).Shutdown CurrentRequestCount=0 File=
20160811 00175722  !  -    00.006.248
