C:\LIB\DELPHI_LIB\mORMot_LastestLz\SQLite3\Samples\28 - Simple RESTful ORM Server\project28.exe 0.0.0.0 (2016-08-10 18:27:57)Host=DESKTOP-LRSF58E User=xchinjo CPU=4*9-6-10759:FFFBEBBFFFE3BA1F0000000000 OS=15.0=6.2.9200 Wow64=0 Freq=2628192Environment variables=ALLUSERSPROFILE=C:\ProgramData	APPDATA=C:\Users\xchinjo\AppData\Roaming	asl.log=Destination=file	COLUMNS=80	CommonProgramFiles=C:\Program Files\Common Files	CommonProgramFiles(x86)=C:\Program Files (x86)\Common Files	CommonProgramW6432=C:\Program Files\Common Files	COMPUTERNAME=DESKTOP-LRSF58E	ComSpec=C:\Windows\system32\cmd.exe	ESET_OPTIONS=                                                                                                                                                                                                                                                                                                                                                                                                                                                                                                                               	HOMEDRIVE=C:	HOMEPATH=\Users\xchinjo	JAVA_HOME=C:\Program Files\Java\jdk1.8.0_66	LINES=24	LOCALAPPDATA=C:\Users\xchinjo\AppData\Local	LOGONSERVER=\\DESKTOP-LRSF58E	NUMBER_OF_PROCESSORS=4	OS=Windows_NT	Path=C:\ProgramData\Oracle\Java\javapath;C:\Program Files (x86)\Embarcadero\Studio\17.0\bin;C:\Users\Public\Documents\Embarcadero\Studio\17.0\Bpl;C:\Program Files (x86)\Embarcadero\Studio\17.0\bin64;C:\Users\Public\Documents\Embarcadero\Studio\17.0\Bpl\Win64;C:\Program Files (x86)\Embarcadero\Studio\15.0\bin;C:\Users\Public\Documents\Embarcadero\Studio\15.0\Bpl;C:\Program Files (x86)\Embarcadero\Studio\15.0\bin64;C:\Users\Public\Documents\Embarcadero\Studio\15.0\Bpl\Win64;C:\Program Files (x86)\Embarcadero\RAD Studio\12.0\bin;C:\Users\Public\Documents\RAD Studio\12.0\Bpl;C:\Program Files (x86)\Embarcadero\RAD Studio\12.0\bin64;C:\Users\Public\Documents\RAD Studio\12.0\Bpl\Win64;C:\Program Files (x86)\Embarcadero\RAD Studio\9.0\bin;C:\Users\Public\Documents\RAD Studio\9.0\Bpl;C:\Program Files (x86)\Embarcadero\RAD Studio\9.0\bin64;C:\Users\Public\Documents\RAD Studio\9.0\Bpl\Win64;C:\Program Files (x86)\Borland\Delphi7\Bin;C:\Program Files (x86)\Borland\Delphi7\Projects\Bpl\;C:\Windows\system32;C:\Windows;C:\Windows\System32\Wbem;C:\Windows\System32\WindowsPowerShell\v1.0\;C:\Program Files\OpenVPN\bin;C:\Program Files\TortoiseGit\bin;C:\Program Files\Microsoft SQL Server\110\DTS\Binn\;C:\Program Files (x86)\Microsoft SQL Server\110\Tools\Binn\;C:\Program Files\Microsoft SQL Server\110\Tools\Binn\;C:\Program Files (x86)\Microsoft SQL Server\110\Tools\Binn\ManagementStudio\;C:\Program Files (x86)\Microsoft Visual Studio 10.0\Common7\IDE\PrivateAssemblies\;C:\Program Files (x86)\Microsoft SQL Server\110\DTS\Binn\;C:\Program Files\nodejs\;C:\Program Files\MongoDB\Server\3.2\bin;C:\Program Files\TortoiseSVN\bin;C:\Program Files (x86)\Skype\Phone\;C:\Program Files (x86)\Common Files\Tom Sawyer Software\8.0.0;C:\LIB\JAVA_LIB\apache-maven-3.3.9\bin;C:\Users\xchinjo\AppData\Local\atom\bin;C:\Users\xchinjo\AppData\Roaming\npm	PATHEXT=.COM;.EXE;.BAT;.CMD;.VBS;.VBE;.JS;.JSE;.WSF;.WSH;.MSC	PROCESSOR_ARCHITECTURE=AMD64	PROCESSOR_IDENTIFIER=Intel64 Family 6 Model 42 Stepping 7, GenuineIntel	PROCESSOR_LEVEL=6	PROCESSOR_REVISION=2a07	ProgramData=C:\ProgramData	ProgramFiles=C:\Program Files	ProgramFiles(x86)=C:\Program Files (x86)	ProgramW6432=C:\Program Files	PSModulePath=C:\Program Files\WindowsPowerShell\Modules;C:\Windows\system32\WindowsPowerShell\v1.0\Modules;C:\Program Files (x86)\Microsoft SQL Server\110\Tools\PowerShell\Modules\	PUBLIC=C:\Users\Public	SESSIONNAME=Console	SystemDrive=C:	SystemRoot=C:\Windows	TEMP=C:\Users\xchinjo\AppData\Local\Temp	TMP=C:\Users\xchinjo\AppData\Local\Temp	TVT=C:\Program Files (x86)\Lenovo	USERDOMAIN=DESKTOP-LRSF58E	USERDOMAIN_ROAMINGPROFILE=DESKTOP-LRSF58E	USERNAME=xchinjo	USERPROFILE=C:\Users\xchinjo	VBOX_MSI_INSTALL_PATH=C:\Program Files\Oracle\VirtualBox\	windir=C:\WindowsTSQLLog 1.18.2833 FTS3 2016-08-10T11:28:0120160810 11280116  !  +    mORMotHttpServer.TSQLHttpServer(0163BC20).Create useHttpApiRegisteringURI (secNone) on port 888
20160810 11280116  !  -    00.000.625
20160810 11280116  ! http  mORMotHttpServer.TSQLHttpServer(0163BC20) http.sys registration of http://+:888/root
20160810 11280116  " info  SetThreadName 000020C8=TSQLHttpServer 888/root THttpApiServer
20160810 11280116  " trace RESTServerClass.TNoteServer(015C4A30) BeginCurrentThread(THttpApiServer) root=root ThreadID=000020C8 ThreadCount=1
20160810 11280117  # info  SetThreadName 000019B0=TSQLHttpServer 888/root THttpApiServer
20160810 11280117  # trace RESTServerClass.TNoteServer(015C4A30) BeginCurrentThread(THttpApiServer) root=root ThreadID=000019B0 ThreadCount=2
20160810 11280117  $ info  SetThreadName 00000AC4=TSQLHttpServer 888/root THttpApiServer
20160810 11280117  $ trace RESTServerClass.TNoteServer(015C4A30) BeginCurrentThread(THttpApiServer) root=root ThreadID=00000AC4 ThreadCount=3
20160810 11280117  % info  SetThreadName 00002090=TSQLHttpServer 888/root THttpApiServer
20160810 11280118  % trace RESTServerClass.TNoteServer(015C4A30) BeginCurrentThread(THttpApiServer) root=root ThreadID=00002090 ThreadCount=4
20160810 11280118  & info  SetThreadName 00001844=TSQLHttpServer 888/root THttpApiServer
20160810 11280118  & trace RESTServerClass.TNoteServer(015C4A30) BeginCurrentThread(THttpApiServer) root=root ThreadID=00001844 ThreadCount=5
20160810 11280118  ! http  mORMotHttpServer.TSQLHttpServer(0163BC20) {"THttpApiServer(0161AC00)":{"Cloned":false,"RegisteredUrl":"http://+:888/root/","HTTPQueueLength":1000,"MaxBandwidth":-1,"MaxConnections":-1,"APIVersion":"HTTP API 2.0","ServerName":"Synopse mORMot (Windows)","ProcessName":"root "}} initialized for root
20160810 11280118  ' info  SetThreadName 00001F50=TSQLHttpServer 888/root THttpApiServer
20160810 11280118  ' trace RESTServerClass.TNoteServer(015C4A30) BeginCurrentThread(THttpApiServer) root=root ThreadID=00001F50 ThreadCount=6
20160810 11280118  ( info  SetThreadName 00001F5C=TSQLHttpServer 888/root THttpApiServer
20160810 11280118  ( trace RESTServerClass.TNoteServer(015C4A30) BeginCurrentThread(THttpApiServer) root=root ThreadID=00001F5C ThreadCount=7
20160810 11280118  ) info  SetThreadName 0000063C=TSQLHttpServer 888/root THttpApiServer
20160810 11280118  ) trace RESTServerClass.TNoteServer(015C4A30) BeginCurrentThread(THttpApiServer) root=root ThreadID=0000063C ThreadCount=8
20160810 11280118  * info  SetThreadName 00000574=TSQLHttpServer 888/root THttpApiServer
20160810 11280118  * trace RESTServerClass.TNoteServer(015C4A30) BeginCurrentThread(THttpApiServer) root=root ThreadID=00000574 ThreadCount=9
20160810 11280118  + info  SetThreadName 0000162C=TSQLHttpServer 888/root THttpApiServer
20160810 11280118  + trace RESTServerClass.TNoteServer(015C4A30) BeginCurrentThread(THttpApiServer) root=root ThreadID=0000162C ThreadCount=10
20160810 11280118  , info  SetThreadName 000023EC=TSQLHttpServer 888/root THttpApiServer
20160810 11280118  , trace RESTServerClass.TNoteServer(015C4A30) BeginCurrentThread(THttpApiServer) root=root ThreadID=000023EC ThreadCount=11
20160810 11280118  - info  SetThreadName 00001F38=TSQLHttpServer 888/root THttpApiServer
20160810 11280118  - trace RESTServerClass.TNoteServer(015C4A30) BeginCurrentThread(THttpApiServer) root=root ThreadID=00001F38 ThreadCount=12
20160810 11280118  . info  SetThreadName 00001534=TSQLHttpServer 888/root THttpApiServer
20160810 11280118  . trace RESTServerClass.TNoteServer(015C4A30) BeginCurrentThread(THttpApiServer) root=root ThreadID=00001534 ThreadCount=13
20160810 11280118  / info  SetThreadName 000021B8=TSQLHttpServer 888/root THttpApiServer
20160810 11280118  / trace RESTServerClass.TNoteServer(015C4A30) BeginCurrentThread(THttpApiServer) root=root ThreadID=000021B8 ThreadCount=14
20160810 11280118  0 info  SetThreadName 000020D4=TSQLHttpServer 888/root THttpApiServer
20160810 11280119  0 trace RESTServerClass.TNoteServer(015C4A30) BeginCurrentThread(THttpApiServer) root=root ThreadID=000020D4 ThreadCount=15
20160810 11280119  1 info  SetThreadName 000020D8=TSQLHttpServer 888/root THttpApiServer
20160810 11280119  1 trace RESTServerClass.TNoteServer(015C4A30) BeginCurrentThread(THttpApiServer) root=root ThreadID=000020D8 ThreadCount=16
20160810 11280119  2 info  SetThreadName 00001A18=TSQLHttpServer 888/root THttpApiServer
20160810 11280119  2 trace RESTServerClass.TNoteServer(015C4A30) BeginCurrentThread(THttpApiServer) root=root ThreadID=00001A18 ThreadCount=17
20160810 11280119  3 info  SetThreadName 00000E58=TSQLHttpServer 888/root THttpApiServer
20160810 11280119  3 trace RESTServerClass.TNoteServer(015C4A30) BeginCurrentThread(THttpApiServer) root=root ThreadID=00000E58 ThreadCount=18
20160810 11280119  4 info  SetThreadName 000023F0=TSQLHttpServer 888/root THttpApiServer
20160810 11280119  4 trace RESTServerClass.TNoteServer(015C4A30) BeginCurrentThread(THttpApiServer) root=root ThreadID=000023F0 ThreadCount=19
20160810 11280119  5 info  SetThreadName 00001BC0=TSQLHttpServer 888/root THttpApiServer
20160810 11280119  5 trace RESTServerClass.TNoteServer(015C4A30) BeginCurrentThread(THttpApiServer) root=root ThreadID=00001BC0 ThreadCount=20
20160810 11280119  6 info  SetThreadName 00000B18=TSQLHttpServer 888/root THttpApiServer
20160810 11280119  6 trace RESTServerClass.TNoteServer(015C4A30) BeginCurrentThread(THttpApiServer) root=root ThreadID=00000B18 ThreadCount=21
20160810 11280119  7 info  SetThreadName 000019A4=TSQLHttpServer 888/root THttpApiServer
20160810 11280119  7 trace RESTServerClass.TNoteServer(015C4A30) BeginCurrentThread(THttpApiServer) root=root ThreadID=000019A4 ThreadCount=22
20160810 11280119  8 info  SetThreadName 00001968=TSQLHttpServer 888/root THttpApiServer
20160810 11280119  8 trace RESTServerClass.TNoteServer(015C4A30) BeginCurrentThread(THttpApiServer) root=root ThreadID=00001968 ThreadCount=23
20160810 11280120  9 info  SetThreadName 000007BC=TSQLHttpServer 888/root THttpApiServer
20160810 11280120  9 trace RESTServerClass.TNoteServer(015C4A30) BeginCurrentThread(THttpApiServer) root=root ThreadID=000007BC ThreadCount=24
20160810 11280120  : info  SetThreadName 00002104=TSQLHttpServer 888/root THttpApiServer
20160810 11280120  : trace RESTServerClass.TNoteServer(015C4A30) BeginCurrentThread(THttpApiServer) root=root ThreadID=00002104 ThreadCount=25
20160810 11280120  ; info  SetThreadName 00000E38=TSQLHttpServer 888/root THttpApiServer
20160810 11280120  < info  SetThreadName 00001690=TSQLHttpServer 888/root THttpApiServer
20160810 11280120  < trace RESTServerClass.TNoteServer(015C4A30) BeginCurrentThread(THttpApiServer) root=root ThreadID=00001690 ThreadCount=27
20160810 11280120  = info  SetThreadName 000000D4=TSQLHttpServer 888/root THttpApiServer
20160810 11280120  = trace RESTServerClass.TNoteServer(015C4A30) BeginCurrentThread(THttpApiServer) root=root ThreadID=000000D4 ThreadCount=28
20160810 11280120  > info  SetThreadName 000008B8=TSQLHttpServer 888/root THttpApiServer
20160810 11280120  > trace RESTServerClass.TNoteServer(015C4A30) BeginCurrentThread(THttpApiServer) root=root ThreadID=000008B8 ThreadCount=29
20160810 11280120  ; trace RESTServerClass.TNoteServer(015C4A30) BeginCurrentThread(THttpApiServer) root=root ThreadID=00000E38 ThreadCount=26
20160810 11280120  ? info  SetThreadName 00001B7C=TSQLHttpServer 888/root THttpApiServer
20160810 11280120  ? trace RESTServerClass.TNoteServer(015C4A30) BeginCurrentThread(THttpApiServer) root=root ThreadID=00001B7C ThreadCount=30
20160810 11280120  @ info  SetThreadName 00001AE0=TSQLHttpServer 888/root THttpApiServer
20160810 11280120  @ trace RESTServerClass.TNoteServer(015C4A30) BeginCurrentThread(THttpApiServer) root=root ThreadID=00001AE0 ThreadCount=31
20160810 11280120  A info  SetThreadName 00000C70=TSQLHttpServer 888/root THttpApiServer
20160810 11280120  A trace RESTServerClass.TNoteServer(015C4A30) BeginCurrentThread(THttpApiServer) root=root ThreadID=00000C70 ThreadCount=32
20160810 11281261  !  +    mORMotHttpServer.TSQLHttpServer(0163BC20).00000001000E6E45 
20160810 11281261  !  -    00.000.270
20160810 11281261  ! http  mORMotHttpServer.TSQLHttpServer(0163BC20) {"THttpApiServer(0161AC00)":{"Cloned":false,"RegisteredUrl":"http://+:888/root/","HTTPQueueLength":1000,"MaxBandwidth":-1,"MaxConnections":-1,"APIVersion":"HTTP API 2.0","ServerName":"Synopse mORMot (Windows)","ProcessName":"root "}} finalized for 1 server(s)
20160810 11281261  $ trace RESTServerClass.TNoteServer(015C4A30) EndCurrentThread(THttpApiServer) ThreadID=00000AC4 ThreadCount=31
20160810 11281261  " trace RESTServerClass.TNoteServer(015C4A30) EndCurrentThread(THttpApiServer) ThreadID=000020C8 ThreadCount=30
20160810 11281261  & trace RESTServerClass.TNoteServer(015C4A30) EndCurrentThread(THttpApiServer) ThreadID=00001844 ThreadCount=28
20160810 11281261  % trace RESTServerClass.TNoteServer(015C4A30) EndCurrentThread(THttpApiServer) ThreadID=00002090 ThreadCount=27
20160810 11281261  ' trace RESTServerClass.TNoteServer(015C4A30) EndCurrentThread(THttpApiServer) ThreadID=00001F50 ThreadCount=25
20160810 11281261  ) trace RESTServerClass.TNoteServer(015C4A30) EndCurrentThread(THttpApiServer) ThreadID=0000063C ThreadCount=26
20160810 11281261  # trace RESTServerClass.TNoteServer(015C4A30) EndCurrentThread(THttpApiServer) ThreadID=000019B0 ThreadCount=29
20160810 11281261  A trace RESTServerClass.TNoteServer(015C4A30) EndCurrentThread(THttpApiServer) ThreadID=00000C70 ThreadCount=0
20160810 11281261  @ trace RESTServerClass.TNoteServer(015C4A30) EndCurrentThread(THttpApiServer) ThreadID=00001AE0 ThreadCount=1
20160810 11281261  ; trace RESTServerClass.TNoteServer(015C4A30) EndCurrentThread(THttpApiServer) ThreadID=00000E38 ThreadCount=3
20160810 11281261  > trace RESTServerClass.TNoteServer(015C4A30) EndCurrentThread(THttpApiServer) ThreadID=000008B8 ThreadCount=4
20160810 11281261  < trace RESTServerClass.TNoteServer(015C4A30) EndCurrentThread(THttpApiServer) ThreadID=00001690 ThreadCount=6
20160810 11281262  : trace RESTServerClass.TNoteServer(015C4A30) EndCurrentThread(THttpApiServer) ThreadID=00002104 ThreadCount=7
20160810 11281262  8 trace RESTServerClass.TNoteServer(015C4A30) EndCurrentThread(THttpApiServer) ThreadID=00001968 ThreadCount=10
20160810 11281262  6 trace RESTServerClass.TNoteServer(015C4A30) EndCurrentThread(THttpApiServer) ThreadID=00000B18 ThreadCount=12
20160810 11281262  7 trace RESTServerClass.TNoteServer(015C4A30) EndCurrentThread(THttpApiServer) ThreadID=000019A4 ThreadCount=11
20160810 11281262  5 trace RESTServerClass.TNoteServer(015C4A30) EndCurrentThread(THttpApiServer) ThreadID=00001BC0 ThreadCount=13
20160810 11281262  3 trace RESTServerClass.TNoteServer(015C4A30) EndCurrentThread(THttpApiServer) ThreadID=00000E58 ThreadCount=15
20160810 11281262  2 trace RESTServerClass.TNoteServer(015C4A30) EndCurrentThread(THttpApiServer) ThreadID=00001A18 ThreadCount=16
20160810 11281262  1 trace RESTServerClass.TNoteServer(015C4A30) EndCurrentThread(THttpApiServer) ThreadID=000020D8 ThreadCount=17
20160810 11281262  0 trace RESTServerClass.TNoteServer(015C4A30) EndCurrentThread(THttpApiServer) ThreadID=000020D4 ThreadCount=18
20160810 11281262  . trace RESTServerClass.TNoteServer(015C4A30) EndCurrentThread(THttpApiServer) ThreadID=00001534 ThreadCount=20
20160810 11281262  , trace RESTServerClass.TNoteServer(015C4A30) EndCurrentThread(THttpApiServer) ThreadID=000023EC ThreadCount=22
20160810 11281262  ( trace RESTServerClass.TNoteServer(015C4A30) EndCurrentThread(THttpApiServer) ThreadID=00001F5C ThreadCount=9
20160810 11281262  ? trace RESTServerClass.TNoteServer(015C4A30) EndCurrentThread(THttpApiServer) ThreadID=00001B7C ThreadCount=2
20160810 11281262  9 trace RESTServerClass.TNoteServer(015C4A30) EndCurrentThread(THttpApiServer) ThreadID=000007BC ThreadCount=8
20160810 11281300  / trace RESTServerClass.TNoteServer(015C4A30) EndCurrentThread(THttpApiServer) ThreadID=000021B8 ThreadCount=19
20160810 11281300  + trace RESTServerClass.TNoteServer(015C4A30) EndCurrentThread(THttpApiServer) ThreadID=0000162C ThreadCount=23
20160810 11281300  = trace RESTServerClass.TNoteServer(015C4A30) EndCurrentThread(THttpApiServer) ThreadID=000000D4 ThreadCount=5
20160810 11281300  - trace RESTServerClass.TNoteServer(015C4A30) EndCurrentThread(THttpApiServer) ThreadID=00001F38 ThreadCount=21
20160810 11281300  4 trace RESTServerClass.TNoteServer(015C4A30) EndCurrentThread(THttpApiServer) ThreadID=000023F0 ThreadCount=14
20160810 11281300  * trace RESTServerClass.TNoteServer(015C4A30) EndCurrentThread(THttpApiServer) ThreadID=00000574 ThreadCount=24
20160810 11281300  !  +    RESTServerClass.TNoteServer(015C4A30).Shutdown CurrentRequestCount=0 File=
20160810 11281301  !  -    00.006.313
