D:\SourceCode\ABCSoft\RestWebapp\mORMotServerLz\sam001.exe 0.0.0.0 (2017-01-19 23:51:32)Host=JONIT440P User=xchinjo CPU=4*9-6-15363:FFFBEBBFFFFBFA7FAB27000000 OS=15.0=6.2.9200 Wow64=0 Freq=2825501Environment variables=ALLUSERSPROFILE=C:\ProgramData	APPDATA=C:\Users\xchinjo\AppData\Roaming	COLUMNS=80	CommonProgramFiles=C:\Program Files\Common Files	CommonProgramFiles(x86)=C:\Program Files (x86)\Common Files	CommonProgramW6432=C:\Program Files\Common Files	COMPUTERNAME=JONIT440P	ComSpec=C:\WINDOWS\system32\cmd.exe	ESET_OPTIONS=                                                                                                                                                                                                                                                                                                                                                                                                                                                                                                                               	FPS_BROWSER_APP_PROFILE_STRING=Internet Explorer	FPS_BROWSER_USER_PROFILE_STRING=Default	HOMEDRIVE=C:	HOMEPATH=\Users\xchinjo	LINES=24	LOCALAPPDATA=C:\Users\xchinjo\AppData\Local	LOGONSERVER=\\JONIT440P	NLS_LANG=THAI_THAILAND.TH8TISASCII	NUMBER_OF_PROCESSORS=4	OneDrive=C:\Users\xchinjo\OneDrive	ORACLE_HOME=D:\app\xchinjo\product\11.2.0\dbhome_1	OS=Windows_NT	Path=D:\Oracle\OracleInstantClient;C:\ProgramData\Oracle\Java\javapath;C:\Program Files (x86)\Embarcadero\Studio\18.0\bin;C:\Users\Public\Documents\Embarcadero\Studio\18.0\Bpl;C:\Program Files (x86)\Embarcadero\Studio\18.0\bin64;C:\Users\Public\Documents\Embarcadero\Studio\18.0\Bpl\Win64;C:\Program Files (x86)\Embarcadero\Studio\17.0\bin;C:\Users\Public\Documents\Embarcadero\Studio\17.0\Bpl;C:\Program Files (x86)\Embarcadero\Studio\17.0\bin64;C:\Users\Public\Documents\Embarcadero\Studio\17.0\Bpl\Win64;C:\Program Files (x86)\Embarcadero\Studio\15.0\bin;C:\Users\Public\Documents\Embarcadero\Studio\15.0\Bpl;C:\Program Files (x86)\Embarcadero\Studio\15.0\bin64;C:\Users\Public\Documents\Embarcadero\Studio\15.0\Bpl\Win64;C:\Program Files (x86)\Embarcadero\RAD Studio\12.0\bin;C:\Users\Public\Documents\RAD Studio\12.0\Bpl;C:\Program Files (x86)\Embarcadero\RAD Studio\12.0\bin64;C:\Users\Public\Documents\RAD Studio\12.0\Bpl\Win64;C:\Program Files (x86)\Embarcadero\RAD Studio\9.0\bin;C:\Users\Public\Documents\RAD Studio\9.0\Bpl;C:\Program Files (x86)\Embarcadero\RAD Studio\9.0\bin64;C:\Users\Public\Documents\RAD Studio\9.0\Bpl\Win64;C:\Program Files (x86)\Borland\Delphi7\Bin;C:\Program Files (x86)\Borland\Delphi7\Projects\Bpl\;C:\WINDOWS\system32;C:\WINDOWS;C:\WINDOWS\System32\Wbem;C:\WINDOWS\System32\WindowsPowerShell\v1.0\;C:\Program Files\Intel\WiFi\bin\;C:\Program Files\Common Files\Intel\WirelessCommon\;C:\Program Files\OpenVPN\bin;C:\Program Files (x86)\Common Files\Tom Sawyer Software\8.0.0;C:\Program Files\TortoiseSVN\bin;C:\Program Files\Microsoft SQL Server\110\DTS\Binn\;C:\Program Files (x86)\Microsoft SQL Server\110\Tools\Binn\;C:\Program Files\Microsoft SQL Server\110\Tools\Binn\;C:\Program Files (x86)\Microsoft SQL Server\110\Tools\Binn\ManagementStudio\;C:\Program Files (x86)\Microsoft Visual Studio 10.0\Common7\IDE\PrivateAssemblies\;C:\Program Files (x86)\Microsoft SQL Server\110\DTS\Binn\;C:\Program Files\TortoiseGit\bin;C:\Program Files\Git\cmd;C:\Program Files (x86)\Skype\Phone\;C:\Program Files (x86)\Windows Kits\8.0\Windows Performance Toolkit\;C:\ProgramData\Oracle\Java\javapath;C:\Program Files (x86)\Embarcadero\Studio\18.0\bin;C:\Users\Public\Documents\Embarcadero\Studio\18.0\Bpl;C:\Program Files (x86)\Embarcadero\Studio\18.0\bin64;C:\Users\Public\Documents\Embarcadero\Studio\18.0\Bpl\Win64;C:\Program Files (x86)\Embarcadero\Studio\17.0\bin;C:\Users\Public\Documents\Embarcadero\Studio\17.0\Bpl;C:\Program Files (x86)\Embarcadero\Studio\17.0\bin64;C:\Users\Public\Documents\Embarcadero\Studio\17.0\Bpl\Win64;C:\Program Files (x86)\Embarcadero\Studio\15.0\bin;C:\Users\Public\Documents\Embarcadero\Studio\15.0\Bpl;C:\Program Files (x86)\Embarcadero\Studio\15.0\bin64;C:\Users\Public\Documents\Embarcadero\Studio\15.0\Bpl\Win64;C:\Program Files (x86)\Embarcadero\RAD Studio\12.0\bin;C:\Users\Public\Documents\RAD Studio\12.0\Bpl;C:\Program Files (x86)\Embarcadero\RAD Studio\12.0\bin64;C:\Users\Public\Documents\RAD Studio\12.0\Bpl\Win64;C:\Program Files (x86)\Embarcadero\RAD Studio\9.0\bin;C:\Users\Public\Documents\RAD Studio\9.0\Bpl;C:\Program Files (x86)\Em	PATHEXT=.COM;.EXE;.BAT;.CMD;.VBS;.VBE;.JS;.JSE;.WSF;.WSH;.MSC	PROCESSOR_ARCHITECTURE=AMD64	PROCESSOR_IDENTIFIER=Intel64 Family 6 Model 60 Stepping 3, GenuineIntel	PROCESSOR_LEVEL=6	PROCESSOR_REVISION=3c03	ProgramData=C:\ProgramData	ProgramFiles=C:\Program Files	ProgramFiles(x86)=C:\Program Files (x86)	ProgramW6432=C:\Program Files	PSModulePath=C:\Program Files\WindowsPowerShell\Modules;C:\WINDOWS\system32\WindowsPowerShell\v1.0\Modules;C:\Program Files (x86)\Microsoft SQL Server\110\Tools\PowerShell\Modules\	PUBLIC=C:\Users\Public	SESSIONNAME=Console	SystemDrive=C:	SystemRoot=C:\WINDOWS	TEMP=C:\Users\xchinjo\AppData\Local\Temp	TMP=C:\Users\xchinjo\AppData\Local\Temp	TNS_ADMIN=D:\Oracle\OracleInstantClient	TVT=C:\Program Files (x86)\Lenovo	USERDOMAIN=JONIT440P	USERDOMAIN_ROAMINGPROFILE=JONIT440P	USERNAME=xchinjo	USERPROFILE=C:\Users\xchinjo	VS110COMNTOOLS=C:\Program Files (x86)\Microsoft Visual Studio 11.0\Common7\Tools\	windir=C:\WINDOWSTSQLLog 1.18.2833 FTS3 2017-01-19T16:51:3620170119 16513639  !  +    mORMotHttpServer.TSQLHttpServer(016C8A30).Create useHttpApiRegisteringURI (secNone) on port 8880
20170119 16513639  !  -    00.000.562
20170119 16513639  ! http  mORMotHttpServer.TSQLHttpServer(016C8A30) http.sys registration of http://+:8880/root
20170119 16513639  " info  SetThreadName 000027E0=TSQLHttpServer 8880/root THttpApiServer
20170119 16513639  " trace RESTServerClass.TNoteServer(0165ED50) BeginCurrentThread(THttpApiServer) root=root ThreadID=000027E0 ThreadCount=1
20170119 16513641  # info  SetThreadName 000018F0=TSQLHttpServer 8880/root THttpApiServer
20170119 16513641  # trace RESTServerClass.TNoteServer(0165ED50) BeginCurrentThread(THttpApiServer) root=root ThreadID=000018F0 ThreadCount=2
20170119 16513641  $ info  SetThreadName 00002580=TSQLHttpServer 8880/root THttpApiServer
20170119 16513641  $ trace RESTServerClass.TNoteServer(0165ED50) BeginCurrentThread(THttpApiServer) root=root ThreadID=00002580 ThreadCount=3
20170119 16513642  ! http  mORMotHttpServer.TSQLHttpServer(016C8A30) {"THttpApiServer(016976F0)":{"Cloned":false,"RegisteredUrl":"http://+:8880/root/","HTTPQueueLength":1000,"MaxBandwidth":-1,"MaxConnections":-1,"APIVersion":"HTTP API 2.0","ServerName":"Synopse mORMot (Windows)","ProcessName":"root "}} initialized for root
20170119 16513642  % info  SetThreadName 00000710=TSQLHttpServer 8880/root THttpApiServer
20170119 16513642  % trace RESTServerClass.TNoteServer(0165ED50) BeginCurrentThread(THttpApiServer) root=root ThreadID=00000710 ThreadCount=4
20170119 16513642  & info  SetThreadName 00003128=TSQLHttpServer 8880/root THttpApiServer
20170119 16513642  & trace RESTServerClass.TNoteServer(0165ED50) BeginCurrentThread(THttpApiServer) root=root ThreadID=00003128 ThreadCount=5
20170119 16513642  ' info  SetThreadName 00001F94=TSQLHttpServer 8880/root THttpApiServer
20170119 16513642  ( info  SetThreadName 00001A78=TSQLHttpServer 8880/root THttpApiServer
20170119 16513642  ( trace RESTServerClass.TNoteServer(0165ED50) BeginCurrentThread(THttpApiServer) root=root ThreadID=00001A78 ThreadCount=7
20170119 16513642  ' trace RESTServerClass.TNoteServer(0165ED50) BeginCurrentThread(THttpApiServer) root=root ThreadID=00001F94 ThreadCount=6
20170119 16513642  ) info  SetThreadName 000001A4=TSQLHttpServer 8880/root THttpApiServer
20170119 16513642  ) trace RESTServerClass.TNoteServer(0165ED50) BeginCurrentThread(THttpApiServer) root=root ThreadID=000001A4 ThreadCount=8
20170119 16513642  * info  SetThreadName 000027D8=TSQLHttpServer 8880/root THttpApiServer
20170119 16513642  * trace RESTServerClass.TNoteServer(0165ED50) BeginCurrentThread(THttpApiServer) root=root ThreadID=000027D8 ThreadCount=9
20170119 16513642  + info  SetThreadName 00002D14=TSQLHttpServer 8880/root THttpApiServer
20170119 16513642  + trace RESTServerClass.TNoteServer(0165ED50) BeginCurrentThread(THttpApiServer) root=root ThreadID=00002D14 ThreadCount=10
20170119 16513642  , info  SetThreadName 00000128=TSQLHttpServer 8880/root THttpApiServer
20170119 16513642  , trace RESTServerClass.TNoteServer(0165ED50) BeginCurrentThread(THttpApiServer) root=root ThreadID=00000128 ThreadCount=11
20170119 16513642  - info  SetThreadName 000009FC=TSQLHttpServer 8880/root THttpApiServer
20170119 16513642  - trace RESTServerClass.TNoteServer(0165ED50) BeginCurrentThread(THttpApiServer) root=root ThreadID=000009FC ThreadCount=12
20170119 16513642  . info  SetThreadName 00001638=TSQLHttpServer 8880/root THttpApiServer
20170119 16513642  . trace RESTServerClass.TNoteServer(0165ED50) BeginCurrentThread(THttpApiServer) root=root ThreadID=00001638 ThreadCount=13
20170119 16513642  / info  SetThreadName 00002468=TSQLHttpServer 8880/root THttpApiServer
20170119 16513642  / trace RESTServerClass.TNoteServer(0165ED50) BeginCurrentThread(THttpApiServer) root=root ThreadID=00002468 ThreadCount=14
20170119 16513642  0 info  SetThreadName 000033F0=TSQLHttpServer 8880/root THttpApiServer
20170119 16513643  0 trace RESTServerClass.TNoteServer(0165ED50) BeginCurrentThread(THttpApiServer) root=root ThreadID=