C:\LIB\DELPHI_LIB\mORMot_LastestLz\SQLite3\Samples\28 - Simple RESTful ORM Server\project28.exe 0.0.0.0 (2016-08-12 23:05:19)Host=DESKTOP-LRSF58E User=xchinjo CPU=4*9-6-10759:FFFBEBBFFFE3BA1F0000000000 OS=15.0=6.2.9200 Wow64=0 Freq=2628200Environment variables=ALLUSERSPROFILE=C:\ProgramData	APPDATA=C:\Users\xchinjo\AppData\Roaming	asl.log=Destination=file	COLUMNS=80	CommonProgramFiles=C:\Program Files\Common Files	CommonProgramFiles(x86)=C:\Program Files (x86)\Common Files	CommonProgramW6432=C:\Program Files\Common Files	COMPUTERNAME=DESKTOP-LRSF58E	ComSpec=C:\Windows\system32\cmd.exe	ESET_OPTIONS=                                                                                                                                                                                                                                                                                                                                                                                                                                                                                                                               	HOMEDRIVE=C:	HOMEPATH=\Users\xchinjo	JAVA_HOME=C:\Program Files\Java\jdk1.8.0_66	LINES=24	LOCALAPPDATA=C:\Users\xchinjo\AppData\Local	LOGONSERVER=\\DESKTOP-LRSF58E	NUMBER_OF_PROCESSORS=4	OS=Windows_NT	Path=C:\ProgramData\Oracle\Java\javapath;C:\Program Files (x86)\Embarcadero\Studio\17.0\bin;C:\Users\Public\Documents\Embarcadero\Studio\17.0\Bpl;C:\Program Files (x86)\Embarcadero\Studio\17.0\bin64;C:\Users\Public\Documents\Embarcadero\Studio\17.0\Bpl\Win64;C:\Program Files (x86)\Embarcadero\Studio\15.0\bin;C:\Users\Public\Documents\Embarcadero\Studio\15.0\Bpl;C:\Program Files (x86)\Embarcadero\Studio\15.0\bin64;C:\Users\Public\Documents\Embarcadero\Studio\15.0\Bpl\Win64;C:\Program Files (x86)\Embarcadero\RAD Studio\12.0\bin;C:\Users\Public\Documents\RAD Studio\12.0\Bpl;C:\Program Files (x86)\Embarcadero\RAD Studio\12.0\bin64;C:\Users\Public\Documents\RAD Studio\12.0\Bpl\Win64;C:\Program Files (x86)\Embarcadero\RAD Studio\9.0\bin;C:\Users\Public\Documents\RAD Studio\9.0\Bpl;C:\Program Files (x86)\Embarcadero\RAD Studio\9.0\bin64;C:\Users\Public\Documents\RAD Studio\9.0\Bpl\Win64;C:\Program Files (x86)\Borland\Delphi7\Bin;C:\Program Files (x86)\Borland\Delphi7\Projects\Bpl\;C:\Windows\system32;C:\Windows;C:\Windows\System32\Wbem;C:\Windows\System32\WindowsPowerShell\v1.0\;C:\Program Files\OpenVPN\bin;C:\Program Files\TortoiseGit\bin;C:\Program Files\Microsoft SQL Server\110\DTS\Binn\;C:\Program Files (x86)\Microsoft SQL Server\110\Tools\Binn\;C:\Program Files\Microsoft SQL Server\110\Tools\Binn\;C:\Program Files (x86)\Microsoft SQL Server\110\Tools\Binn\ManagementStudio\;C:\Program Files (x86)\Microsoft Visual Studio 10.0\Common7\IDE\PrivateAssemblies\;C:\Program Files (x86)\Microsoft SQL Server\110\DTS\Binn\;C:\Program Files\nodejs\;C:\Program Files\MongoDB\Server\3.2\bin;C:\Program Files\TortoiseSVN\bin;C:\Program Files (x86)\Skype\Phone\;C:\Program Files (x86)\Common Files\Tom Sawyer Software\8.0.0;C:\LIB\JAVA_LIB\apache-maven-3.3.9\bin;C:\Users\xchinjo\AppData\Local\atom\bin;C:\Users\xchinjo\AppData\Roaming\npm	PATHEXT=.COM;.EXE;.BAT;.CMD;.VBS;.VBE;.JS;.JSE;.WSF;.WSH;.MSC	PROCESSOR_ARCHITECTURE=AMD64	PROCESSOR_IDENTIFIER=Intel64 Family 6 Model 42 Stepping 7, GenuineIntel	PROCESSOR_LEVEL=6	PROCESSOR_REVISION=2a07	ProgramData=C:\ProgramData	ProgramFiles=C:\Program Files	ProgramFiles(x86)=C:\Program Files (x86)	ProgramW6432=C:\Program Files	PSModulePath=C:\Program Files\WindowsPowerShell\Modules;C:\Windows\system32\WindowsPowerShell\v1.0\Modules;C:\Program Files (x86)\Microsoft SQL Server\110\Tools\PowerShell\Modules\	PUBLIC=C:\Users\Public	SystemDrive=C:	SystemRoot=C:\Windows	TEMP=C:\Users\xchinjo\AppData\Local\Temp	TMP=C:\Users\xchinjo\AppData\Local\Temp	TVT=C:\Program Files (x86)\Lenovo	USERDOMAIN=DESKTOP-LRSF58E	USERDOMAIN_ROAMINGPROFILE=DESKTOP-LRSF58E	USERNAME=xchinjo	USERPROFILE=C:\Users\xchinjo	VBOX_MSI_INSTALL_PATH=C:\Program Files\Oracle\VirtualBox\	windir=C:\Windows	__COMPAT_LAYER=RunAsAdminTSQLLog 1.18.2833 FTS3 2016-08-12T16:05:5420160812 16055427  !  +    SynDBODBC.TODBCConnection(0165EB90).0000000100099064 
20160812 16055427  !  -    00.000.008
20160812 16055427  !  +    0000000100098993 
20160812 16055432  ! debug 	Connected to MySQL using myodbc3.dll 5.5.5-10.1.14-MariaDB recognized as MySQL
20160812 16055432  !  -    00.078.756
20160812 16055432  !  +    SynSQLite3.TSQLDatabase(0165EC50).DBOpen 
20160812 16055432  ! DB    	SynSQLite3.TSQLDatabase(0165EC50) ":memory:" database file opened with PageSize=1024 and CacheSize=2000
20160812 16055432  !  -    00.000.476
20160812 16055432  ! SQL   SynSQLite3.TSQLDatabase(0165EC50) 40us  returned 0 rows SELECT name FROM sqlite_master WHERE type='table' AND name NOT LIKE 'sqlite_%';
20160812 16055432  ! DB    mORMotSQLite3.TSQLRestServerDB(0160C670) CreateMissingTables on {"TSQLDatabase(0165EC50)":{"FileName":":memory:","IsMemory":true,"UseCache":true,"TransactionActive":false,"BusyTimeout":0,"CacheSize":2000,"PageSize":1024,"PageCount":0,"FileSize":0,"WALMode":false,"Synchronous":"smFull","LockingMode":"lmNormal","MemoryMappedMB":0,"user_version":0,"OpenV2Flags":6,"BackupBackgroundInProcess":false,"BackupBackgroundLastTime":"","BackupBackgroundLastFileName":"","SQLite3Library":{"TSQLite3LibraryDynamic(01607A10)":{"LibraryName":"sqlite3-64.dll","Version":"3.11.1 with internal MM"}}}}
20160812 16055432  ! DB    mORMotSQLite3.TSQLRestServerDB(0160C670) "GetTables":[]
20160812 16055432  ! SQL   SynSQLite3.TSQLDatabase(0165EC50) 6us  BEGIN TRANSACTION;
20160812 16055432  !  +    mORMotDB.TSQLRestStorageExternal(05FC00C0).Create TSQLINVM_PROD
20160812 16055432  !  -    00.000.002
20160812 16055432  ! info  mORMotDB.TSQLRestStorageExternal(05FC00C0) TSQLINVM_PROD {"TODBCConnectionProperties(01666B00)":{"Engine":"ODBC","ServerName":"","DatabaseNameSafe":"Driver=MySQL ODBC 3.51 Driver;Database=SAM;Server=124.109.2.164;Port=3307;USER=insysc;Password=insysc1234567890*","UserID":"","DBMS":"dMySQL","DBMSEngineName":"MySQL","BatchSendingAbilities":["cCreate"],"BatchMaxSentAtOnce":4096,"LoggedSQLMaxSize":0,"LogSQLStatementOnException":false,"ForcedSchemaName":"","UseCache":true,"RollbackOnDisconnect":true,"StoreVoidStringAsNull":false,"VariantStringAsWideString":false}} Server={"TSQLRestServerDB(0160C670)":{"DB":{"TSQLDatabase(0165EC50)":{"FileName":":memory:","IsMemory":true,"UseCache":true,"TransactionActive":true,"BusyTimeout":0,"CacheSize":2000,"PageSize":1024,"PageCount":2,"FileSize":2048,"WALMode":false,"Synchronous":"smFull","LockingMode":"lmNormal","MemoryMappedMB":0,"user_version":0,"OpenV2Flags":6,"BackupBackgroundInProcess":false,"BackupBackgroundLastTime":"","BackupBackgroundLastFileName":"","SQLite3Library":{"TSQLite3LibraryDynamic(01607A10)":{"LibraryName":"sqlite3-64.dll","Version":"3.11.1 with internal MM"}}}},"StatementLastException":"","NoAJAXJSON":false,"Options":[],"HandleAuthentication":false,"BypassORMAuthentication":[],"Stats":{"StartDate":"2016-08-12 16:05:54","Success":0,"ServiceMethod":0,"ServiceInterface":0,"OutcomingFiles":0,"CurrentThreadCount":0,"Created":0,"Read":0,"Updated":0,"Deleted":0,"ClientsCurrent":0,"ClientsMax":0,"CurrentRequestCount":0,"Input":{"Bytes":0,"Text":"0 B"},"Output":{"Bytes":0,"Text":"0 B"},"InputThroughput":{"BytesPerSec":0,"Text":"0 B/s"},"OutputThroughput":{"BytesPerSec":0,"Text":"0 B/s"},"Processing":false,"TaskCount":0,"TotalTime":{"MicroSec":0,"Text":"0us"},"LastTime":{"MicroSec":0,"Text":"0us"},"MinimalTime":{"MicroSec":0,"Text":"0us"},"AverageTime":{"MicroSec":0,"Text":"0us"},"MaximalTime":{"MicroSec":0,"Text":"0us"},"PerSec":0,"Errors":0,"LastError":null},"StatLevels":["mlTables","mlMethods","mlInterfaces","mlSQLite3"],"StaticVirtualTableDirect":true,"ServerTimeStamp":135322337654}}
20160812 16055432  !  +    SynDBODBC.TODBCStatement(015E66C0).000000010009BB0D 
20160812 16055432  !  -    00.000.076
20160812 16055432  !  +    SynDBODBC.TODBCStatement(015E66C0).000000010009B059 
20160812 16055432  ! SQL   	SynDBODBC.TODBCStatement(015E66C0) select COLUMN_NAME, DATA_TYPE, CHARACTER_MAXIMUM_LENGTH, NUMERIC_PRECISION, NUMERIC_SCALE, 0 INDEX_COUNT from INFORMATION_SCHEMA.COLUMNS where UPPER(TABLE_SCHEMA) = 'DRIVER=MYSQL ODBC 3.51 DRIVER;DATABASE=SAM;SERVER=124.109.2.164;PORT=3307;USER=INSYSC;PASSWORD=INSYSC1234567890*' and UPPER(TABLE_NAME) = 'INVM_PROD'
20160812 16055432  !  -    00.010.250
20160812 16055433  ! debug mORMotDB.TSQLRestStorageExternal(05FC00C0) "GetFields":[{"ColumnName":"ID","ColumnTypeNative":"bigint","ColumnLength":19,"ColumnPrecision":10,"ColumnScale":0,"ColumnType":2,"ColumnIndexed":true},{"ColumnName":"PRDRUN","ColumnTypeNative":"bigint","ColumnLength":19,"ColumnPrecision":10,"ColumnScale":0,"ColumnType":2,"ColumnIndexed":false},{"ColumnName":"PRDCDE","ColumnTypeNative":"varchar","ColumnLength":60,"ColumnPrecision":0,"ColumnScale":0,"ColumnType":6,"ColumnIndexed":false},{"ColumnName":"PRDBAR","ColumnTypeNative":"varchar","ColumnLength":60,"ColumnPrecision":0,"ColumnScale":0,"ColumnType":6,"ColumnIndexed":false},{"ColumnName":"PRDNAT","ColumnTypeNative":"varchar","ColumnLength":200,"ColumnPrecision":0,"ColumnScale":0,"ColumnType":6,"ColumnIndexed":false},{"ColumnName":"PRDNAE","ColumnTypeNative":"varchar","ColumnLength":200,"ColumnPrecision":0,"ColumnScale":0,"ColumnType":6,"ColumnIndexed":false},{"ColumnName":"PRDNSE","ColumnTypeNative":"varchar","ColumnLength":200,"ColumnPrecision":0,"ColumnScale":0,"ColumnType":6,"ColumnIndexed":false},{"ColumnName":"MANRUN","ColumnTypeNative":"bigint","ColumnLength":19,"ColumnPrecision":10,"ColumnScale":0,"ColumnType":2,"ColumnIndexed":false},{"ColumnName":"PRDREG","ColumnTypeNative":"datetime","ColumnLength":19,"ColumnPrecision":10,"ColumnScale":0,"ColumnType":5,"ColumnIndexed":false},{"ColumnName":"PTYRUN","ColumnTypeNative":"bigint","ColumnLength":19,"ColumnPrecision":10,"ColumnScale":0,"ColumnType":2,"ColumnIndexed":false},{"ColumnName":"UNIRUN","ColumnTypeNative":"bigint","ColumnLength":19,"ColumnPrecision":10,"ColumnScale":0,"ColumnType":2,"ColumnIndexed":false},{"ColumnName":"PRDCOA","ColumnTypeNative":"decimal","ColumnLength":19,"ColumnPrecision":10,"ColumnScale":4,"ColumnType":4,"ColumnIndexed":false},{"ColumnName":"PRDCOU","ColumnTypeNative":"decimal","ColumnLength":19,"ColumnPrecision":10,"ColumnScale":4,"ColumnType":4,"ColumnIndexed":false},{"ColumnName":"ROURUN","ColumnTypeNative":"bigint","ColumnLength":19,"ColumnPrecision":10,"ColumnScale":0,"ColumnType":2,"ColumnIndexed":false},{"ColumnName":"VENRUN","ColumnTypeNative":"bigint","ColumnLength":19,"ColumnPrecision":10,"ColumnScale":0,"ColumnType":2,"ColumnIndexed":false},{"ColumnName":"ROUCDE","ColumnTypeNative":"varchar","ColumnLength":60,"ColumnPrecision":0,"ColumnScale":0,"ColumnType":6,"ColumnIndexed":false},{"ColumnName":"PSTRUN","ColumnTypeNative":"varchar","ColumnLength":60,"ColumnPrecision":0,"ColumnScale":0,"ColumnType":6,"ColumnIndexed":false},{"ColumnName":"CMPCDE","ColumnTypeNative":"varchar","ColumnLength":5,"ColumnPrecision":0,"ColumnScale":0,"ColumnType":6,"ColumnIndexed":false},{"ColumnName":"CMPBRN","ColumnTypeNative":"varchar","ColumnLength":5,"ColumnPrecision":0,"ColumnScale":0,"ColumnType":6,"ColumnIndexed":false},{"ColumnName":"CMPDEP","ColumnTypeNative":"varchar","ColumnLength":5,"ColumnPrecision":0,"ColumnScale":0,"ColumnType":6,"ColumnIndexed":false},{"ColumnName":"CMPSEC","ColumnTypeNative":"varchar","ColumnLength":5,"ColumnPrecision":0,"ColumnScale":0,"ColumnType":6,"ColumnIndexed":false},{"ColumnName":"ENTUSR","ColumnTypeNative":"varchar","ColumnLength":60,"ColumnPrecision":0,"ColumnScale":0,"ColumnType":6,"ColumnIndexed":false},{"ColumnName":"ENTDTE","ColumnTypeNative":"datetime","ColumnLength":19,"ColumnPrecision":10,"ColumnScale":0,"ColumnType":5,"ColumnIndexed":false},{"ColumnName":"ENTTIM","ColumnTypeNative":"datetime","ColumnLength":19,"ColumnPrecision":10,"ColumnScale":0,"ColumnType":5,"ColumnIndexed":false},{"ColumnName":"ENTWKS","ColumnTypeNative":"varchar","ColumnLength":100,"ColumnPrecision":0,"ColumnScale":0,"ColumnType":6,"ColumnIndexed":false},{"ColumnName":"MODUSR","ColumnTypeNative":"varchar","ColumnLength":60,"ColumnPrecision":0,"ColumnScale":0,"ColumnType":6,"ColumnIndexed":false},{"ColumnName":"MODDTE","ColumnTypeNative":"datetime","ColumnLength":19,"ColumnPrecision":10,"ColumnScale":0,"ColumnType":5,"ColumnIndexed":false},{"ColumnName":"MODTIM","ColumnTypeNative":"datetime","ColumnLength":19,"ColumnPrecision":10,"ColumnScale":0,"ColumnType":5,"ColumnIndexed":false},{"ColumnName":"MODWKS","ColumnTypeNative":"varchar","ColumnLength":100,"ColumnPrecision":0,"ColumnScale":0,"ColumnType":6,"ColumnIndexed":false},{"ColumnName":"RECACT","ColumnTypeNative":"varchar","ColumnLength":10,"ColumnPrecision":0,"ColumnScale":0,"ColumnType":6,"ColumnIndexed":false},{"ColumnName":"RECSTS","ColumnTypeNative":"varchar","ColumnLength":10,"ColumnPrecision":0,"ColumnScale":0,"ColumnType":6,"ColumnIndexed":false},{"ColumnName":"RECSEQ","ColumnTypeNative":"bigint","ColumnLength":19,"ColumnPrecision":10,"ColumnScale":0,"ColumnType":2,"ColumnIndexed":false},{"ColumnName":"RECFL1","ColumnTypeNative":"varchar","ColumnLength":3,"ColumnPrecision":0,"ColumnScale":0,"ColumnType":6,"ColumnIndexed":false},{"ColumnName":"RECFL2","ColumnTypeNative":"varchar","ColumnLength":3,"ColumnPrecision":0,"ColumnScale":0,"ColumnType":6,"ColumnIndexed":false},{"ColumnName":"RECFL3","ColumnTypeNative":"varchar","ColumnLength":3,"ColumnPrecision":0,"ColumnScale":0,"ColumnType":6,"ColumnIndexed":false},{"ColumnName":"RECFL4","ColumnTypeNative":"varchar","ColumnLength":3,"ColumnPrecision":0,"ColumnScale":0,"ColumnType":6,"ColumnIndexed":false},{"ColumnName":"RECFL5","ColumnTypeNative":"varchar","ColumnLength":3,"ColumnPrecision":0,"ColumnScale":0,"ColumnType":6,"ColumnIndexed":false},{"ColumnName":"ENTUID","ColumnTypeNative":"bigint","ColumnLength":19,"ColumnPrecision":10,"ColumnScale":0,"ColumnType":2,"ColumnIndexed":false},{"ColumnName":"MODUID","ColumnTypeNative":"bigint","ColumnLength":19,"ColumnPrecision":10,"ColumnScale":0,"ColumnType":2,"ColumnIndexed":false}]
20160812 16055433  ! SQL   SynSQLite3.TSQLDatabase(0165EC50) 27.67ms  CREATE VIRTUAL TABLE INVM_PROD USING External(PRDRUN INTEGER, PRDCDE TEXT COLLATE SYSTEMNOCASE, PRDBAR TEXT COLLATE SYSTEMNOCASE, PRDNAT TEXT COLLATE SYSTEMNOCASE, PRDNAE TEXT COLLATE SYSTEMNOCASE, PRDNSE TEXT COLLATE SYSTEMNOCASE, MANRUN INTEGER, PRDREG TEXT COLLATE ISO8601, PTYRUN INTEGER, UNIRUN INTEGER, PRDCOA FLOAT, PRDCOU FLOAT, ROURUN INTEGER, VENRUN INTEGER, ROUCDE TEXT COLLATE SYSTEMNOCASE, PSTRUN TEXT COLLATE SYSTEMNOCASE, CMPCDE TEXT COLLATE SYSTEMNOCASE, CMPBRN TEXT COLLATE SYSTEMNOCASE, CMPDEP TEXT COLLATE SYSTEMNOCASE, CMPSEC TEXT COLLATE SYSTEMNOCASE, ENTUSR TEXT COLLATE SYSTEMNOCASE, ENTDTE TEXT COLLATE ISO8601, ENTTIM TEXT COLLATE ISO8601, ENTWKS TEXT COLLATE SYSTEMNOCASE, MODUSR TEXT COLLATE SYSTEMNOCASE, MODDTE TEXT COLLATE ISO8601, MODTIM TEXT COLLATE ISO8601, MODWKS TEXT COLLATE SYSTEMNOCASE, RECACT TEXT COLLATE SYSTEMNOCASE, RECSTS TEXT COLLATE SYSTEMNOCASE, RECSEQ INTEGER, RECFL1 TEXT COLLATE SYSTEMNOCASE, RECFL2 TEXT COLLATE SYSTEMNOCASE, RECFL3 TEXT COLLATE SYSTEMNOCASE, RECFL4 TEXT COLLATE SYSTEMNOCASE, RECFL5 TEXT COLLATE SYSTEMNOCASE, ENTUID INTEGER, MODUID INTEGER);
20160812 16055433  !  +    SynDBODBC.TODBCStatement(015E6580).000000010009BB0D 
20160812 16055433  !  -    00.000.028
20160812 16055433  !  +    SynDBODBC.TODBCStatement(015E6580).000000010009B059 
20160812 16055433  ! SQL   	SynDBODBC.TODBCStatement(015E6580) select ID from INVM_PROD limit 1
20160812 16055433  !  -    00.003.719
20160812 16055433  ! SQL   SynSQLite3.TSQLDatabase(0165EC50) 26us  COMMIT TRANSACTION;
20160812 16055433  !  +    mORMotHttpServer.TSQLHttpServer(01670090).Create useHttpApiRegisteringURI (secNone) on port 8880
20160812 16055433  !  -    00.000.001
20160812 16055433  ! http  mORMotHttpServer.TSQLHttpServer(01670090) http.sys registration of http://+:8880/root
20160812 16055433  " info  SetThreadName 0000172C=TSQLHttpServer 8880/root THttpApiServer
20160812 16055433  " trace mORMotSQLite3.TSQLRestServerDB(0160C670) BeginCurrentThread(THttpApiServer) root=root ThreadID=0000172C ThreadCount=1
20160812 16055434  # info  SetThreadName 00002048=TSQLHttpServer 8880/root THttpApiServer
20160812 16055434  # trace mORMotSQLite3.TSQLRestServerDB(0160C670) BeginCurrentThread(THttpApiServer) root=root ThreadID=00002048 ThreadCount=2
20160812 16055434  ! http  mORMotHttpServer.TSQLHttpServer(01670090) {"THttpApiServer(01657040)":{"Cloned":false,"RegisteredUrl":"http://+:8880/root/","HTTPQueueLength":1000,"MaxBandwidth":-1,"MaxConnections":-1,"APIVersion":"HTTP API 2.0","ServerName":"Synopse mORMot (Windows)","ProcessName":"root "}} initialized for root
20160812 16055436  $ info  SetThreadName 0000227C=TSQLHttpServer 8880/root THttpApiServer
20160812 16055436  $ trace mORMotSQLite3.TSQLRestServerDB(0160C670) BeginCurrentThread(THttpApiServer) root=root ThreadID=0000227C ThreadCount=3
20160812 16055436  % info  SetThreadName 0000064C=TSQLHttpServer 8880/root THttpApiServer
20160812 16055436  % trace mORMotSQLite3.TSQLRestServerDB(0160C670) BeginCurrentThread(THttpApiServer) root=root ThreadID=0000064C ThreadCount=4
20160812 16055436  & info  SetThreadName 00001BB4=TSQLHttpServer 8880/root THttpApiServer
20160812 16055436  & trace mORMotSQLite3.TSQLRestServerDB(0160C670) BeginCurrentThread(THttpApiServer) root=root ThreadID=00001BB4 ThreadCount=5
20160812 16055436  ' info  SetThreadName 000022C4=TSQLHttpServer 8880/root THttpApiServer
20160812 16055436  ' trace mORMotSQLite3.TSQLRestServerDB(0160C670) BeginCurrentThread(THttpApiServer) root=root ThreadID=000022C4 ThreadCount=6
20160812 16055436  ( info  SetThreadName 00002078=TSQLHttpServer 8880/root THttpApiServer
20160812 16055436  ( trace mORMotSQLite3.TSQLRestServerDB(0160C670) BeginCurrentThread(THttpApiServer) root=root ThreadID=00002078 ThreadCount=7
20160812 16055436  ) info  SetThreadName 00000454=TSQLHttpServer 8880/root THttpApiServer
20160812 16055436  ) trace mORMotSQLite3.TSQLRestServerDB(0160C670) BeginCurrentThread(THttpApiServer) root=root ThreadID=00000454 ThreadCount=8
20160812 16055436  * info  SetThreadName 00001268=TSQLHttpServer 8880/root THttpApiServer
20160812 16055436  * trace mORMotSQLite3.TSQLRestServerDB(0160C670) BeginCurrentThread(THttpApiServer) root=root ThreadID=00001268 ThreadCount=9
20160812 16055436  + info  SetThreadName 00001744=TSQLHttpServer 8880/root THttpApiServer
20160812 16055436  + trace mORMotSQLite3.TSQLRestServerDB(0160C670) BeginCurrentThread(THttpApiServer) root=root ThreadID=00001744 ThreadCount=10
20160812 16055436  , info  SetThreadName 0000251C=TSQLHttpServer 8880/root THttpApiServer
20160812 16055436  , trace mORMotSQLite3.TSQLRestServerDB(0160C670) BeginCurrentThread(THttpApiServer) root=root ThreadID=0000251C ThreadCount=11
20160812 16055436  - info  SetThreadName 00000844=TSQLHttpServer 8880/root THttpApiServer
20160812 16055436  - trace mORMotSQLite3.TSQLRestServerDB(0160C670) BeginCurrentThread(THttpApiServer) root=root ThreadID=00000844 ThreadCount=12
20160812 16055436  . info  SetThreadName 0000273C=TSQLHttpServer 8880/root THttpApiServer
20160812 16055436  . trace mORMotSQLite3.TSQLRestServerDB(0160C670) BeginCurrentThread(THttpApiServer) root=root ThreadID=0000273C ThreadCount=13
20160812 16055436  / info  SetThreadName 00002BA8=TSQLHttpServer 8880/root THttpApiServer
20160812 16055436  / trace mORMotSQLite3.TSQLRestServerDB(0160C670) BeginCurrentThread(THttpApiServer) root=root ThreadID=00002BA8 ThreadCount=14
20160812 16055436  0 info  SetThreadName 00001BB0=TSQLHttpServer 8880/root THttpApiServer
20160812 16055436  0 trace mORMotSQLite3.TSQLRestServerDB(0160C670) BeginCurrentThread(THttpApiServer) root=root ThreadID=00001BB0 ThreadCount=15
20160812 16055436  1 info  SetThreadName 00002820=TSQLHttpServer 8880/root THttpApiServer
20160812 16055436  1 trace mORMotSQLite3.TSQLRestServerDB(0160C670) BeginCurrentThread(THttpApiServer) root=root ThreadID=00002820 ThreadCount=16
20160812 16055436  2 info  SetThreadName 00002A38=TSQLHttpServer 8880/root THttpApiServer
20160812 16055436  2 trace mORMotSQLite3.TSQLRestServerDB(0160C670) BeginCurrentThread(THttpApiServer) root=root ThreadID=00002A38 ThreadCount=17
20160812 16055436  3 info  SetThreadName 000017A4=TSQLHttpServer 8880/root THttpApiServer
20160812 16055436  3 trace mORMotSQLite3.TSQLRestServerDB(0160C670) BeginCurrentThread(THttpApiServer) root=root ThreadID=000017A4 ThreadCount=18
20160812 16055436  4 info  SetThreadName 00002318=TSQLHttpServer 8880/root THttpApiServer
20160812 16055436  4 trace mORMotSQLite3.TSQLRestServerDB(0160C670) BeginCurrentThread(THttpApiServer) root=root ThreadID=00002318 ThreadCount=19
20160812 16055436  5 info  SetThreadName 00000C74=TSQLHttpServer 8880/root THttpApiServer
20160812 16055436  5 trace mORMotSQLite3.TSQLRestServerDB(0160C670) BeginCurrentThread(THttpApiServer) root=root ThreadID=00000C74 ThreadCount=20
20160812 16055436  6 info  SetThreadName 0000253C=TSQLHttpServer 8880/root THttpApiServer
20160812 16055436  6 trace mORMotSQLite3.TSQLRestServerDB(0160C670) BeginCurrentThread(THttpApiServer) root=root ThreadID=0000253C ThreadCount=21
20160812 16055436  7 info  SetThreadName 0000100C=TSQLHttpServer 8880/root THttpApiServer
20160812 16055436  7 trace mORMotSQLite3.TSQLRestServerDB(0160C670) BeginCurrentThread(THttpApiServer) root=root ThreadID=0000100C ThreadCount=22
20160812 16055436  8 info  SetThreadName 0000123C=TSQLHttpServer 8880/root THttpApiServer
20160812 16055436  8 trace mORMotSQLite3.TSQLRestServerDB(0160C670) BeginCurrentThread(THttpApiServer) root=root ThreadID=0000123C ThreadCount=23
20160812 16055436  9 info  SetThreadName 00001884=TSQLHttpServer 8880/root THttpApiServer
20160812 16055436  9 trace mORMotSQLite3.TSQLRestServerDB(0160C670) BeginCurrentThread(THttpApiServer) root=root ThreadID=00001884 ThreadCount=24
20160812 16055436  : info  SetThreadName 000022C8=TSQLHttpServer 8880/root THttpApiServer
20160812 16055436  : trace mORMotSQLite3.TSQLRestServerDB(0160C670) BeginCurrentThread(THttpApiServer) root=root ThreadID=000022C8 ThreadCount=25
20160812 16055436  ; info  SetThreadName 000027E4=TSQLHttpServer 8880/root THttpApiServer
20160812 16055436  ; trace mORMotSQLite3.TSQLRestServerDB(0160C670) BeginCurrentThread(THttpApiServer) root=root ThreadID=000027E4 ThreadCount=26
20160812 16055436  < info  SetThreadName 00001A4C=TSQLHttpServer 8880/root THttpApiServer
20160812 16055436  < trace mORMotSQLite3.TSQLRestServerDB(0160C670) BeginCurrentThread(THttpApiServer) root=root ThreadID=00001A4C ThreadCount=27
20160812 16055436  = info  SetThreadName 000018A8=TSQLHttpServer 8880/root THttpApiServer
20160812 16055436  = trace mORMotSQLite3.TSQLRestServerDB(0160C670) BeginCurrentThread(THttpApiServer) root=root ThreadID=000018A8 ThreadCount=28
20160812 16055436  > info  SetThreadName 00001FC8=TSQLHttpServer 8880/root THttpApiServer
20160812 16055436  > trace mORMotSQLite3.TSQLRestServerDB(0160C670) BeginCurrentThread(THttpApiServer) root=root ThreadID=00001FC8 ThreadCount=29
20160812 16055436  ? info  SetThreadName 000014F8=TSQLHttpServer 8880/root THttpApiServer
20160812 16055436  ? trace mORMotSQLite3.TSQLRestServerDB(0160C670) BeginCurrentThread(THttpApiServer) root=root ThreadID=000014F8 ThreadCount=30
20160812 16055436  @ info  SetThreadName 00000EE0=TSQLHttpServer 8880/root THttpApiServer
20160812 16055436  @ trace mORMotSQLite3.TSQLRestServerDB(0160C670) BeginCurrentThread(THttpApiServer) root=root ThreadID=00000EE0 ThreadCount=31
20160812 16055436  A info  SetThreadName 0000185C=TSQLHttpServer 8880/root THttpApiServer
20160812 16055436  A trace mORMotSQLite3.TSQLRestServerDB(0160C670) BeginCurrentThread(THttpApiServer) root=root ThreadID=0000185C ThreadCount=32
20160812 16061844  "  +    mORMotSQLite3.TSQLRestServerDB(0160C670).URI(GET root/ inlen=0)
20160812 16061844  " debug 	mORMotSQLite3.TSQLRestServerDB(0160C670) TSQLRestRoutingREST.Error: {  "errorCode":400,  "errorText":"Bad Request"  }
20160812 16061844  " srvr  	mORMotSQLite3.TSQLRestServerDB(0160C670)   GET root/ ORM-Get -> 400 with outlen=49 in  us
20160812 16061844  "  -    00.000.111
20160812 16062843  #  +    mORMotSQLite3.TSQLRestServerDB(0160C670).URI(GET root/INVM_PROD inlen=0)
20160812 16062843  #  +    	SynDBODBC.TODBCConnection(26CE8B40).0000000100099064 
20160812 16062843  #  -    	00.000.039
20160812 16062843  #  +    	SynDBODBC.TODBCStatement(26CF0B70).000000010009BB0D 
20160812 16062843  #  +    		0000000100098993 
20160812 16062844  # debug 			Connected to MySQL using myodbc3.dll 5.5.5-10.1.14-MariaDB recognized as MySQL
20160812 16062844  #  +    			SynDBODBC.TODBCStatement(26CF0CB0).000000010009BB0D 
20160812 16062844  #  -    			00.000.031
20160812 16062844  #  +    			SynDBODBC.TODBCStatement(26CF0CB0).000000010009B059 
20160812 16062844  # SQL   				SynDBODBC.TODBCStatement(26CF0CB0) SELECT NOW()
20160812 16062844  #  -    			00.008.529
20160812 16062844  #  -    		00.027.941
20160812 16062844  #  -    	00.027.971
20160812 16062844  #  +    	SynDBODBC.TODBCStatement(26CF0B70).000000010009B059 
20160812 16062844  # SQL   		SynDBODBC.TODBCStatement(26CF0B70) select ID from INVM_PROD
20160812 16062844  #  -    	00.004.168
20160812 16062844  # srvr  	mORMotSQLite3.TSQLRestServerDB(0160C670)   GET root/INVM_PROD ORM-Get -> 200 with outlen=46 in  us
20160812 16062844  #  -    00.032.504
20160812 16063200  !  +    mORMotHttpServer.TSQLHttpServer(01670090).000000010011B965 
20160812 16063200  !  -    00.000.001
20160812 16063200  ! http  mORMotHttpServer.TSQLHttpServer(01670090) {"THttpApiServer(01657040)":{"Cloned":false,"RegisteredUrl":"http://+:8880/root/","HTTPQueueLength":1000,"MaxBandwidth":-1,"MaxConnections":-1,"APIVersion":"HTTP API 2.0","ServerName":"Synopse mORMot (Windows)","ProcessName":"root "}} finalized for 1 server(s)
20160812 16063200  & trace mORMotSQLite3.TSQLRestServerDB(0160C670) EndCurrentThread(THttpApiServer) ThreadID=00001BB4 ThreadCount=31
20160812 16063200  $ trace mORMotSQLite3.TSQLRestServerDB(0160C670) EndCurrentThread(THttpApiServer) ThreadID=0000227C ThreadCount=29
20160812 16063200  % trace mORMotSQLite3.TSQLRestServerDB(0160C670) EndCurrentThread(THttpApiServer) ThreadID=0000064C ThreadCount=30
20160812 16063200  ' trace mORMotSQLite3.TSQLRestServerDB(0160C670) EndCurrentThread(THttpApiServer) ThreadID=000022C4 ThreadCount=28
20160812 16063200  ( trace mORMotSQLite3.TSQLRestServerDB(0160C670) EndCurrentThread(THttpApiServer) ThreadID=00002078 ThreadCount=27
20160812 16063200  ) trace mORMotSQLite3.TSQLRestServerDB(0160C670) EndCurrentThread(THttpApiServer) ThreadID=00000454 ThreadCount=26
20160812 16063200  * trace mORMotSQLite3.TSQLRestServerDB(0160C670) EndCurrentThread(THttpApiServer) ThreadID=00001268 ThreadCount=25
20160812 16063200  + trace mORMotSQLite3.TSQLRestServerDB(0160C670) EndCurrentThread(THttpApiServer) ThreadID=00001744 ThreadCount=24
20160812 16063200  - trace mORMotSQLite3.TSQLRestServerDB(0160C670) EndCurrentThread(THttpApiServer) ThreadID=00000844 ThreadCount=23
20160812 16063200  , trace mORMotSQLite3.TSQLRestServerDB(0160C670) EndCurrentThread(THttpApiServer) ThreadID=0000251C ThreadCount=22
20160812 16063200  . trace mORMotSQLite3.TSQLRestServerDB(0160C670) EndCurrentThread(THttpApiServer) ThreadID=0000273C ThreadCount=21
20160812 16063200  / trace mORMotSQLite3.TSQLRestServerDB(0160C670) EndCurrentThread(THttpApiServer) ThreadID=00002BA8 ThreadCount=20
20160812 16063200  0 trace mORMotSQLite3.TSQLRestServerDB(0160C670) EndCurrentThread(THttpApiServer) ThreadID=00001BB0 ThreadCount=19
20160812 16063200  1 trace mORMotSQLite3.TSQLRestServerDB(0160C670) EndCurrentThread(THttpApiServer) ThreadID=00002820 ThreadCount=18
20160812 16063200  2 trace mORMotSQLite3.TSQLRestServerDB(0160C670) EndCurrentThread(THttpApiServer) ThreadID=00002A38 ThreadCount=17
20160812 16063200  3 trace mORMotSQLite3.TSQLRestServerDB(0160C670) EndCurrentThread(THttpApiServer) ThreadID=000017A4 ThreadCount=16
20160812 16063200  4 trace mORMotSQLite3.TSQLRestServerDB(0160C670) EndCurrentThread(THttpApiServer) ThreadID=00002318 ThreadCount=15
20160812 16063200  5 trace mORMotSQLite3.TSQLRestServerDB(0160C670) EndCurrentThread(THttpApiServer) ThreadID=00000C74 ThreadCount=14
20160812 16063200  6 trace mORMotSQLite3.TSQLRestServerDB(0160C670) EndCurrentThread(THttpApiServer) ThreadID=0000253C ThreadCount=13
20160812 16063200  7 trace mORMotSQLite3.TSQLRestServerDB(0160C670) EndCurrentThread(THttpApiServer) ThreadID=0000100C ThreadCount=12
20160812 16063200  8 trace mORMotSQLite3.TSQLRestServerDB(0160C670) EndCurrentThread(THttpApiServer) ThreadID=0000123C ThreadCount=11
20160812 16063200  9 trace mORMotSQLite3.TSQLRestServerDB(0160C670) EndCurrentThread(THttpApiServer) ThreadID=00001884 ThreadCount=10
20160812 16063200  ; trace mORMotSQLite3.TSQLRestServerDB(0160C670) EndCurrentThread(THttpApiServer) ThreadID=000027E4 ThreadCount=9
20160812 16063200  : trace mORMotSQLite3.TSQLRestServerDB(0160C670) EndCurrentThread(THttpApiServer) ThreadID=000022C8 ThreadCount=8
20160812 16063200  < trace mORMotSQLite3.TSQLRestServerDB(0160C670) EndCurrentThread(THttpApiServer) ThreadID=00001A4C ThreadCount=7
20160812 16063200  = trace mORMotSQLite3.TSQLRestServerDB(0160C670) EndCurrentThread(THttpApiServer) ThreadID=000018A8 ThreadCount=6
20160812 16063200  > trace mORMotSQLite3.TSQLRestServerDB(0160C670) EndCurrentThread(THttpApiServer) ThreadID=00001FC8 ThreadCount=5
20160812 16063200  ? trace mORMotSQLite3.TSQLRestServerDB(0160C670) EndCurrentThread(THttpApiServer) ThreadID=000014F8 ThreadCount=4
20160812 16063200  @ trace mORMotSQLite3.TSQLRestServerDB(0160C670) EndCurrentThread(THttpApiServer) ThreadID=00000EE0 ThreadCount=3
20160812 16063200  A trace mORMotSQLite3.TSQLRestServerDB(0160C670) EndCurrentThread(THttpApiServer) ThreadID=0000185C ThreadCount=2
20160812 16063200  # trace mORMotSQLite3.TSQLRestServerDB(0160C670) EndCurrentThread(THttpApiServer) ThreadID=00002048 ThreadCount=1
20160812 16063200  " trace mORMotSQLite3.TSQLRestServerDB(0160C670) EndCurrentThread(THttpApiServer) ThreadID=0000172C ThreadCount=0
20160812 16063200  #  +    SynDBODBC.TODBCConnection(26CE8B40).0000000100099246 
20160812 16063200  #  -    00.000.001
20160812 16063201  !  +    mORMotSQLite3.TSQLRestServerDB(0160C670).00000001000A8762 
20160812 16063201  !  +    	mORMotSQLite3.TSQLRestServerDB(0160C670).Shutdown CurrentRequestCount=0 File=
20160812 16063201  !  -    	00.005.934
20160812 16063201  !  +    	SynSQLite3.TSQLDatabase(0165EC50).Destroy 
20160812 16063201  !  +    		00000001000B15E2 
20160812 16063201  ! DB    			SynSQLite3.TSQLDatabase(0165EC50) closing ":memory:"
20160812 16063201  !  -    		00.000.062
20160812 16063201  !  -    	00.000.081
20160812 16063201  !  -    00.006.074
20160812 16063201  !  +    SynDBODBC.TODBCConnection(0165EB90).0000000100099246 
20160812 16063201  !  -    00.000.000
20160812 16063201  !  +    SynDBODBC.TODBCConnection(0165EB90).0000000100099064 
20160812 16063201  !  -    00.000.001
20160812 16063201  !  +    0000000100098993 
20160812 16063203  ! debug 	Connected to MySQL using myodbc3.dll 5.5.5-10.1.14-MariaDB recognized as MySQL
20160812 16063203  !  -    00.028.618
20160812 16063203  !  +    SynSQLite3.TSQLDatabase(0165EC50).DBOpen 
20160812 16063203  ! DB    	SynSQLite3.TSQLDatabase(0165EC50) ":memory:" database file opened with PageSize=1024 and CacheSize=2000
20160812 16063203  !  -    00.000.146
20160812 16063203  ! SQL   SynSQLite3.TSQLDatabase(0165EC50) 25us  returned 0 rows SELECT name FROM sqlite_master WHERE type='table' AND name NOT LIKE 'sqlite_%';
20160812 16063203  ! DB    mORMotSQLite3.TSQLRestServerDB(01621B50) CreateMissingTables on {"TSQLDatabase(0165EC50)":{"FileName":":memory:","IsMemory":true,"UseCache":true,"TransactionActive":false,"BusyTimeout":0,"CacheSize":2000,"PageSize":1024,"PageCount":0,"FileSize":0,"WALMode":false,"Synchronous":"smFull","LockingMode":"lmNormal","MemoryMappedMB":0,"user_version":0,"OpenV2Flags":6,"BackupBackgroundInProcess":false,"BackupBackgroundLastTime":"","BackupBackgroundLastFileName":"","SQLite3Library":{"TSQLite3LibraryDynamic(01607A10)":{"LibraryName":"sqlite3-64.dll","Version":"3.11.1 with internal MM"}}}}
20160812 16063203  ! DB    mORMotSQLite3.TSQLRestServerDB(01621B50) "GetTables":[]
20160812 16063203  ! SQL   SynSQLite3.TSQLDatabase(0165EC50) 3us  BEGIN TRANSACTION;
20160812 16063203  !  +    mORMotDB.TSQLRestStorageExternal(0607C9E0).Create TSQLINVM_PROD
20160812 16063203  !  -    00.000.001
20160812 16063203  ! info  mORMotDB.TSQLRestStorageExternal(0607C9E0) TSQLINVM_PROD {"TODBCConnectionProperties(01666B00)":{"Engine":"ODBC","ServerName":"","DatabaseNameSafe":"Driver=MySQL ODBC 3.51 Driver;Database=SAM;Server=124.109.2.164;Port=3307;USER=insysc;Password=insysc1234567890*","UserID":"","DBMS":"dMySQL","DBMSEngineName":"MySQL","BatchSendingAbilities":["cCreate"],"BatchMaxSentAtOnce":4096,"LoggedSQLMaxSize":0,"LogSQLStatementOnException":false,"ForcedSchemaName":"","UseCache":true,"RollbackOnDisconnect":true,"StoreVoidStringAsNull":false,"VariantStringAsWideString":false}} Server={"TSQLRestServerDB(01621B50)":{"DB":{"TSQLDatabase(0165EC50)":{"FileName":":memory:","IsMemory":true,"UseCache":true,"TransactionActive":true,"BusyTimeout":0,"CacheSize":2000,"PageSize":1024,"PageCount":2,"FileSize":2048,"WALMode":false,"Synchronous":"smFull","LockingMode":"lmNormal","MemoryMappedMB":0,"user_version":0,"OpenV2Flags":6,"BackupBackgroundInProcess":false,"BackupBackgroundLastTime":"","BackupBackgroundLastFileName":"","SQLite3Library":{"TSQLite3LibraryDynamic(01607A10)":{"LibraryName":"sqlite3-64.dll","Version":"3.11.1 with internal MM"}}}},"StatementLastException":"","NoAJAXJSON":false,"Options":[],"HandleAuthentication":false,"BypassORMAuthentication":[],"Stats":{"StartDate":"2016-08-12 16:06:32","Success":0,"ServiceMethod":0,"ServiceInterface":0,"OutcomingFiles":0,"CurrentThreadCount":0,"Created":0,"Read":0,"Updated":0,"Deleted":0,"ClientsCurrent":0,"ClientsMax":0,"CurrentRequestCount":0,"Input":{"Bytes":0,"Text":"0 B"},"Output":{"Bytes":0,"Text":"0 B"},"InputThroughput":{"BytesPerSec":0,"Text":"0 B/s"},"OutputThroughput":{"BytesPerSec":0,"Text":"0 B/s"},"Processing":false,"TaskCount":0,"TotalTime":{"MicroSec":0,"Text":"0us"},"LastTime":{"MicroSec":0,"Text":"0us"},"MinimalTime":{"MicroSec":0,"Text":"0us"},"AverageTime":{"MicroSec":0,"Text":"0us"},"MaximalTime":{"MicroSec":0,"Text":"0us"},"PerSec":0,"Errors":0,"LastError":null},"StatLevels":["mlTables","mlMethods","mlInterfaces","mlSQLite3"],"StaticVirtualTableDirect":true,"ServerTimeStamp":135322337696}}
20160812 16063203  !  +    SynDBODBC.TODBCStatement(015E66C0).000000010009BB0D 
20160812 16063203  !  -    00.000.035
20160812 16063203  !  +    SynDBODBC.TODBCStatement(015E66C0).000000010009B059 
20160812 16063203  ! SQL   	SynDBODBC.TODBCStatement(015E66C0) select COLUMN_NAME, DATA_TYPE, CHARACTER_MAXIMUM_LENGTH, NUMERIC_PRECISION, NUMERIC_SCALE, 0 INDEX_COUNT from INFORMATION_SCHEMA.COLUMNS where UPPER(TABLE_SCHEMA) = 'DRIVER=MYSQL ODBC 3.51 DRIVER;DATABASE=SAM;SERVER=124.109.2.164;PORT=3307;USER=INSYSC;PASSWORD=INSYSC1234567890*' and UPPER(TABLE_NAME) = 'INVM_PROD'
20160812 16063204  !  -    00.010.324
20160812 16063205  ! debug mORMotDB.TSQLRestStorageExternal(0607C9E0) "GetFields":[{"ColumnName":"ID","ColumnTypeNative":"bigint","ColumnLength":19,"ColumnPrecision":10,"ColumnScale":0,"ColumnType":2,"ColumnIndexed":true},{"ColumnName":"PRDRUN","ColumnTypeNative":"bigint","ColumnLength":19,"ColumnPrecision":10,"ColumnScale":0,"ColumnType":2,"ColumnIndexed":false},{"ColumnName":"PRDCDE","ColumnTypeNative":"varchar","ColumnLength":60,"ColumnPrecision":0,"ColumnScale":0,"ColumnType":6,"ColumnIndexed":false},{"ColumnName":"PRDBAR","ColumnTypeNative":"varchar","ColumnLength":60,"ColumnPrecision":0,"ColumnScale":0,"ColumnType":6,"ColumnIndexed":false},{"ColumnName":"PRDNAT","ColumnTypeNative":"varchar","ColumnLength":200,"ColumnPrecision":0,"ColumnScale":0,"ColumnType":6,"ColumnIndexed":false},{"ColumnName":"PRDNAE","ColumnTypeNative":"varchar","ColumnLength":200,"ColumnPrecision":0,"ColumnScale":0,"ColumnType":6,"ColumnIndexed":false},{"ColumnName":"PRDNSE","ColumnTypeNative":"varchar","ColumnLength":200,"ColumnPrecision":0,"ColumnScale":0,"ColumnType":6,"ColumnIndexed":false},{"ColumnName":"MANRUN","ColumnTypeNative":"bigint","ColumnLength":19,"ColumnPrecision":10,"ColumnScale":0,"ColumnType":2,"ColumnIndexed":false},{"ColumnName":"PRDREG","ColumnTypeNative":"datetime","ColumnLength":19,"ColumnPrecision":10,"ColumnScale":0,"ColumnType":5,"ColumnIndexed":false},{"ColumnName":"PTYRUN","ColumnTypeNative":"bigint","ColumnLength":19,"ColumnPrecision":10,"ColumnScale":0,"ColumnType":2,"ColumnIndexed":false},{"ColumnName":"UNIRUN","ColumnTypeNative":"bigint","ColumnLength":19,"ColumnPrecision":10,"ColumnScale":0,"ColumnType":2,"ColumnIndexed":false},{"ColumnName":"PRDCOA","ColumnTypeNative":"decimal","ColumnLength":19,"ColumnPrecision":10,"ColumnScale":4,"ColumnType":4,"ColumnIndexed":false},{"ColumnName":"PRDCOU","ColumnTypeNative":"decimal","ColumnLength":19,"ColumnPrecision":10,"ColumnScale":4,"ColumnType":4,"ColumnIndexed":false},{"ColumnName":"ROURUN","ColumnTypeNative":"bigint","ColumnLength":19,"ColumnPrecision":10,"ColumnScale":0,"ColumnType":2,"ColumnIndexed":false},{"ColumnName":"VENRUN","ColumnTypeNative":"bigint","ColumnLength":19,"ColumnPrecision":10,"ColumnScale":0,"ColumnType":2,"ColumnIndexed":false},{"ColumnName":"ROUCDE","ColumnTypeNative":"varchar","ColumnLength":60,"ColumnPrecision":0,"ColumnScale":0,"ColumnType":6,"ColumnIndexed":false},{"ColumnName":"PSTRUN","ColumnTypeNative":"varchar","ColumnLength":60,"ColumnPrecision":0,"ColumnScale":0,"ColumnType":6,"ColumnIndexed":false},{"ColumnName":"CMPCDE","ColumnTypeNative":"varchar","ColumnLength":5,"ColumnPrecision":0,"ColumnScale":0,"ColumnType":6,"ColumnIndexed":false},{"ColumnName":"CMPBRN","ColumnTypeNative":"varchar","ColumnLength":5,"ColumnPrecision":0,"ColumnScale":0,"ColumnType":6,"ColumnIndexed":false},{"ColumnName":"CMPDEP","ColumnTypeNative":"varchar","ColumnLength":5,"ColumnPrecision":0,"ColumnScale":0,"ColumnType":6,"ColumnIndexed":false},{"ColumnName":"CMPSEC","ColumnTypeNative":"varchar","ColumnLength":5,"ColumnPrecision":0,"ColumnScale":0,"ColumnType":6,"ColumnIndexed":false},{"ColumnName":"ENTUSR","ColumnTypeNative":"varchar","ColumnLength":60,"ColumnPrecision":0,"ColumnScale":0,"ColumnType":6,"ColumnIndexed":false},{"ColumnName":"ENTDTE","ColumnTypeNative":"datetime","ColumnLength":19,"ColumnPrecision":10,"ColumnScale":0,"ColumnType":5,"ColumnIndexed":false},{"ColumnName":"ENTTIM","ColumnTypeNative":"datetime","ColumnLength":19,"ColumnPrecision":10,"ColumnScale":0,"ColumnType":5,"ColumnIndexed":false},{"ColumnName":"ENTWKS","ColumnTypeNative":"varchar","ColumnLength":100,"ColumnPrecision":0,"ColumnScale":0,"ColumnType":6,"ColumnIndexed":false},{"ColumnName":"MODUSR","ColumnTypeNative":"varchar","ColumnLength":60,"ColumnPrecision":0,"ColumnScale":0,"ColumnType":6,"ColumnIndexed":false},{"ColumnName":"MODDTE","ColumnTypeNative":"datetime","ColumnLength":19,"ColumnPrecision":10,"ColumnScale":0,"ColumnType":5,"ColumnIndexed":false},{"ColumnName":"MODTIM","ColumnTypeNative":"datetime","ColumnLength":19,"ColumnPrecision":10,"ColumnScale":0,"ColumnType":5,"ColumnIndexed":false},{"ColumnName":"MODWKS","ColumnTypeNative":"varchar","ColumnLength":100,"ColumnPrecision":0,"ColumnScale":0,"ColumnType":6,"ColumnIndexed":false},{"ColumnName":"RECACT","ColumnTypeNative":"varchar","ColumnLength":10,"ColumnPrecision":0,"ColumnScale":0,"ColumnType":6,"ColumnIndexed":false},{"ColumnName":"RECSTS","ColumnTypeNative":"varchar","ColumnLength":10,"ColumnPrecision":0,"ColumnScale":0,"ColumnType":6,"ColumnIndexed":false},{"ColumnName":"RECSEQ","ColumnTypeNative":"bigint","ColumnLength":19,"ColumnPrecision":10,"ColumnScale":0,"ColumnType":2,"ColumnIndexed":false},{"ColumnName":"RECFL1","ColumnTypeNative":"varchar","ColumnLength":3,"ColumnPrecision":0,"ColumnScale":0,"ColumnType":6,"ColumnIndexed":false},{"ColumnName":"RECFL2","ColumnTypeNative":"varchar","ColumnLength":3,"ColumnPrecision":0,"ColumnScale":0,"ColumnType":6,"ColumnIndexed":false},{"ColumnName":"RECFL3","ColumnTypeNative":"varchar","ColumnLength":3,"ColumnPrecision":0,"ColumnScale":0,"ColumnType":6,"ColumnIndexed":false},{"ColumnName":"RECFL4","ColumnTypeNative":"varchar","ColumnLength":3,"ColumnPrecision":0,"ColumnScale":0,"ColumnType":6,"ColumnIndexed":false},{"ColumnName":"RECFL5","ColumnTypeNative":"varchar","ColumnLength":3,"ColumnPrecision":0,"ColumnScale":0,"ColumnType":6,"ColumnIndexed":false},{"ColumnName":"ENTUID","ColumnTypeNative":"bigint","ColumnLength":19,"ColumnPrecision":10,"ColumnScale":0,"ColumnType":2,"ColumnIndexed":false},{"ColumnName":"MODUID","ColumnTypeNative":"bigint","ColumnLength":19,"ColumnPrecision":10,"ColumnScale":0,"ColumnType":2,"ColumnIndexed":false}]
20160812 16063205  ! SQL   SynSQLite3.TSQLDatabase(0165EC50) 26.08ms  CREATE VIRTUAL TABLE INVM_PROD USING External(PRDRUN INTEGER, PRDCDE TEXT COLLATE SYSTEMNOCASE, PRDBAR TEXT COLLATE SYSTEMNOCASE, PRDNAT TEXT COLLATE SYSTEMNOCASE, PRDNAE TEXT COLLATE SYSTEMNOCASE, PRDNSE TEXT COLLATE SYSTEMNOCASE, MANRUN INTEGER, PRDREG TEXT COLLATE ISO8601, PTYRUN INTEGER, UNIRUN INTEGER, PRDCOA FLOAT, PRDCOU FLOAT, ROURUN INTEGER, VENRUN INTEGER, ROUCDE TEXT COLLATE SYSTEMNOCASE, PSTRUN TEXT COLLATE SYSTEMNOCASE, CMPCDE TEXT COLLATE SYSTEMNOCASE, CMPBRN TEXT COLLATE SYSTEMNOCASE, CMPDEP TEXT COLLATE SYSTEMNOCASE, CMPSEC TEXT COLLATE SYSTEMNOCASE, ENTUSR TEXT COLLATE SYSTEMNOCASE, ENTDTE TEXT COLLATE ISO8601, ENTTIM TEXT COLLATE ISO8601, ENTWKS TEXT COLLATE SYSTEMNOCASE, MODUSR TEXT COLLATE SYSTEMNOCASE, MODDTE TEXT COLLATE ISO8601, MODTIM TEXT COLLATE ISO8601, MODWKS TEXT COLLATE SYSTEMNOCASE, RECACT TEXT COLLATE SYSTEMNOCASE, RECSTS TEXT COLLATE SYSTEMNOCASE, RECSEQ INTEGER, RECFL1 TEXT COLLATE SYSTEMNOCASE, RECFL2 TEXT COLLATE SYSTEMNOCASE, RECFL3 TEXT COLLATE SYSTEMNOCASE, RECFL4 TEXT COLLATE SYSTEMNOCASE, RECFL5 TEXT COLLATE SYSTEMNOCASE, ENTUID INTEGER, MODUID INTEGER);
20160812 16063205  !  +    SynDBODBC.TODBCStatement(015E61C0).000000010009BB0D 
20160812 16063205  !  -    00.000.017
20160812 16063205  !  +    SynDBODBC.TODBCStatement(015E61C0).000000010009B059 
20160812 16063205  ! SQL   	SynDBODBC.TODBCStatement(015E61C0) select ID from INVM_PROD limit 1
20160812 16063205  !  -    00.004.251
20160812 16063205  ! SQL   SynSQLite3.TSQLDatabase(0165EC50) 23us  COMMIT TRANSACTION;
20160812 16063205  !  +    mORMotHttpServer.TSQLHttpServer(01670090).Create useHttpApiRegisteringURI (secNone) on port 8880
20160812 16063205  !  -    00.000.001
20160812 16063205  ! http  mORMotHttpServer.TSQLHttpServer(01670090) http.sys registration of http://+:8880/root
20160812 16063205  " info  SetThreadName 000003F4=TSQLHttpServer 8880/root THttpApiServer
20160812 16063205  " trace mORMotSQLite3.TSQLRestServerDB(01621B50) BeginCurrentThread(THttpApiServer) root=root ThreadID=000003F4 ThreadCount=1
20160812 16063206  # info  SetThreadName 000008E4=TSQLHttpServer 8880/root THttpApiServer
20160812 16063206  # trace mORMotSQLite3.TSQLRestServerDB(01621B50) BeginCurrentThread(THttpApiServer) root=root ThreadID=000008E4 ThreadCount=2
20160812 16063207  ! http  mORMotHttpServer.TSQLHttpServer(01670090) {"THttpApiServer(01657040)":{"Cloned":false,"RegisteredUrl":"http://+:8880/root/","HTTPQueueLength":1000,"MaxBandwidth":-1,"MaxConnections":-1,"APIVersion":"HTTP API 2.0","ServerName":"Synopse mORMot (Windows)","ProcessName":"root "}} initialized for root
20160812 16063207  A info  SetThreadName 0000124C=TSQLHttpServer 8880/root THttpApiServer
20160812 16063207  A trace mORMotSQLite3.TSQLRestServerDB(01621B50) BeginCurrentThread(THttpApiServer) root=root ThreadID=0000124C ThreadCount=3
20160812 16063207  @ info  SetThreadName 00001A74=TSQLHttpServer 8880/root THttpApiServer
20160812 16063207  @ trace mORMotSQLite3.TSQLRestServerDB(01621B50) BeginCurrentThread(THttpApiServer) root=root ThreadID=00001A74 ThreadCount=4
20160812 16063207  ? info  SetThreadName 00001FF4=TSQLHttpServer 8880/root THttpApiServer
20160812 16063207  ? trace mORMotSQLite3.TSQLRestServerDB(01621B50) BeginCurrentThread(THttpApiServer) root=root ThreadID=00001FF4 ThreadCount=5
20160812 16063207  > info  SetThreadName 00002A48=TSQLHttpServer 8880/root THttpApiServer
20160812 16063207  > trace mORMotSQLite3.TSQLRestServerDB(01621B50) BeginCurrentThread(THttpApiServer) root=root ThreadID=00002A48 ThreadCount=6
20160812 16063207  = info  SetThreadName 00001D08=TSQLHttpServer 8880/root THttpApiServer
20160812 16063207  = trace mORMotSQLite3.TSQLRestServerDB(01621B50) BeginCurrentThread(THttpApiServer) root=root ThreadID=00001D08 ThreadCount=7
20160812 16063207  < info  SetThreadName 000015D8=TSQLHttpServer 8880/root THttpApiServer
20160812 16063207  < trace mORMotSQLite3.TSQLRestServerDB(01621B50) BeginCurrentThread(THttpApiServer) root=root ThreadID=000015D8 ThreadCount=8
20160812 16063207  : info  SetThreadName 000023AC=TSQLHttpServer 8880/root THttpApiServer
20160812 16063207  : trace mORMotSQLite3.TSQLRestServerDB(01621B50) BeginCurrentThread(THttpApiServer) root=root ThreadID=000023AC ThreadCount=9
20160812 16063207  ; info  SetThreadName 000025C8=TSQLHttpServer 8880/root THttpApiServer
20160812 16063207  ; trace mORMotSQLite3.TSQLRestServerDB(01621B50) BeginCurrentThread(THttpApiServer) root=root ThreadID=000025C8 ThreadCount=10
20160812 16063207  9 info  SetThreadName 000016E4=TSQLHttpServer 8880/root THttpApiServer
20160812 16063207  9 trace mORMotSQLite3.TSQLRestServerDB(01621B50) BeginCurrentThread(THttpApiServer) root=root ThreadID=000016E4 ThreadCount=11
20160812 16063207  8 info  SetThreadName 00001BC4=TSQLHttpServer 8880/root THttpApiServer
20160812 16063207  8 trace mORMotSQLite3.TSQLRestServerDB(01621B50) BeginCurrentThread(THttpApiServer) root=root ThreadID=00001BC4 ThreadCount=12
20160812 16063207  6 info  SetThreadName 00001C1C=TSQLHttpServer 8880/root THttpApiServer
20160812 16063207  6 trace mORMotSQLite3.TSQLRestServerDB(01621B50) BeginCurrentThread(THttpApiServer) root=root ThreadID=00001C1C ThreadCount=13
20160812 16063207  7 info  SetThreadName 00002A4C=TSQLHttpServer 8880/root THttpApiServer
20160812 16063207  7 trace mORMotSQLite3.TSQLRestServerDB(01621B50) BeginCurrentThread(THttpApiServer) root=root ThreadID=00002A4C ThreadCount=14
20160812 16063207  5 info  SetThreadName 00001B70=TSQLHttpServer 8880/root THttpApiServer
20160812 16063207  5 trace mORMotSQLite3.TSQLRestServerDB(01621B50) BeginCurrentThread(THttpApiServer) root=root ThreadID=00001B70 ThreadCount=15
20160812 16063207  4 info  SetThreadName 00000C84=TSQLHttpServer 8880/root THttpApiServer
20160812 16063207  4 trace mORMotSQLite3.TSQLRestServerDB(01621B50) BeginCurrentThread(THttpApiServer) root=root ThreadID=00000C84 ThreadCount=16
20160812 16063207  3 info  SetThreadName 00001C9C=TSQLHttpServer 8880/root THttpApiServer
20160812 16063207  3 trace mORMotSQLite3.TSQLRestServerDB(01621B50) BeginCurrentThread(THttpApiServer) root=root ThreadID=00001C9C ThreadCount=17
20160812 16063207  2 info  SetThreadName 00000338=TSQLHttpServer 8880/root THttpApiServer
20160812 16063207  2 trace mORMotSQLite3.TSQLRestServerDB(01621B50) BeginCurrentThread(THttpApiServer) root=root ThreadID=00000338 ThreadCount=18
20160812 16063207  1 info  SetThreadName 00002830=TSQLHttpServer 8880/root THttpApiServer
20160812 16063207  1 trace mORMotSQLite3.TSQLRestServerDB(01621B50) BeginCurrentThread(THttpApiServer) root=root ThreadID=00002830 ThreadCount=19
20160812 16063207  0 info  SetThreadName 000029C4=TSQLHttpServer 8880/root THttpApiServer
20160812 16063207  0 trace mORMotSQLite3.TSQLRestServerDB(01621B50) BeginCurrentThread(THttpApiServer) root=root ThreadID=000029C4 ThreadCount=20
20160812 16063207  / info  SetThreadName 00001308=TSQLHttpServer 8880/root THttpApiServer
20160812 16063207  / trace mORMotSQLite3.TSQLRestServerDB(01621B50) BeginCurrentThread(THttpApiServer) root=root ThreadID=00001308 ThreadCount=21
20160812 16063207  . info  SetThreadName 000014DC=TSQLHttpServer 8880/root THttpApiServer
20160812 16063207  . trace mORMotSQLite3.TSQLRestServerDB(01621B50) BeginCurrentThread(THttpApiServer) root=root ThreadID=000014DC ThreadCount=22
20160812 16063207  , info  SetThreadName 000005C0=TSQLHttpServer 8880/root THttpApiServer
20160812 16063207  , trace mORMotSQLite3.TSQLRestServerDB(01621B50) BeginCurrentThread(THttpApiServer) root=root ThreadID=000005C0 ThreadCount=23
20160812 16063207  - info  SetThreadName 00001D94=TSQLHttpServer 8880/root THttpApiServer
20160812 16063207  - trace mORMotSQLite3.TSQLRestServerDB(01621B50) BeginCurren