C:\LIB\DELPHI_LIB\mORMot_LastestLz\SQLite3\Samples\28 - Simple RESTful ORM Server\project28.exe 0.0.0.0 (2016-08-12 19:18:27)Host=DESKTOP-LRSF58E User=xchinjo CPU=4*9-6-10759:FFFBEBBFFFE3BA1F0000000000 OS=15.0=6.2.9200 Wow64=0 Freq=2628200Environment variables=ALLUSERSPROFILE=C:\ProgramData	APPDATA=C:\Users\xchinjo\AppData\Roaming	asl.log=Destination=file	CommonProgramFiles=C:\Program Files\Common Files	CommonProgramFiles(x86)=C:\Program Files (x86)\Common Files	CommonProgramW6432=C:\Program Files\Common Files	COMPUTERNAME=DESKTOP-LRSF58E	ComSpec=C:\Windows\system32\cmd.exe	ESET_OPTIONS=                                                                                                                                                                                                                                                                                                                                                                                                                                                                                                                               	HOMEDRIVE=C:	HOMEPATH=\Users\xchinjo	JAVA_HOME=C:\Program Files\Java\jdk1.8.0_66	LOCALAPPDATA=C:\Users\xchinjo\AppData\Local	LOGONSERVER=\\DESKTOP-LRSF58E	NUMBER_OF_PROCESSORS=4	OS=Windows_NT	Path=C:\ProgramData\Oracle\Java\javapath;C:\Program Files (x86)\Embarcadero\Studio\17.0\bin;C:\Users\Public\Documents\Embarcadero\Studio\17.0\Bpl;C:\Program Files (x86)\Embarcadero\Studio\17.0\bin64;C:\Users\Public\Documents\Embarcadero\Studio\17.0\Bpl\Win64;C:\Program Files (x86)\Embarcadero\Studio\15.0\bin;C:\Users\Public\Documents\Embarcadero\Studio\15.0\Bpl;C:\Program Files (x86)\Embarcadero\Studio\15.0\bin64;C:\Users\Public\Documents\Embarcadero\Studio\15.0\Bpl\Win64;C:\Program Files (x86)\Embarcadero\RAD Studio\12.0\bin;C:\Users\Public\Documents\RAD Studio\12.0\Bpl;C:\Program Files (x86)\Embarcadero\RAD Studio\12.0\bin64;C:\Users\Public\Documents\RAD Studio\12.0\Bpl\Win64;C:\Program Files (x86)\Embarcadero\RAD Studio\9.0\bin;C:\Users\Public\Documents\RAD Studio\9.0\Bpl;C:\Program Files (x86)\Embarcadero\RAD Studio\9.0\bin64;C:\Users\Public\Documents\RAD Studio\9.0\Bpl\Win64;C:\Program Files (x86)\Borland\Delphi7\Bin;C:\Program Files (x86)\Borland\Delphi7\Projects\Bpl\;C:\Windows\system32;C:\Windows;C:\Windows\System32\Wbem;C:\Windows\System32\WindowsPowerShell\v1.0\;C:\Program Files\OpenVPN\bin;C:\Program Files\TortoiseGit\bin;C:\Program Files\Microsoft SQL Server\110\DTS\Binn\;C:\Program Files (x86)\Microsoft SQL Server\110\Tools\Binn\;C:\Program Files\Microsoft SQL Server\110\Tools\Binn\;C:\Program Files (x86)\Microsoft SQL Server\110\Tools\Binn\ManagementStudio\;C:\Program Files (x86)\Microsoft Visual Studio 10.0\Common7\IDE\PrivateAssemblies\;C:\Program Files (x86)\Microsoft SQL Server\110\DTS\Binn\;C:\Program Files\nodejs\;C:\Program Files\MongoDB\Server\3.2\bin;C:\Program Files\TortoiseSVN\bin;C:\Program Files (x86)\Skype\Phone\;C:\Program Files (x86)\Common Files\Tom Sawyer Software\8.0.0;C:\LIB\JAVA_LIB\apache-maven-3.3.9\bin;C:\Users\xchinjo\AppData\Local\atom\bin;C:\Users\xchinjo\AppData\Roaming\npm	PATHEXT=.COM;.EXE;.BAT;.CMD;.VBS;.VBE;.JS;.JSE;.WSF;.WSH;.MSC	PROCESSOR_ARCHITECTURE=AMD64	PROCESSOR_IDENTIFIER=Intel64 Family 6 Model 42 Stepping 7, GenuineIntel	PROCESSOR_LEVEL=6	PROCESSOR_REVISION=2a07	ProgramData=C:\ProgramData	ProgramFiles=C:\Program Files	ProgramFiles(x86)=C:\Program Files (x86)	ProgramW6432=C:\Program Files	PSModulePath=C:\Program Files\WindowsPowerShell\Modules;C:\Windows\system32\WindowsPowerShell\v1.0\Modules;C:\Program Files (x86)\Microsoft SQL Server\110\Tools\PowerShell\Modules\	PUBLIC=C:\Users\Public	SystemDrive=C:	SystemRoot=C:\Windows	TEMP=C:\Users\xchinjo\AppData\Local\Temp	TMP=C:\Users\xchinjo\AppData\Local\Temp	TVT=C:\Program Files (x86)\Lenovo	USERDOMAIN=DESKTOP-LRSF58E	USERDOMAIN_ROAMINGPROFILE=DESKTOP-LRSF58E	USERNAME=xchinjo	USERPROFILE=C:\Users\xchinjo	VBOX_MSI_INSTALL_PATH=C:\Program Files\Oracle\VirtualBox\	windir=C:\Windows	__COMPAT_LAYER=RunAsAdmin InstallerTSQLLog 1.18.2833 FTS3 2016-08-12T12:19:4420160812 12194412  !  +    SynDBODBC.TODBCConnection(01633DD0).0000000100099024 
20160812 12194412  !  -    00.000.006
20160812 12194412  !  +    0000000100098953 
20160812 12194414  ! debug 	Connected to MySQL using myodbc3.dll 5.5.5-10.1.14-MariaDB recognized as MySQL
20160812 12194414  !  -    00.029.246
20160812 12194414  !  +    SynSQLite3.TSQLDatabase(01633E90).DBOpen 
20160812 12194414  ! DB    	SynSQLite3.TSQLDatabase(01633E90) ":memory:" database file opened with PageSize=1024 and CacheSize=2000
20160812 12194414  !  -    00.000.336
20160812 12194414  ! SQL   SynSQLite3.TSQLDatabase(01633E90) 31us  returned 0 rows SELECT name FROM sqlite_master WHERE type='table' AND name NOT LIKE 'sqlite_%';
20160812 12194414  ! DB    mORMotSQLite3.TSQLRestServerDB(015E18A0) CreateMissingTables on {"TSQLDatabase(01633E90)":{"FileName":":memory:","IsMemory":true,"UseCache":true,"TransactionActive":false,"BusyTimeout":0,"CacheSize":2000,"PageSize":1024,"PageCount":0,"FileSize":0,"WALMode":false,"Synchronous":"smFull","LockingMode":"lmNormal","MemoryMappedMB":0,"user_version":0,"OpenV2Flags":6,"BackupBackgroundInProcess":false,"BackupBackgroundLastTime":"","BackupBackgroundLastFileName":"","SQLite3Library":{"TSQLite3LibraryDynamic(015DCC40)":{"LibraryName":"sqlite3-64.dll","Version":"3.11.1 with internal MM"}}}}
20160812 12194414  ! DB    mORMotSQLite3.TSQLRestServerDB(015E18A0) "GetTables":[]
20160812 12194414  ! SQL   SynSQLite3.TSQLDatabase(01633E90) 3us  BEGIN TRANSACTION;
20160812 12194414  !  +    mORMotDB.TSQLRestStorageExternal(01676410).Create TSQLINVM_PROD
20160812 12194414  !  -    00.000.001
20160812 12194414  ! info  mORMotDB.TSQLRestStorageExternal(01676410) TSQLINVM_PROD {"TODBCConnectionProperties(0163BD20)":{"Engine":"ODBC","ServerName":"","DatabaseNameSafe":"Driver=MySQL ODBC 3.51 Driver;Database=SAM;Server=124.109.2.164;Port=3307;USER=insysc;Password=insysc1234567890*","UserID":"","DBMS":"dMySQL","DBMSEngineName":"MySQL","BatchSendingAbilities":["cCreate"],"BatchMaxSentAtOnce":4096,"LoggedSQLMaxSize":0,"LogSQLStatementOnException":false,"ForcedSchemaName":"","UseCache":true,"RollbackOnDisconnect":true,"StoreVoidStringAsNull":false,"VariantStringAsWideString":false}} Server={"TSQLRestServerDB(015E18A0)":{"DB":{"TSQLDatabase(01633E90)":{"FileName":":memory:","IsMemory":true,"UseCache":true,"TransactionActive":true,"BusyTimeout":0,"CacheSize":2000,"PageSize":1024,"PageCount":2,"FileSize":2048,"WALMode":false,"Synchronous":"smFull","LockingMode":"lmNormal","MemoryMappedMB":0,"user_version":0,"OpenV2Flags":6,"BackupBackgroundInProcess":false,"BackupBackgroundLastTime":"","BackupBackgroundLastFileName":"","SQLite3Library":{"TSQLite3LibraryDynamic(015DCC40)":{"LibraryName":"sqlite3-64.dll","Version":"3.11.1 with internal MM"}}}},"StatementLastException":"","NoAJAXJSON":false,"Options":[],"HandleAuthentication":false,"BypassORMAuthentication":[],"Stats":{"StartDate":"2016-08-12 12:19:44","Success":0,"ServiceMethod":0,"ServiceInterface":0,"OutcomingFiles":0,"CurrentThreadCount":0,"Created":0,"Read":0,"Updated":0,"Deleted":0,"ClientsCurrent":0,"ClientsMax":0,"CurrentRequestCount":0,"Input":{"Bytes":0,"Text":"0 B"},"Output":{"Bytes":0,"Text":"0 B"},"InputThroughput":{"BytesPerSec":0,"Text":"0 B/s"},"OutputThroughput":{"BytesPerSec":0,"Text":"0 B/s"},"Processing":false,"TaskCount":0,"TotalTime":{"MicroSec":0,"Text":"0us"},"LastTime":{"MicroSec":0,"Text":"0us"},"MinimalTime":{"MicroSec":0,"Text":"0us"},"AverageTime":{"MicroSec":0,"Text":"0us"},"MaximalTime":{"MicroSec":0,"Text":"0us"},"PerSec":0,"Errors":0,"LastError":null},"StatLevels":["mlTables","mlMethods","mlInterfaces","mlSQLite3"],"StaticVirtualTableDirect":true,"ServerTimeStamp":135322322156}}
20160812 12194414  !  +    SynDBODBC.TODBCStatement(015BB930).000000010009BACD 
20160812 12194414  !  -    00.000.051
20160812 12194414  !  +    SynDBODBC.TODBCStatement(015BB930).000000010009B019 
20160812 12194414  ! SQL   	SynDBODBC.TODBCStatement(015BB930) select COLUMN_NAME, DATA_TYPE, CHARACTER_MAXIMUM_LENGTH, NUMERIC_PRECISION, NUMERIC_SCALE, 0 INDEX_COUNT from INFORMATION_SCHEMA.COLUMNS where UPPER(TABLE_SCHEMA) = 'DRIVER=MYSQL ODBC 3.51 DRIVER;DATABASE=SAM;SERVER=124.109.2.164;PORT=3307;USER=INSYSC;PASSWORD=INSYSC1234567890*' and UPPER(TABLE_NAME) = 'INVM_PROD'
20160812 12194415  !  -    00.010.437
20160812 12194416  ! debug mORMotDB.TSQLRestStorageExternal(01676410) "GetFields":[{"ColumnName":"ID","ColumnTypeNative":"bigint","ColumnLength":19,"ColumnPrecision":10,"ColumnScale":0,"ColumnType":2,"ColumnIndexed":true},{"ColumnName":"PRDRUN","ColumnTypeNative":"bigint","ColumnLength":19,"ColumnPrecision":10,"ColumnScale":0,"ColumnType":2,"ColumnIndexed":false},{"ColumnName":"PRDCDE","ColumnTypeNative":"varchar","ColumnLength":60,"ColumnPrecision":0,"ColumnScale":0,"ColumnType":6,"ColumnIndexed":false},{"ColumnName":"PRDBAR","ColumnTypeNative":"varchar","ColumnLength":60,"ColumnPrecision":0,"ColumnScale":0,"ColumnType":6,"ColumnIndexed":false},{"ColumnName":"PRDNAT","ColumnTypeNative":"varchar","ColumnLength":200,"ColumnPrecision":0,"ColumnScale":0,"ColumnType":6,"ColumnIndexed":false},{"ColumnName":"PRDNAE","ColumnTypeNative":"varchar","ColumnLength":200,"ColumnPrecision":0,"ColumnScale":0,"ColumnType":6,"ColumnIndexed":false},{"ColumnName":"PRDNSE","ColumnTypeNative":"varchar","ColumnLength":200,"ColumnPrecision":0,"ColumnScale":0,"ColumnType":6,"ColumnIndexed":false},{"ColumnName":"MANRUN","ColumnTypeNative":"bigint","ColumnLength":19,"ColumnPrecision":10,"ColumnScale":0,"ColumnType":2,"ColumnIndexed":false},{"ColumnName":"PRDREG","ColumnTypeNative":"datetime","ColumnLength":19,"ColumnPrecision":10,"ColumnScale":0,"ColumnType":5,"ColumnIndexed":false},{"ColumnName":"PTYRUN","ColumnTypeNative":"bigint","ColumnLength":19,"ColumnPrecision":10,"ColumnScale":0,"ColumnType":2,"ColumnIndexed":false},{"ColumnName":"UNIRUN","ColumnTypeNative":"bigint","ColumnLength":19,"ColumnPrecision":10,"ColumnScale":0,"ColumnType":2,"ColumnIndexed":false},{"ColumnName":"PRDCOA","ColumnTypeNative":"decimal","ColumnLength":19,"ColumnPrecision":10,"ColumnScale":4,"ColumnType":4,"ColumnIndexed":false},{"ColumnName":"PRDCOU","ColumnTypeNative":"decimal","ColumnLength":19,"ColumnPrecision":10,"ColumnScale":4,"ColumnType":4,"ColumnIndexed":false},{"ColumnName":"ROURUN","ColumnTypeNative":"bigint","ColumnLength":19,"ColumnPrecision":10,"ColumnScale":0,"ColumnType":2,"ColumnIndexed":false},{"ColumnName":"VENRUN","ColumnTypeNative":"bigint","ColumnLength":19,"ColumnPrecision":10,"ColumnScale":0,"ColumnType":2,"ColumnIndexed":false},{"ColumnName":"ROUCDE","ColumnTypeNative":"varchar","ColumnLength":60,"ColumnPrecision":0,"ColumnScale":0,"ColumnType":6,"ColumnIndexed":false},{"ColumnName":"PSTRUN","ColumnTypeNative":"varchar","ColumnLength":60,"ColumnPrecision":0,"ColumnScale":0,"ColumnType":6,"ColumnIndexed":false},{"ColumnName":"CMPCDE","ColumnTypeNative":"varchar","ColumnLength":5,"ColumnPrecision":0,"ColumnScale":0,"ColumnType":6,"ColumnIndexed":false},{"ColumnName":"CMPBRN","ColumnTypeNative":"varchar","ColumnLength":5,"ColumnPrecision":0,"ColumnScale":0,"ColumnType":6,"ColumnIndexed":false},{"ColumnName":"CMPDEP","ColumnTypeNative":"varchar","ColumnLength":5,"ColumnPrecision":0,"ColumnScale":0,"ColumnType":6,"ColumnIndexed":false},{"ColumnName":"CMPSEC","ColumnTypeNative":"varchar","ColumnLength":5,"ColumnPrecision":0,"ColumnScale":0,"ColumnType":6,"ColumnIndexed":false},{"ColumnName":"ENTUSR","ColumnTypeNative":"varchar","ColumnLength":60,"ColumnPrecision":0,"ColumnScale":0,"ColumnType":6,"ColumnIndexed":false},{"ColumnName":"ENTDTE","ColumnTypeNative":"datetime","ColumnLength":19,"ColumnPrecision":10,"ColumnScale":0,"ColumnType":5,"ColumnIndexed":false},{"ColumnName":"ENTTIM","ColumnTypeNative":"datetime","ColumnLength":19,"ColumnPrecision":10,"ColumnScale":0,"ColumnType":5,"ColumnIndexed":false},{"ColumnName":"ENTWKS","ColumnTypeNative":"varchar","ColumnLength":100,"ColumnPrecision":0,"ColumnScale":0,"ColumnType":6,"ColumnIndexed":false},{"ColumnName":"MODUSR","ColumnTypeNative":"varchar","ColumnLength":60,"ColumnPrecision":0,"ColumnScale":0,"ColumnType":6,"ColumnIndexed":false},{"ColumnName":"MODDTE","ColumnTypeNative":"datetime","ColumnLength":19,"ColumnPrecision":10,"ColumnScale":0,"ColumnType":5,"ColumnIndexed":false},{"ColumnName":"MODTIM","ColumnTypeNative":"datetime","ColumnLength":19,"ColumnPrecision":10,"ColumnScale":0,"ColumnType":5,"ColumnIndexed":false},{"ColumnName":"MODWKS","ColumnTypeNative":"varchar","ColumnLength":100,"ColumnPrecision":0,"ColumnScale":0,"ColumnType":6,"ColumnIndexed":false},{"ColumnName":"RECACT","ColumnTypeNative":"varchar","ColumnLength":10,"ColumnPrecision":0,"ColumnScale":0,"ColumnType":6,"ColumnIndexed":false},{"ColumnName":"RECSTS","ColumnTypeNative":"varchar","ColumnLength":10,"ColumnPrecision":0,"ColumnScale":0,"ColumnType":6,"ColumnIndexed":false},{"ColumnName":"RECSEQ","ColumnTypeNative":"bigint","ColumnLength":19,"ColumnPrecision":10,"ColumnScale":0,"ColumnType":2,"ColumnIndexed":false},{"ColumnName":"RECFL1","ColumnTypeNative":"varchar","ColumnLength":3,"ColumnPrecision":0,"ColumnScale":0,"ColumnType":6,"ColumnIndexed":false},{"ColumnName":"RECFL2","ColumnTypeNative":"varchar","ColumnLength":3,"ColumnPrecision":0,"ColumnScale":0,"ColumnType":6,"ColumnIndexed":false},{"ColumnName":"RECFL3","ColumnTypeNative":"varchar","ColumnLength":3,"ColumnPrecision":0,"ColumnScale":0,"ColumnType":6,"ColumnIndexed":false},{"ColumnName":"RECFL4","ColumnTypeNative":"varchar","ColumnLength":3,"ColumnPrecision":0,"ColumnScale":0,"ColumnType":6,"ColumnIndexed":false},{"ColumnName":"RECFL5","ColumnTypeNative":"varchar","ColumnLength":3,"ColumnPrecision":0,"ColumnScale":0,"ColumnType":6,"ColumnIndexed":false},{"ColumnName":"ENTUID","ColumnTypeNative":"bigint","ColumnLength":19,"ColumnPrecision":10,"ColumnScale":0,"ColumnType":2,"ColumnIndexed":false},{"ColumnName":"MODUID","ColumnTypeNative":"bigint","ColumnLength":19,"ColumnPrecision":10,"ColumnScale":0,"ColumnType":2,"ColumnIndexed":false}]
20160812 12194416  ! SQL   SynSQLite3.TSQLDatabase(01633E90) 26.05ms  CREATE VIRTUAL TABLE INVM_PROD USING External(PRDRUN INTEGER, PRDCDE TEXT COLLATE SYSTEMNOCASE, PRDBAR TEXT COLLATE SYSTEMNOCASE, PRDNAT TEXT COLLATE SYSTEMNOCASE, PRDNAE TEXT COLLATE SYSTEMNOCASE, PRDNSE TEXT COLLATE SYSTEMNOCASE, MANRUN INTEGER, PRDREG TEXT COLLATE ISO8601, PTYRUN INTEGER, UNIRUN INTEGER, PRDCOA FLOAT, PRDCOU FLOAT, ROURUN INTEGER, VENRUN INTEGER, ROUCDE TEXT COLLATE SYSTEMNOCASE, PSTRUN TEXT COLLATE SYSTEMNOCASE, CMPCDE TEXT COLLATE SYSTEMNOCASE, CMPBRN TEXT COLLATE SYSTEMNOCASE, CMPDEP TEXT COLLATE SYSTEMNOCASE, CMPSEC TEXT COLLATE SYSTEMNOCASE, ENTUSR TEXT COLLATE SYSTEMNOCASE, ENTDTE TEXT COLLATE ISO8601, ENTTIM TEXT COLLATE ISO8601, ENTWKS TEXT COLLATE SYSTEMNOCASE, MODUSR TEXT COLLATE SYSTEMNOCASE, MODDTE TEXT COLLATE ISO8601, MODTIM TEXT COLLATE ISO8601, MODWKS TEXT COLLATE SYSTEMNOCASE, RECACT TEXT COLLATE SYSTEMNOCASE, RECSTS TEXT COLLATE SYSTEMNOCASE, RECSEQ INTEGER, RECFL1 TEXT COLLATE SYSTEMNOCASE, RECFL2 TEXT COLLATE SYSTEMNOCASE, RECFL3 TEXT COLLATE SYSTEMNOCASE, RECFL4 TEXT COLLATE SYSTEMNOCASE, RECFL5 TEXT COLLATE SYSTEMNOCASE, ENTUID INTEGER, MODUID INTEGER);
20160812 12194416  !  +    SynDBODBC.TODBCStatement(015BB7F0).000000010009BACD 
20160812 12194416  !  -    00.000.019
20160812 12194416  !  +    SynDBODBC.TODBCStatement(015BB7F0).000000010009B019 
20160812 12194416  ! SQL   	SynDBODBC.TODBCStatement(015BB7F0) select ID from INVM_PROD limit 1
20160812 12194416  !  -    00.003.839
20160812 12194416  ! SQL   SynSQLite3.TSQLDatabase(01633E90) 14us  COMMIT TRANSACTION;
20160812 12194416  !  +    mORMotHttpServer.TSQLHttpServer(01644830).Create useHttpApiRegisteringURI (secNone) on port 8880
20160812 12194416  !  -    00.000.001
20160812 12194416  ! http  mORMotHttpServer.TSQLHttpServer(01644830) http.sys registration of http://+:8880/root
20160812 12194416  " info  SetThreadName 00000AF8=TSQLHttpServer 8880/root THttpApiServer
20160812 12194416  " trace mORMotSQLite3.TSQLRestServerDB(015E18A0) BeginCurrentThread(THttpApiServer) root=root ThreadID=00000AF8 ThreadCount=1
20160812 12194416  # info  SetThreadName 00002420=TSQLHttpServer 8880/root THttpApiServer
20160812 12194416  # trace mORMotSQLite3.TSQLRestServerDB(015E18A0) BeginCurrentThread(THttpApiServer) root=root ThreadID=00002420 ThreadCount=2
20160812 12194416  $ info  SetThreadName 00000AEC=TSQLHttpServer 8880/root THttpApiServer
20160812 12194416  $ trace mORMotSQLite3.TSQLRestServerDB(015E18A0) BeginCurrentThread(THttpApiServer) root=root ThreadID=00000AEC ThreadCount=3
20160812 12194416  % info  SetThreadName 00001A78=TSQLHttpServer 8880/root THttpApiServer
20160812 12194416  % trace mORMotSQLite3.TSQLRestServerDB(015E18A0) BeginCurrentThread(THttpApiServer) root=root ThreadID=00001A78 ThreadCount=4
20160812 12194416  & info  SetThreadName 00002378=TSQLHttpServer 8880/root THttpApiServer
20160812 12194416  & trace mORMotSQLite3.TSQLRestServerDB(015E18A0) BeginCurrentThread(THttpApiServer) root=root ThreadID=00002378 ThreadCount=5
20160812 12194416  ' info  SetThreadName 00000A94=TSQLHttpServer 8880/root THttpApiServer
20160812 12194416  ' trace mORMotSQLite3.TSQLRestServerDB(015E18A0) BeginCurrentThread(THttpApiServer) root=root ThreadID=00000A94 ThreadCount=6
20160812 12194416  ( info  SetThreadName 00001110=TSQLHttpServer 8880/root THttpApiServer
20160812 12194416  ( trace mORMotSQLite3.TSQLRestServerDB(015E18A0) BeginCurrentThread(THttpApiServer) root=root ThreadID=00001110 ThreadCount=7
20160812 12194416  ! http  mORMotHttpServer.TSQLHttpServer(01644830) {"THttpApiServer(0162C2A0)":{"Cloned":false,"RegisteredUrl":"http://+:8880/root/","HTTPQueueLength":1000,"MaxBandwidth":-1,"MaxConnections":-1,"APIVersion":"HTTP API 2.0","ServerName":"Synopse mORMot (Windows)","ProcessName":"root "}} initialized for root
20160812 12194416  ) info  SetThreadName 00002AC0=TSQLHttpServer 8880/root THttpApiServer
20160812 12194416  ) trace mORMotSQLite3.TSQLRestServerDB(015E18A0) BeginCurrentThread(THttpApiServer) root=root ThreadID=00002AC0 ThreadCount=8
20160812 12194416  * info  SetThreadName 00001554=TSQLHttpServer 8880/root THttpApiServer
20160812 12194416  * trace mORMotSQLite3.TSQLRestServerDB(015E18A0) BeginCurrentThread(THttpApiServer) root=root ThreadID=00001554 ThreadCount=9
20160812 12194416  + info  SetThreadName 000017B4=TSQLHttpServer 8880/root THttpApiServer
20160812 12194416  + trace mORMotSQLite3.TSQLRestServerDB(015E18A0) BeginCurrentThread(THttpApiServer) root=root ThreadID=000017B4 ThreadCount=10
20160812 12194416  , info  SetThreadName 00002A04=TSQLHttpServer 8880/root THttpApiServer
20160812 12194416  , trace mORMotSQLite3.TSQLRestServerDB(015E18A0) BeginCurrentThread(THttpApiServer) root=root ThreadID=00002A04 ThreadCount=11
20160812 12194416  - info  SetThreadName 000023C4=TSQLHttpServer 8880/root THttpApiServer
20160812 12194416  - trace mORMotSQLite3.TSQLRestServerDB(015E18A0) BeginCurrentThread(THttpApiServer) root=root ThreadID=000023C4 ThreadCount=12
20160812 12194416  . info  SetThreadName 00001DBC=TSQLHttpServer 8880/root THttpApiServer
20160812 12194416  . trace mORMotSQLite3.TSQLRestServerDB(015E18A0) BeginCurrentThread(THttpApiServer) root=root ThreadID=00001DBC ThreadCount=13
20160812 12194416  / info  SetThreadName 000024C4=TSQLHttpServer 8880/root THttpApiServer
20160812 12194416  / trace mORMotSQLite3.TSQLRestServerDB(015E18A0) BeginCurrentThread(THttpApiServer) root=root ThreadID=000024C4 ThreadCount=14
20160812 12194416  0 info  SetThreadName 00001130=TSQLHttpServer 8880/root THttpApiServer
20160812 12194416  0 trace mORMotSQLite3.TSQLRestServerDB(015E18A0) BeginCurrentThread(THttpApiServer) root=root ThreadID=00001130 ThreadCount=15
20160812 12194416  1 info  SetThreadName 00000008=TSQLHttpServer 8880/root THttpApiServer
20160812 12194416  1 trace mORMotSQLite3.TSQLRestServerDB(015E18A0) BeginCurrentThread(THttpApiServer) root=root ThreadID=00000008 ThreadCount=16
20160812 12194416  2 info  SetThreadName 00001D34=TSQLHttpServer 8880/root THttpApiServer
20160812 12194416  2 trace mORMotSQLite3.TSQLRestServerDB(015E18A0) BeginCurrentThread(THttpApiServer) root=root ThreadID=00001D34 ThreadCount=17
20160812 12194416  3 info  SetThreadName 00000AAC=TSQLHttpServer 8880/root THttpApiServer
20160812 12194416  3 trace mORMotSQLite3.TSQLRestServerDB(015E18A0) BeginCurrentThread(THttpApiServer) root=root ThreadID=00000AAC ThreadCount=18
20160812 12194416  4 info  SetThreadName 000028A8=TSQLHttpServer 8880/root THttpApiServer
20160812 12194416  4 trace mORMotSQLite3.TSQLRestServerDB(015E18A0) BeginCurrentThread(THttpApiServer) root=root ThreadID=000028A8 ThreadCount=19
20160812 12194416  5 info  SetThreadName 0000253C=TSQLHttpServer 8880/root THttpApiServer
20160812 12194416  5 trace mORMotSQLite3.TSQLRestServerDB(015E18A0) BeginCurrentThread(THttpApiServer) root=root ThreadID=0000253C ThreadCount=20
20160812 12194416  6 info  SetThreadName 00001C64=TSQLHttpServer 8880/root THttpApiServer
20160812 12194416  6 trace mORMotSQLite3.TSQLRestServerDB(015E18A0) BeginCurrentThread(THttpApiServer) root=root ThreadID=00001C64 ThreadCount=21
20160812 12194416  7 info  SetThreadName 00002950=TSQLHttpServer 8880/root THttpApiServer
20160812 12194416  7 trace mORMotSQLite3.TSQLRestServerDB(015E18A0) BeginCurrentThread(THttpApiServer) root=root ThreadID=00002950 ThreadCount=22
20160812 12194417  8 info  SetThreadName 00001CC8=TSQLHttpServer 8880/root THttpApiServer
20160812 12194417  8 trace mORMotSQLite3.TSQLRestServerDB(015E18A0) BeginCurrentThread(THttpApiServer) root=root ThreadID=00001CC8 ThreadCount=23
20160812 12194417  9 info  SetThreadName 00001C08=TSQLHttpServer 8880/root THttpApiServer
20160812 12194417  9 trace mORMotSQLite3.TSQLRestServerDB(015E18A0) BeginCurrentThread(THttpApiServer) root=root ThreadID=00001C08 ThreadCount=24
20160812 12194417  : info  SetThreadName 00000DF0=TSQLHttpServer 8880/root THttpApiServer
20160812 12194417  : trace mORMotSQLite3.TSQLRestServerDB(015E18A0) BeginCurrentThread(THttpApiServer) root=root ThreadID=00000DF0 ThreadCount=25
20160812 12194417  ; info  SetThreadName 00000714=TSQLHttpServer 8880/root THttpApiServer
20160812 12194417  ; trace mORMotSQLite3.TSQLRestServerDB(015E18A0) BeginCurrentThread(THttpApiServer) root=root ThreadID=00000714 ThreadCount=26
20160812 12194417  < info  SetThreadName 000022B0=TSQLHttpServer 8880/root THttpApiServer
20160812 12194417  < trace mORMotSQLite3.TSQLRestServerDB(015E18A0) BeginCurrentThread(THttpApiServer) root=root ThreadID=000022B0 ThreadCount=27
20160812 12194417  = info  SetThreadName 00002280=TSQLHttpServer 8880/root THttpApiServer
20160812 12194417  = trace mORMotSQLite3.TSQLRestServerDB(015E18A0) BeginCurrentThread(THttpApiServer) root=root ThreadID=00002280 ThreadCount=28
20160812 12194417  > info  SetThreadName 00001B5C=TSQLHttpServer 8880/root THttpApiServer
20160812 12194417  > trace mORMotSQLite3.TSQLRestServerDB(015E18A0) BeginCurrentThread(THttpApiServer) root=root ThreadID=00001B5C ThreadCount=29
20160812 12194417  ? info  SetThreadName 00002B48=TSQLHttpServer 8880/root THttpApiServer
20160812 12194417  ? trace mORMotSQLite3.TSQLRestServerDB(015E18A0) BeginCurrentThread(THttpApiServer) root=root ThreadID=00002B48 ThreadCount=30
20160812 12194417  @ info  SetThreadName 000008C4=TSQLHttpServer 8880/root THttpApiServer
20160812 12194417  @ trace mORMotSQLite3.TSQLRestServerDB(015E18A0) BeginCurrentThread(THttpApiServer) root=root ThreadID=000008C4 ThreadCount=31
20160812 12194417  A info  SetThreadName 000025C8=TSQLHttpServer 8880/root THttpApiServer
20160812 12194417  A trace mORMotSQLite3.TSQLRestServerDB(015E18A0) BeginCurrentThread(THttpApiServer) root=root ThreadID=000025C8 ThreadCount=32
20160812 12195457  !  +    mORMotHttpServer.TSQLHttpServer(01644830).000000010011B925 
20160812 12195457  !  -    00.000.001
20160812 12195457  ! http  mORMotHttpServer.TSQLHttpServer(01644830) {"THttpApiServer(0162C2A0)":{"Cloned":false,"RegisteredUrl":"http://+:8880/root/","HTTPQueueLength":1000,"MaxBandwidth":-1,"MaxConnections":-1,"APIVersion":"HTTP API 2.0","ServerName":"Synopse mORMot (Windows)","ProcessName":"root "}} finalized for 1 server(s)
20160812 12195457  " trace mORMotSQLite3.TSQLRestServerDB(015E18A0) EndCurrentThread(THttpApiServer) ThreadID=00000AF8 ThreadCount=31
20160812 12195457  * trace mORMotSQLite3.TSQLRestServerDB(015E18A0) EndCurrentThread(THttpApiServer) ThreadID=00001554 ThreadCount=23
20160812 12195457  , trace mORMotSQLite3.TSQLRestServerDB(015E18A0) EndCurrentThread(THttpApiServer) ThreadID=00002A04 ThreadCount=21
20160812 12195457  $ trace mORMotSQLite3.TSQLRestServerDB(015E18A0) EndCurrentThread(THttpApiServer) ThreadID=00000AEC ThreadCount=29
20160812 12195457  & trace mORMotSQLite3.TSQLRestServerDB(015E18A0) EndCurrentThread(THttpApiServer) ThreadID=00002378 ThreadCount=28
20160812 12195457  - trace mORMotSQLite3.TSQLRestServerDB(015E18A0) EndCurrentThread(THttpApiServer) ThreadID=000023C4 ThreadCount=20
20160812 12195457  ' trace mORMotSQLite3.TSQLRestServerDB(015E18A0) EndCurrentThread(THttpApiServer) ThreadID=00000A94 ThreadCount=27
20160812 12195457  % trace mORMotSQLite3.TSQLRestServerDB(015E18A0) EndCurrentThread(THttpApiServer) ThreadID=00001A78 ThreadCount=26
20160812 12195457  ( trace mORMotSQLite3.TSQLRestServerDB(015E18A0) EndCurrentThread(THttpApiServer) ThreadID=00001110 ThreadCount=25
20160812 12195457  ) trace mORMotSQLite3.TSQLRestServerDB(015E18A0) EndCurrentThread(THttpApiServer) ThreadID=00002AC0 ThreadCount=24
20160812 12195457  + trace mORMotSQLite3.TSQLRestServerDB(015E18A0) EndCurrentThread(THttpApiServer) ThreadID=000017B4 ThreadCount=22
20160812 12195457  # trace mORMotSQLite3.TSQLRestServerDB(015E18A0) EndCurrentThread(THttpApiServer) ThreadID=00002420 ThreadCount=30
20160812 12195457  / trace mORMotSQLite3.TSQLRestServerDB(015E18A0) EndCurrentThread(THttpApiServer) ThreadID=000024C4 ThreadCount=19
20160812 12195457  . trace mORMotSQLite3.TSQLRestServerDB(015E18A0) EndCurrentThread(THttpApiServer) ThreadID=00001DBC ThreadCount=18
20160812 12195457  0 trace mORMotSQLite3.TSQLRestServerDB(015E18A0) EndCurrentThread(THttpApiServer) ThreadID=00001130 ThreadCount=17
20160812 12195457  1 trace mORMotSQLite3.TSQLRestServerDB(015E18A0) EndCurrentThread(THttpApiServer) ThreadID=00000008 ThreadCount=16
20160812 12195457  2 trace mORMotSQLite3.TSQLRestServerDB(015E18A0) EndCurrentThread(THttpApiServer) ThreadID=00001D34 ThreadCount=15
20160812 12195457  3 trace mORMotSQLite3.TSQLRestServerDB(015E18A0) EndCurrentThread(THttpApiServer) ThreadID=00000AAC ThreadCount=14
20160812 12195457  4 trace mORMotSQLite3.TSQLRestServerDB(015E18A0) EndCurrentThread(THttpApiServer) ThreadID=000028A8 ThreadCount=13
20160812 12195457  5 trace mORMotSQLite3.TSQLRestServerDB(015E18A0) EndCurrentThread(THttpApiServer) ThreadID=0000253C ThreadCount=12
20160812 12195457  6 trace mORMotSQLite3.TSQLRestServerDB(015E18A0) EndCurrentThread(THttpApiServer) ThreadID=00001C64 ThreadCount=11
20160812 12195457  7 trace mORMotSQLite3.TSQLRestServerDB(015E18A0) EndCurrentThread(THttpApiServer) ThreadID=00002950 ThreadCount=10
20160812 12195457  8 trace mORMotSQLite3.TSQLRestServerDB(015E18A0) EndCurrentThread(THttpApiServer) ThreadID=00001CC8 ThreadCount=9
20160812 12195457  9 trace mORMotSQLite3.TSQLRestServerDB(015E18A0) EndCurrentThread(THttpApiServer) ThreadID=00001C08 ThreadCount=8
20160812 12195457  : trace mORMotSQLite3.TSQLRestServerDB(015E18A0) EndCurrentThread(THttpApiServer) ThreadID=00000DF0 ThreadCount=7
20160812 12195457  ; trace mORMotSQLite3.TSQLRestServerDB(015E18A0) EndCurrentThread(THttpApiServer) ThreadID=00000714 ThreadCount=6
20160812 12195457  < trace mORMotSQLite3.TSQLRestServerDB(015E18A0) EndCurrentThread(THttpApiServer) ThreadID=000022B0 ThreadCount=5
20160812 12195457  = trace mORMotSQLite3.TSQLRestServerDB(015E18A0) EndCurrentThread(THttpApiServer) ThreadID=00002280 ThreadCount=4
20160812 12195457  > trace mORMotSQLite3.TSQLRestServerDB(015E18A0) EndCurrentThread(THttpApiServer) ThreadID=00001B5C ThreadCount=3
20160812 12195457  ? trace mORMotSQLite3.TSQLRestServerDB(015E18A0) EndCurrentThread(THttpApiServer) ThreadID=00002B48 ThreadCount=2
20160812 12195457  @ trace mORMotSQLite3.TSQLRestServerDB(015E18A0) EndCurrentThread(THttpApiServer) ThreadID=000008C4 ThreadCount=1
20160812 12195457  A trace mORMotSQLite3.TSQLRestServerDB(015E18A0) EndCurrentThread(THttpApiServer) ThreadID=000025C8 ThreadCount=0
20160812 12195457  !  +    mORMotSQLite3.TSQLRestServerDB(015E18A0).00000001000A8762 
20160812 12195457  !  +    	mORMotSQLite3.TSQLRestServerDB(015E18A0).Shutdown CurrentRequestCount=0 File=
20160812 12195457  !  -    	00.006.014
20160812 12195457  !  +    	SynSQLite3.TSQLDatabase(01633E90).Destroy 
20160812 12195457  !  +    		00000001000B15E2 
20160812 12195457  ! DB    			SynSQLite3.TSQLDatabase(01633E90) closing ":memory:"
20160812 12195457  !  -    		00.000.056
20160812 12195457  !  -    	00.000.065
20160812 12195457  !  -    00.006.174
20160812 12195457  !  +    SynDBODBC.TODBCConnection(01633DD0).0000000100099206 
20160812 12195457  !  -    00.000.000
20160812 12195457  !  +    SynDBODBC.TODBCConnection(01633DD0).0000000100099024 
20160812 12195457  !  -    00.000.001
20160812 12195457  !  +    0000000100098953 
20160812 12195459  ! debug 	Connected to MySQL using myodbc3.dll 5.5.5-10.1.14-MariaDB recognized as MySQL
20160812 12195459  !  -    00.024.209
20160812 12195459  !  +    SynSQLite3.TSQLDatabase(01633E90).DBOpen 
20160812 12195459  ! DB    	SynSQLite3.TSQLDatabase(01633E90) ":memory:" database file opened with PageSize=1024 and CacheSize=2000
20160812 12195459  !  -    00.000.154
20160812 12195459  ! SQL   SynSQLite3.TSQLDatabase(01633E90) 27us  returned 0 rows SELECT name FROM sqlite_master WHERE type='table' AND name NOT LIKE 'sqlite_%';
20160812 12195459  ! DB    mORMotSQLite3.TSQLRestServerDB(015F6D80) CreateMissingTables on {"TSQLDatabase(01633E90)":{"FileName":":memory:","IsMemory":true,"UseCache":true,"TransactionActive":false,"BusyTimeout":0,"CacheSize":2000,"PageSize":1024,"PageCount":0,"FileSize":0,"WALMode":false,"Synchronous":"smFull","LockingMode":"lmNormal","MemoryMappedMB":0,"user_version":0,"OpenV2Flags":6,"BackupBackgroundInProcess":false,"BackupBackgroundLastTime":"","BackupBackgroundLastFileName":"","SQLite3Library":{"TSQLite3LibraryDynamic(015DCC40)":{"LibraryName":"sqlite3-64.dll","Version":"3.11.1 with internal MM"}}}}
20160812 12195459  ! DB    mORMotSQLite3.TSQLRestServerDB(015F6D80) "GetTables":[]
20160812 12195459  ! SQL   SynSQLite3.TSQLDatabase(01633E90) 4us  BEGIN TRANSACTION;
20160812 12195459  !  +    mORMotDB.TSQLRestStorageExternal(016663F0).Create TSQLINVM_PROD
20160812 12195459  !  -    00.000.001
20160812 12195459  ! info  mORMotDB.TSQLRestStorageExternal(016663F0) TSQLINVM_PROD {"TODBCConnectionProperties(0163BD20)":{"Engine":"ODBC","ServerName":"","DatabaseNameSafe":"Driver=MySQL ODBC 3.51 Driver;Database=SAM;Server=124.109.2.164;Port=3307;USER=insysc;Password=insysc1234567890*","UserID":"","DBMS":"dMySQL","DBMSEngineName":"MySQL","BatchSendingAbilities":["cCreate"],"BatchMaxSentAtOnce":4096,"LoggedSQLMaxSize":0,"LogSQLStatementOnException":false,"ForcedSchemaName":"","UseCache":true,"RollbackOnDisconnect":true,"StoreVoidStringAsNull":false,"VariantStringAsWideString":false}} Server={"TSQLRestServerDB(015F6D80)":{"DB":{"TSQLDatabase(01633E90)":{"FileName":":memory:","IsMemory":true,"UseCache":true,"TransactionActive":true,"BusyTimeout":0,"CacheSize":2000,"PageSize":1024,"PageCount":2,"FileSize":2048,"WALMode":false,"Synchronous":"smFull","LockingMode":"lmNormal","MemoryMappedMB":0,"user_version":0,"OpenV2Flags":6,"BackupBackgroundInProcess":false,"BackupBackgroundLastTime":"","BackupBackgroundLastFileName":"","SQLite3Library":{"TSQLite3LibraryDynamic(015DCC40)":{"LibraryName":"sqlite3-64.dll","Version":"3.11.1 with internal MM"}}}},"StatementLastException":"","NoAJAXJSON":false,"Options":[],"HandleAuthentication":false,"BypassORMAuthentication":[],"Stats":{"StartDate":"2016-08-12 12:19:54","Success":0,"ServiceMethod":0,"ServiceInterface":0,"OutcomingFiles":0,"CurrentThreadCount":0,"Created":0,"Read":0,"Updated":0,"Deleted":0,"ClientsCurrent":0,"ClientsMax":0,"CurrentRequestCount":0,"Input":{"Bytes":0,"Text":"0 B"},"Output":{"Bytes":0,"Text":"0 B"},"InputThroughput":{"BytesPerSec":0,"Text":"0 B/s"},"OutputThroughput":{"BytesPerSec":0,"Text":"0 B/s"},"Processing":false,"TaskCount":0,"TotalTime":{"MicroSec":0,"Text":"0us"},"LastTime":{"MicroSec":0,"Text":"0us"},"MinimalTime":{"MicroSec":0,"Text":"0us"},"AverageTime":{"MicroSec":0,"Text":"0us"},"MaximalTime":{"MicroSec":0,"Text":"0us"},"PerSec":0,"Errors":0,"LastError":null},"StatLevels":["mlTables","mlMethods","mlInterfaces","mlSQLite3"],"StaticVirtualTableDirect":true,"ServerTimeStamp":135322322166}}
20160812 12195459  !  +    SynDBODBC.TODBCStatement(015BB930).000000010009BACD 
20160812 12195459  !  -    00.000.029
20160812 12195459  !  +    SynDBODBC.TODBCStatement(015BB930).000000010009B019 
20160812 12195459  ! SQL   	SynDBODBC.TODBCStatement(015BB930) select COLUMN_NAME, DATA_TYPE, CHARACTER_MAXIMUM_LENGTH, NUMERIC_PRECISION, NUMERIC_SCALE, 0 INDEX_COUNT from INFORMATION_SCHEMA.COLUMNS where UPPER(TABLE_SCHEMA) = 'DRIVER=MYSQL ODBC 3.51 DRIVER;DATABASE=SAM;SERVER=124.109.2.164;PORT=3307;USER=INSYSC;PASSWORD=INSYSC1234567890*' and UPPER(TABLE_NAME) = 'INVM_PROD'
20160812 12195460  !  -    00.009.615
20160812 12195461  ! debug mORMotDB.TSQLRestStorageExternal(016663F0) "GetFields":[{"ColumnName":"ID","ColumnTypeNative":"bigint","ColumnLength":19,"ColumnPrecision":10,"ColumnScale":0,"ColumnType":2,"ColumnIndexed":true},{"ColumnName":"PRDRUN","ColumnTypeNative":"bigint","ColumnLength":19,"ColumnPrecision":10,"ColumnScale":0,"ColumnType":2,"ColumnIndexed":false},{"ColumnName":"PRDCDE","ColumnTypeNative":"varchar","ColumnLength":60,"ColumnPrecision":0,"ColumnScale":0,"ColumnType":6,"ColumnIndexed":false},{"ColumnName":"PRDBAR","ColumnTypeNative":"varchar","ColumnLength":60,"ColumnPrecision":0,"ColumnScale":0,"ColumnType":6,"ColumnIndexed":false},{"ColumnName":"PRDNAT","ColumnTypeNative":"varchar","ColumnLength":200,"ColumnPrecision":0,"ColumnScale":0,"ColumnType":6,"ColumnIndexed":false},{"ColumnName":"PRDNAE","ColumnTypeNative":"varchar","ColumnLength":200,"ColumnPrecision":0,"ColumnScale":0,"ColumnType":6,"ColumnIndexed":false},{"ColumnName":"PRDNSE","ColumnTypeNative":"varchar","ColumnLength":200,"ColumnPrecision":0,"ColumnScale":0,"ColumnType":6,"ColumnIndexed":false},{"ColumnName":"MANRUN","ColumnTypeNative":"bigint","ColumnLength":19,"ColumnPrecision":10,"ColumnScale":0,"ColumnType":2,"ColumnIndexed":false},{"ColumnName":"PRDREG","ColumnTypeNative":"datetime","ColumnLength":19,"ColumnPrecision":10,"ColumnScale":0,"ColumnType":5,"ColumnIndexed":false},{"ColumnName":"PTYRUN","ColumnTypeNative":"bigint","ColumnLength":19,"ColumnPrecision":10,"ColumnScale":0,"ColumnType":2,"ColumnIndexed":false},{"ColumnName":"UNIRUN","ColumnTypeNative":"bigint","ColumnLength":19,"ColumnPrecision":10,"ColumnScale":0,"ColumnType":2,"ColumnIndexed":false},{"ColumnName":"PRDCOA","ColumnTypeNative":"decimal","ColumnLength":19,"ColumnPrecision":10,"ColumnScale":4,"ColumnType":4,"ColumnIndexed":false},{"ColumnName":"PRDCOU","ColumnTypeNative":"decimal","ColumnLength":19,"ColumnPrecision":10,"ColumnScale":4,"ColumnType":4,"ColumnIndexed":false},{"ColumnName":"ROURUN","ColumnTypeNative":"bigint","ColumnLength":19,"ColumnPrecision":10,"ColumnScale":0,"ColumnType":2,"ColumnIndexed":false},{"ColumnName":"VENRUN","ColumnTypeNative":"bigint","ColumnLength":19,"ColumnPrecision":10,"ColumnScale":0,"ColumnType":2,"ColumnIndexed":false},{"ColumnName":"ROUCDE","ColumnTypeNative":"varchar","ColumnLength":60,"ColumnPrecision":0,"ColumnScale":0,"ColumnType":6,"ColumnIndexed":false},{"ColumnName":"PSTRUN","ColumnTypeNative":"varchar","ColumnLength":60,"ColumnPrecision":0,"ColumnScale":0,"ColumnType":6,"ColumnIndexed":false},{"ColumnName":"CMPCDE","ColumnTypeNative":"varchar","ColumnLength":5,"ColumnPrecision":0,"ColumnScale":0,"ColumnType":6,"ColumnIndexed":false},{"ColumnName":"CMPBRN","ColumnTypeNative":"varchar","ColumnLength":5,"ColumnPrecision":0,"ColumnScale":0,"ColumnType":6,"ColumnIndexed":false},{"ColumnName":"CMPDEP","ColumnTypeNative":"varchar","ColumnLength":5,"ColumnPrecision":0,"ColumnScale":0,"ColumnType":6,"ColumnIndexed":false},{"ColumnName":"CMPSEC","ColumnTypeNative":"varchar","ColumnLength":5,"ColumnPrecision":0,"ColumnScale":0,"ColumnType":6,"ColumnIndexed":false},{"ColumnName":"ENTUSR","ColumnTypeNative":"varchar","ColumnLength":60,"ColumnPrecision":0,"ColumnScale":0,"ColumnType":6,"ColumnIndexed":false},{"ColumnName":"ENTDTE","ColumnTypeNative":"datetime","ColumnLength":19,"ColumnPrecision":10,"ColumnScale":0,"ColumnType":5,"ColumnIndexed":false},{"ColumnName":"ENTTIM","ColumnTypeNative":"datetime","ColumnLength":19,"ColumnPrecision":10,"ColumnScale":0,"ColumnType":5,"ColumnIndexed":false},{"ColumnName":"ENTWKS","ColumnTypeNative":"varchar","ColumnLength":100,"ColumnPrecision":0,"ColumnScale":0,"ColumnType":6,"ColumnIndexed":false},{"ColumnName":"MODUSR","ColumnTypeNative":"varchar","ColumnLength":60,"ColumnPrecision":0,"ColumnScale":0,"ColumnType":6,"ColumnIndexed":false},{"ColumnName":"MODDTE","ColumnTypeNative":"datetime","ColumnLength":19,"ColumnPrecision":10,"ColumnScale":0,"ColumnType":5,"ColumnIndexed":false},{"ColumnName":"MODTIM","ColumnTypeNative":"datetime","ColumnLength":19,"ColumnPrecision":10,"ColumnScale":0,"ColumnType":5,"ColumnIndexed":false},{"ColumnName":"MODWKS","ColumnTypeNative":"varchar","ColumnLength":100,"ColumnPrecision":0,"ColumnScale":0,"ColumnType":6,"ColumnIndexed":false},{"ColumnName":"RECACT","ColumnTypeNative":"varchar","ColumnLength":10,"ColumnPrecision":0,"ColumnScale":0,"ColumnType":6,"ColumnIndexed":false},{"ColumnName":"RECSTS","ColumnTypeNative":"varchar","ColumnLength":10,"ColumnPrecision":0,"ColumnScale":0,"ColumnType":6,"ColumnIndexed":false},{"ColumnName":"RECSEQ","ColumnTypeNative":"bigint","ColumnLength":19,"ColumnPrecision":10,"ColumnScale":0,"ColumnType":2,"ColumnIndexed":false},{"ColumnName":"RECFL1","ColumnTypeNative":"varchar","ColumnLength":3,"ColumnPrecision":0,"ColumnScale":0,"ColumnType":6,"ColumnIndexed":false},{"ColumnName":"RECFL2","ColumnTypeNative":"varchar","ColumnLength":3,"ColumnPrecision":0,"ColumnScale":0,"ColumnType":6,"ColumnIndexed":false},{"ColumnName":"RECFL3","ColumnTypeNative":"varchar","ColumnLength":3,"ColumnPrecision":0,"ColumnScale":0,"ColumnType":6,"ColumnIndexed":false},{"ColumnName":"RECFL4","ColumnTypeNative":"varchar","ColumnLength":3,"ColumnPrecision":0,"ColumnScale":0,"ColumnType":6,"ColumnIndexed":false},{"ColumnName":"RECFL5","ColumnTypeNative":"varchar","ColumnLength":3,"ColumnPrecision":0,"ColumnScale":0,"ColumnType":6,"ColumnIndexed":false},{"ColumnName":"ENTUID","ColumnTypeNative":"bigint","ColumnLength":19,"ColumnPrecision":10,"ColumnScale":0,"ColumnType":2,"ColumnIndexed":false},{"ColumnName":"MODUID","ColumnTypeNative":"bigint","ColumnLength":19,"ColumnPrecision":10,"ColumnScale":0,"ColumnType":2,"ColumnIndexed":false}]
20160812 12195461  ! SQL   SynSQLite3.TSQLDatabase(01633E90) 24.43ms  CREATE VIRTUAL TABLE INVM_PROD USING External(PRDRUN INTEGER, PRDCDE TEXT COLLATE SYSTEMNOCASE, PRDBAR TEXT COLLATE SYSTEMNOCASE, PRDNAT TEXT COLLATE SYSTEMNOCASE, PRDNAE TEXT COLLATE SYSTEMNOCASE, PRDNSE TEXT COLLATE SYSTEMNOCASE, MANRUN INTEGER, PRDREG TEXT COLLATE ISO8601, PTYRUN INTEGER, UNIRUN INTEGER, PRDCOA FLOAT, PRDCOU FLOAT, ROURUN INTEGER, VENRUN INTEGER, ROUCDE TEXT COLLATE SYSTEMNOCASE, PSTRUN TEXT COLLATE SYSTEMNOCASE, CMPCDE TEXT COLLATE SYSTEMNOCASE, CMPBRN TEXT COLLATE SYSTEMNOCASE, CMPDEP TEXT COLLATE SYSTEMNOCASE, CMPSEC TEXT COLLATE SYSTEMNOCASE, ENTUSR TEXT COLLATE SYSTEMNOCASE, ENTDTE TEXT COLLATE ISO8601, ENTTIM TEXT COLLATE ISO8601, ENTWKS TEXT COLLATE SYSTEMNOCASE, MODUSR TEXT COLLATE SYSTEMNOCASE, MODDTE TEXT COLLATE ISO8601, MODTIM TEXT COLLATE ISO8601, MODWKS TEXT COLLATE SYSTEMNOCASE, RECACT TEXT COLLATE SYSTEMNOCASE, RECSTS TEXT COLLATE SYSTEMNOCASE, RECSEQ INTEGER, RECFL1 TEXT COLLATE SYSTEMNOCASE, RECFL2 TEXT COLLATE SYSTEMNOCASE, RECFL3 TEXT COLLATE SYSTEMNOCASE, RECFL4 TEXT COLLATE SYSTEMNOCASE, RECFL5 TEXT COLLATE SYSTEMNOCASE, ENTUID INTEGER, MODUID INTEGER);
20160812 12195461  !  +    SynDBODBC.TODBCStatement(015BB430).000000010009BACD 
20160812 12195461  !  -    00.000.015
20160812 12195461  !  +    SynDBODBC.TODBCStatement(015BB430).000000010009B019 
20160812 12195461  ! SQL   	SynDBODBC.TODBCStatement(015BB430) select ID from INVM_PROD limit 1
20160812 12195461  !  -    00.003.930
20160812 12195461  ! SQL   SynSQLite3.TSQLDatabase(01633E90) 16us  COMMIT TRANSACTION;
20160812 12195461  !  +    mORMotHttpServer.TSQLHttpServer(01644830).Create useHttpApiRegisteringURI (secNone) on port 8880
20160812 12195461  !  -    00.000.001
20160812 12195461  ! http  mORMotHttpServer.TSQLHttpServer(01644830) http.sys registration of http://+:8880/root
20160812 12195461  A info  SetThreadName 000004EC=TSQLHttpServer 8880/root THttpApiServer
20160812 12195461  A trace mORMotSQLite3.TSQLRestServerDB(015F6D80) BeginCurrentThread(THttpApiServer) root=root ThreadID=000004EC ThreadCount=1
20160812 12195461  @ info  SetThreadName 00001FCC=TSQLHttpServer 8880/root THttpApiServer
20160812 12195461  @ trace mORMotSQLite3.TSQLRestServerDB(015F6D80) BeginCurrentThread(THttpApiServer) root=root ThreadID=00001FCC ThreadCount=2
20160812 12195461  ? info  SetThreadName 000002F4=TSQLHttpServer 8880/root THttpApiServer
20160812 12195461  ? trace mORMotSQLite3.TSQLRestServerDB(015F6D80) BeginCurrentThread(THttpApiServer) root=root ThreadID=000002F4 ThreadCount=3
20160812 12195461  > info  SetThreadName 00001930=TSQLHttpServer 8880/root THttpApiServer
20160812 12195461  > trace mORMotSQLite3.TSQLRestServerDB(015F6D80) BeginCurrentThread(THttpApiServer) root=root ThreadID=00001930 ThreadCount=4
20160812 12195461  = info  SetThreadName 000023AC=TSQLHttpServer 8880/root THttpApiServer
20160812 12195461  = trace mORMotSQLite3.TSQLRestServerDB(015F6D80) BeginCurrentThread(THttpApiServer) root=root ThreadID=000023AC ThreadCount=5
20160812 12195461  ! http  mORMotHttpServer.TSQLHttpServer(01644830) {"THttpApiServer(0162C2A0)":{"Cloned":false,"RegisteredUrl":"http://+:8880/root/","HTTPQueueLength":1000,"MaxBandwidth":-1,"MaxConnections":-1,"APIVersion":"HTTP API 2.0","ServerName":"Synopse mORMot (Windows)","ProcessName":"root "}} initialized for root
20160812 12195461  ; info  SetThreadName 000019D0=TSQLHttpServer 8880/root THttpApiServer
20160812 12195461  ; trace mORMotSQLite3.TSQLRestServerDB(015F6D80) BeginCurrentThread(THttpApiServer) root=root ThreadID=000019D0 ThreadCount=6
20160812 12195461  < info  SetThreadName 000000AC=TSQLHttpServer 8880/root THttpApiServer
20160812 12195461  < trace mORMotSQLite3.TSQLRestServerDB(015F6D80) BeginCurrentThread(THttpApiServer) root=root ThreadID=000000AC ThreadCount=7
20160812 12195461  : info  SetThreadName 00001A30=TSQLHttpServer 8880/root THttpApiServer
20160812 12195461  : trace mORMotSQLite3.TSQLRestServerDB(015F6D80) BeginCurrentThread(THttpApiServer) root=root ThreadID=00001A30 ThreadCount=8
20160812 12195461  9 info  SetThreadName 00002674=TSQLHttpServer 8880/root THttpApiServer
20160812 12195461  9 trace mORMotSQLite3.TSQLRestServerDB(015F6D80) BeginCurrentThread(THttpApiServer) root=root ThreadID=00002674 ThreadCount=9
20160812 12195461  8 info  SetThreadName 00001A74=TSQLHttpServer 8880/root THttpApiServer
20160812 12195461  8 trace mORMotSQLite3.TSQLRestServerDB(015F6D80) BeginCurrentThread(THttpApiServer) root=root ThreadID=00001A74 ThreadCount=10
20160812 12195461  7 info  SetThreadName 000026E8=TSQLHttpServer 8880/root THttpApiServer
20160812 12195461  7 trace mORMotSQLite3.TSQLRestServerDB(015F6D80) BeginCurrentThread(THttpApiServer) root=root ThreadID=000026E8 ThreadCount=11
20160812 12195461  6 info  SetThreadName 00000AC0=TSQLHttpServer 8880/root THttpApiServer
20160812 12195461  6 trace mORMotSQLite3.TSQLRestServerDB(015F6D80) BeginCurrentThread(THttpApiServer) root=root ThreadID=00000AC0 ThreadCount=12
20160812 12195461  5 info  SetThreadName 00002B30=TSQLHttpServer 8880/root THttpApiServer
20160812 12195461  5 trace mORMotSQLite3.TSQLRestServerDB(015F6D80) BeginCurrentThread(THttpApiServer) root=root ThreadID=00002B30 ThreadCount=13
20160812 12195461  4 info  SetThreadName 0000185C=TSQLHttpServer 8880/root THttpApiServer
20160812 12195461  4 trace mORMotSQLite3.TSQLRestServerDB(015F6D80) BeginCurrentThread(THttpApiServer) root=root ThreadID=0000185C ThreadCount=14
20160812 12195461  3 info  SetThreadName 00000EB4=TSQLHttpServer 8880/root THttpApiServer
20160812 12195461  3 trace mORMotSQLite3.TSQLRestServerDB(015F6D80) BeginCurrentThread(THttpApiServer) root=root ThreadID=00000EB4 ThreadCount=15
20160812 12195461  2 info  SetThreadName 000017D0=TSQLHttpServer 8880/root THttpApiServer
20160812 12195461  2 trace mORMotSQLite3.TSQLRestServerDB(015F6D80) BeginCurrentThread(THttpApiServer) root=root ThreadID=000017D0 ThreadCount=16
20160812 12195461  1 info  SetThreadName 0000277C=TSQLHttpServer 8880/root THttpApiServer
20160812 12195461  1 trace mORMotSQLite3.TSQLRestServerDB(015F6D80) BeginCurrentThread(THttpApiServer) root=root ThreadID=0000277C ThreadCount=17
20160812 12195461  0 info  SetThreadName 0000271C=TSQLHttpServer 8880/root THttpApiServer
20160812 12195461  0 trace mORMotSQLite3.TSQLRestServerDB(015F6D80) BeginCurrentThread(THttpApiServer) root=root ThreadID=0000271C ThreadCount=18
20160812 12195461  . info  SetThreadName 00000324=TSQLHttpServer 8880/root THttpApiServer
20160812 12195461  . trace mORMotSQLite3.TSQLRestServerDB(015F6D80) BeginCurrentThread(THttpApiServer) root=root ThreadID=00000324 ThreadCount=19
20160812 12195461  / info  SetThreadName 00001D80=TSQLHttpServer 8880/root THttpApiServer
20160812 12195461  / trace mORMotSQLite3.TSQLRestServerDB(015F6D80) BeginCurrentThread(THttpApiServer) root=root ThreadID=00001D80 ThreadCount=20
20160812 12195461  # info  SetThreadName 000029A0=TSQLHttpServer 8880/root THttpApiServer
20160812 12195461  # trace mORMotSQLite3.TSQLRestServerDB(015F6D80) BeginCurrentThread(THttpApiServer) root=root ThreadID=000029A0 ThreadCount=21
20160812 12195461  $ info  SetThreadName 00001FDC=TSQLHttpServer 8880/root THttpApiServer
20160812 12195461  $ trace mORMotSQLite3.TSQLRestServerDB(015F6D80) BeginCurrentThread(THttpApiServer) root=root ThreadID=00001FDC ThreadCount=22
20160812 12195461  + info  SetThreadName 00000670=TSQLHttpServer 8880/root THttpApiServer
20160812 12195461  + trace mORMotSQLite3.TSQLRestServerDB(015F6D80) BeginCurrentThread(THttpApiServer) root=root ThreadID=00000670 ThreadCount=23
20160812 12195461  * info  SetThreadName 00002268=TSQLHttpServer 8880/root THttpApiServer
20160812 12195461  * trace mORMotSQLite3.TSQLRestServerDB(015F6D80) BeginCurrentThread(THttpApiServer) root=root ThreadID=00002268 ThreadCount=24
20160812 12195461  " info  SetThreadName 0000195C=TSQLHttpServer 8880/root THttpApiServer
20160812 12195461  " trace mORMotSQLite3.TSQLRestServerDB(015F6D80) BeginCurrentThread(THttpApiServer) root=root ThreadID=0000195C ThreadCount=25
20160812 12195461  ) info  SetThreadName 00000DE8=TSQLHttpServer 8880/root THttpApiServer
20160812 12195461  ) trace mORMotSQLite3.TSQLRestServerDB(015F6D80) BeginCurrentThread(THttpApiServer) root=root ThreadID=00000DE8 ThreadCount=26
20160812 12195461  ( info  SetThreadName 00002890=TSQLHttpServer 8880/root THttpApiServer
20160812 12195461  ( trace mORMotSQLite3.TSQLRestServerDB(015F6D80) BeginCurrentThread(THttpApiServer) root=root ThreadID=00002890 ThreadCount=27
20160812 12195461  % info  SetThreadName 00000818=TSQLHttpServer 8880/root THttpApiServer
20160812 12195461  % trace mORMotSQLite3.TSQLRestServerDB(015F6D80) BeginCurrentThread(THttpApiServer) root=root ThreadID=00000818 ThreadCount=28
20160812 12195461  ' info  SetThreadName 000016E4=TSQLHttpServer 8880/root THttpApiServer
20160812 12195461  ' trace mORMotSQLite3.TSQLRestServerDB(015F6D80) BeginCurrentThread(THttpApiServer) root=root ThreadID=000016E4 ThreadCount=29
20160812 12195461  - info  SetThreadName 00001C9C=TSQLHttpServer 8880/root THttpApiServer
20160812 12195461  - trace mORMotSQLite3.TSQLRestServerDB(015F6D80) BeginCurrentThread(THttpApiServer) root=root ThreadID=00001C9C ThreadCount=30
20160812 12195461  & info  SetThreadName 000018E4=TSQLHttpServer 8880/root THttpApiServer
20160812 12195461  & trace mORMotSQLite3.TSQLRestServerDB(015F6D80) BeginCurrentThread(THttpApiServer) root=root ThreadID=000018E4 ThreadCount=31
20160812 12195461  , info  SetThreadName 00002940=TSQLHttpServer 8880/root THttpApiServer
20160812 12195461  , trace mORMotSQLite3.TSQLRestServerDB(015F6D80) BeginCurrentThread(THttpApiServer) root=root ThreadID=00002940 ThreadCount=32
20160812 12195505  !  +    mORMotHttpServer.TSQLHttpServer(01644830).000000010011B925 
20160812 12195505  !  -    00.000.001
20160812 12195505  ! http  mORMotHttpServer.TSQLHttpServer(01644830) {"THttpApiServer(0162C2A0)":{"Cloned":false,"RegisteredUrl":"http://+:8880/root/","HTTPQueueLength":1000,"MaxBandwidth":-1,"MaxConnections":-1,"APIVersion":"HTTP API 2.0","ServerName":"Synopse mORMot (Windows)","ProcessName":"root "}} finalized for 1 server(s)
20160812 12195505  < trace mORMotSQLite3.TSQLRestServerDB(015F6D80) EndCurrentThread(THttpApiServer) ThreadID=000000AC ThreadCount=30
20160812 12195505  ; trace mORMotSQLite3.TSQLRestServerDB(015F6D80) EndCurrentThread(THttpApiServer) ThreadID=000019D0 ThreadCount=31
20160812 12195505  : trace mORMotSQLite3.TSQLRestServerDB(015F6D80) EndCurrentThread(THttpApiServer) ThreadID=00001A30 ThreadCount=29
20160812 12195505  9 trace mORMotSQLite3.TSQLRestServerDB(015F6D80) EndCurrentThread(THttpApiServer) ThreadID=00002674 ThreadCount=28
20160812 12195505  8 trace mORMotSQLite3.TSQLRestServerDB(015F6D80) EndCurrentThread(THttpApiServer) ThreadID=00001A74 ThreadCount=27
20160812 12195505  7 trace mORMotSQLite3.TSQLRestServerDB(015F6D80) EndCurrentThread(THttpApiServer) ThreadID=000026E8 ThreadCount=26
20160812 12195505  6 trace mORMotSQLite3.TSQLRestServerDB(015F6D80) EndCurrentThread(THttpApiServer) ThreadID=00000AC0 ThreadCount=25
20160812 12195505  5 trace mORMotSQLite3.TSQLRestServerDB(015F6D80) EndCurrentThread(THttpApiServer) ThreadID=00002B30 ThreadCount=24
20160812 12195505  4 trace mORMotSQLite3.TSQLRestServerDB(015F6D80) EndCurrentThread(THttpApiServer) ThreadID=0000185C ThreadCount=23
20160812 12195505  3 trace mORMotSQLite3.TSQLRestServerDB(015F6D80) EndCurrentThread(THttpApiServer) ThreadID=00000EB4 ThreadCount=22
20160812 12195505  2 trace mORMotSQLite3.TSQLRestServerDB(015F6D80) EndCurrentThread(THttpApiServer) ThreadID=000017D0 ThreadCount=21
20160812 12195505  1 trace mORMotSQLite3.TSQLRestServerDB(015F6D80) EndCurrentThread(THttpApiServer) ThreadID=0000277C ThreadCount=20
20160812 12195505  0 trace mORMotSQLite3.TSQLRestServerDB(015F6D80) EndCurrentThread(THttpApiServer) ThreadID=0000271C ThreadCount=19
20160812 12195505  . trace mORMotSQLite3.TSQLRestServerDB(015F6D80) EndCurrentThread(THttpApiServer) ThreadID=00000324 ThreadCount=18
20160812 12195505  / trace mORMotSQLite3.TSQLRestServerDB(015F6D80) EndCurrentThread(THttpApiServer) ThreadID=00001D80 ThreadCount=17
20160812 12195505  # trace mORMotSQLite3.TSQLRestServerDB(015F6D80) EndCurrentThread(THttpApiServer) ThreadID=000029A0 ThreadCount=16
20160812 12195505  $ trace mORMotSQLite3.TSQLRestServerDB(015F6D80) EndCurrentThread(THttpApiServer) ThreadID=00001FDC ThreadCount=15
20160812 12195505  + trace mORMotSQLite3.TSQLRestServerDB(015F6D80) EndCurrentThread(THttpApiServer) ThreadID=00000670 ThreadCount=14
20160812 12195505  * trace mORMotSQLite3.TSQLRestServerDB(015F6D80) EndCurrentThread(THttpApiServer) ThreadID=00002268 ThreadCount=13
20160812 12195505  " trace mORMotSQLite3.TSQLRestServerDB(015F6D80) EndCurrentThread(THttpApiServer) ThreadID=0000195C ThreadCount=12
20160812 12195505  ) trace mORMotSQLite3.TSQLRestServerDB(015F6D80) EndCurrentThread(THttpApiServer) ThreadID=00000DE8 ThreadCount=11
20160812 12195505  ( trace mORMotSQLite3.TSQLRestServerDB(015F6D80) EndCurrentThread(THttpApiServer) ThreadID=00002890 ThreadCount=10
20160812 12195505  % trace mORMotSQLite3.TSQLRestServerDB(015F6D80) EndCurrentThread(THttpApiServer) ThreadID=00000818 ThreadCount=9
20160812 12195505  ' trace mORMotSQLite3.TSQLRestServerDB(015F6D80) EndCurrentThread(THttpApiServer) ThreadID=000016E4 ThreadCount=8
20160812 12195505  - trace mORMotSQLite3.TSQLRestServerDB(015F6D80) EndCurrentThread(THttpApiServer) ThreadID=00001C9C ThreadCount=7
20160812 12195505  & trace mORMotSQLite3.TSQLRestServerDB(015F6D80) EndCurrentThread(THttpApiServer) ThreadID=000018E4 ThreadCount=6
20160812 12195505  , trace mORMotSQLite3.TSQLRestServerDB(015F6D80) EndCurrentThread(THttpApiServer) ThreadID=00002940 ThreadCount=5
20160812 12195505  A trace mORMotSQLite3.TSQLRestServerDB(015F6D80) EndCurrentThread(THttpApiServer) ThreadID=000004EC ThreadCount=4
20160812 12195505  @ trace mORMotSQLite3.TSQLRestServerDB(015F6D80) EndCurrentThread(THttpApiServer) ThreadID=00001FCC ThreadCount=3
20160812 12195505  ? trace mORMotSQLite3.TSQLRestServerDB(015F6D80) EndCurrentThread(THttpApiServer) ThreadID=000002F4 ThreadCount=2
20160812 12195505  > trace mORMotSQLite3.TSQLRestServerDB(015F6D80) EndCurrentThread(THttpApiServer) ThreadID=00001930 ThreadCount=1
20160812 12195505  = trace mORMotSQLite3.TSQLRestServerDB(015F6D80) EndCurrentThread(THttpApiServer) ThreadID=000023AC ThreadCount=0
20160812 12195505  !  +    mORMotSQLite3.TSQLRestServerDB(015F6D80).00000001000A8762 
20160812 12195505  !  +    	mORMotSQLite3.TSQLRestServerDB(015F6D80).Shutdown CurrentRequestCount=0 File=
20160812 12195505  !  -    	00.005.720
20160812 12195505  !  +    	SynSQLite3.TSQLDatabase(01633E90).Destroy 
20160812 12195505  !  +    		00000001000B15E2 
20160812 12195505  ! DB    			SynSQLite3.TSQLDatabase(01633E90) closing ":memory:"
20160812 12195505  !  -    		00.000.051
20160812 12195505  !  -    	00.000.060
20160812 12195505  !  -    00.005.805
20160812 12195505  !  +    SynDBODBC.TODBCConnection(01633DD0).0000000100099206 
20160812 12195505  !  -    00.000.000
20160812 12195505  !  +    SynDBODBC.TODBCConnection(01633DD0).0000000100099024 
20160812 12195505  !  -    00.000.001
20160812 12195505  !  +    0000000100098953 
20160812 12195507  ! debug 	Connected to MySQL using myodbc3.dll 5.5.5-10.1.14-MariaDB recognized as MySQL
20160812 12195507  !  -    00.020.379
20160812 12195507  !  +    SynSQLite3.TSQLDatabase(01633E90).DBOpen 
20160812 12195507  ! DB    	SynSQLite3.TSQLDatabase(01633E90) ":memory:" database file opened with PageSize=1024 and CacheSize=2000
20160812 12195507  !  -    00.000.158
20160812 12195507  ! SQL   SynSQLite3.TSQLDatabase(01633E90) 28us  returned 0 rows SELECT name FROM sqlite_master WHERE type='table' AND name NOT LIKE 'sqlite_%';
20160812 12195507  ! DB    mORMotSQLite3.TSQLRestServerDB(015F6D80) CreateMissingTables on {"TSQLDatabase(01633E90)":{"FileName":":memory:","IsMemory":true,"UseCache":true,"TransactionActive":false,"BusyTimeout":0,"CacheSize":2000,"PageSize":1024,"PageCount":0,"FileSize":0,"WALMode":false,"Synchronous":"smFull","LockingMode":"lmNormal","MemoryMappedMB":0,"user_version":0,"OpenV2Flags":6,"BackupBackgroundInProcess":false,"BackupBackgroundLastTime":"","BackupBackgroundLastFileName":"","SQLite3Library":{"TSQLite3LibraryDynamic(015DCC40)":{"LibraryName":"sqlite3-64.dll","Version":"3.11.1 with internal MM"}}}}
20160812 12195507  ! DB    mORMotSQLite3.TSQLRestServerDB(015F6D80) "GetTables":[]
20160812 12195507  ! SQL   SynSQLite3.TSQLDatabase(01633E90) 4us  BEGIN TRANSACTION;
20160812 12195507  !  +    mORMotDB.TSQLRestStorageExternal(0165E3E0).Create TSQLINVM_PROD
20160812 12195507  !  -    00.000.001
20160812 12195507  ! info  mORMotDB.TSQLRestStorageExternal(0165E3E0) TSQLINVM_PROD {"TODBCConnectionProperties(0163BD20)":{"Engine":"ODBC","ServerName":"","DatabaseNameSafe":"Driver=MySQL ODBC 3.51 Driver;Database=SAM;Server=124.109.2.164;Port=3307;USER=insysc;Password=insysc1234567890*","UserID":"","DBMS":"dMySQL","DBMSEngineName":"MySQL","BatchSendingAbilities":["cCreate"],"BatchMaxSentAtOnce":4096,"LoggedSQLMaxSize":0,"LogSQLStatementOnException":false,"ForcedSchemaName":"","UseCache":true,"RollbackOnDisconnect":true,"StoreVoidStringAsNull":false,"VariantStringAsWideString":false}} Server={"TSQLRestServerDB(015F6D80)":{"DB":{"TSQLDatabase(01633E90)":{"FileName":":memory:","IsMemory":true,"UseCache":true,"TransactionActive":true,"BusyTimeout":0,"CacheSize":2000,"PageSize":1024,"PageCount":2,"FileSize":2048,"WALMode":false,"Synchronous":"smFull","LockingMode":"lmNormal","MemoryMappedMB":0,"user_version":0,"OpenV2Flags":6,"BackupBackgroundInProcess":false,"BackupBackgroundLastTime":"","BackupBackgroundLastFileName":"","SQLite3Library":{"TSQLite3LibraryDynamic(015DCC40)":{"LibraryName":"sqlite3-64.dll","Version":"3.11.1 with internal MM"}}}},"StatementLastException":"","NoAJAXJSON":false,"Options":[],"HandleAuthentication":false,"BypassORMAuthentication":[],"Stats":{"StartDate":"2016-08-12 12:19:54","Success":0,"ServiceMethod":0,"ServiceInterface":0,"OutcomingFiles":0,"CurrentThreadCount":0,"Created":0,"Read":0,"Updated":0,"Deleted":0,"ClientsCurrent":0,"ClientsMax":0,"CurrentRequestCount":0,"Input":{"Bytes":0,"Text":"0 B"},"Output":{"Bytes":0,"Text":"0 B"},"InputThroughput":{"BytesPerSec":0,"Text":"0 B/s"},"OutputThroughput":{"BytesPerSec":0,"Text":"0 B/s"},"Processing":false,"TaskCount":0,"TotalTime":{"MicroSec":0,"Text":"0us"},"LastTime":{"MicroSec":0,"Text":"0us"},"MinimalTime":{"MicroSec":0,"Text":"0us"},"AverageTime":{"MicroSec":0,"Text":"0us"},"MaximalTime":{"MicroSec":0,"Text":"0us"},"PerSec":0,"Errors":0,"LastError":null},"StatLevels":["mlTables","mlMethods","mlInterfaces","mlSQLite3"],"StaticVirtualTableDirect":true,"ServerTimeStamp":135322322167}}
20160812 12195507  !  +    SynDBODBC.TODBCStatement(015BB930).000000010009BACD 
20160812 12195507  !  -    00.000.028
20160812 12195507  !  +    SynDBODBC.TODBCStatement(015BB930).000000010009B019 
20160812 12195507  ! SQL   	SynDBODBC.TODBCStatement(015BB930) select COLUMN_NAME, DATA_TYPE, CHARACTER_MAXIMUM_LENGTH, NUMERIC_PRECISION, NUMERIC_SCALE, 0 INDEX_COUNT from INFORMATION_SCHEMA.COLUMNS where UPPER(TABLE_SCHEMA) = 'DRIVER=MYSQL ODBC 3.51 DRIVER;DATABASE=SAM;SERVER=124.109.2.164;PORT=3307;USER=INSYSC;PASSWORD=INSYSC1234567890*' and UPPER(TABLE_NAME) = 'INVM_PROD'
20160812 12195507  !  -    00.009.431
20160812 12195508  ! debug mORMotDB.TSQLRestStorageExternal(0165E3E0) "GetFields":[{"ColumnName":"ID","ColumnTypeNative":"bigint","ColumnLength":19,"ColumnPrecision":10,"ColumnScale":0,"ColumnType":2,"ColumnIndexed":true},{"ColumnName":"PRDRUN","ColumnTypeNative":"bigint","ColumnLength":19,"ColumnPrecision":10,"ColumnScale":0,"ColumnType":2,"ColumnIndexed":false},{"ColumnName":"PRDCDE","ColumnTypeNative":"varchar","ColumnLength":60,"ColumnPrecision":0,"ColumnScale":0,"ColumnType":6,"ColumnIndexed":false},{"ColumnName":"PRDBAR","ColumnTypeNative":"varchar","ColumnLength":60,"ColumnPrecision":0,"ColumnScale":0,"ColumnType":6,"ColumnIndexed":false},{"ColumnName":"PRDNAT","ColumnTypeNative":"varchar","ColumnLength":200,"ColumnPrecision":0,"ColumnScale":0,"ColumnType":6,"ColumnIndexed":false},{"ColumnName":"PRDNAE","ColumnTypeNative":"varchar","ColumnLength":200,"ColumnPrecision":0,"ColumnScale":0,"ColumnType":6,"ColumnIndexed":false},{"ColumnName":"PRDNSE","ColumnTypeNative":"varchar","ColumnLength":200,"ColumnPrecision":0,"ColumnScale":0,"ColumnType":6,"ColumnIndexed":false},{"ColumnName":"MANRUN","ColumnTypeNative":"bigint","ColumnLength":19,"ColumnPrecision":10,"ColumnScale":0,"ColumnType":2,"ColumnIndexed":false},{"ColumnName":"PRDREG","ColumnTypeNative":"datetime","ColumnLength":19,"ColumnPrecision":10,"ColumnScale":0,"ColumnType":5,"ColumnIndexed":false},{"ColumnName":"PTYRUN","ColumnTypeNative":"bigint","ColumnLength":19,"ColumnPrecision":10,"ColumnScale":0,"ColumnType":2,"ColumnIndexed":false},{"ColumnName":"UNIRUN","ColumnTypeNative":"bigint","ColumnLength":19,"ColumnPrecision":10,"ColumnScale":0,"ColumnType":2,"ColumnIndexed":false},{"ColumnName":"PRDCOA","ColumnTypeNative":"decimal","ColumnLength":19,"ColumnPrecision":10,"ColumnScale":4,"ColumnType":4,"ColumnIndexed":false},{"ColumnName":"PRDCOU","ColumnTypeNative":"decimal","ColumnLength":19,"ColumnPrecision":10,"ColumnScale":4,"ColumnType":4,"ColumnIndexed":false},{"ColumnName":"ROURUN","ColumnTypeNative":"bigint","ColumnLength":19,"ColumnPrecision":10,"ColumnScale":0,"ColumnType":2,"ColumnIndexed":false},{"ColumnName":"VENRUN","ColumnTypeNative":"bigint","ColumnLength":19,"ColumnPrecision":10,"ColumnScale":0,"ColumnType":2,"ColumnIndexed":false},{"ColumnName":"ROUCDE","ColumnTypeNative":"varchar","ColumnLength":60,"ColumnPrecision":0,"ColumnScale":0,"ColumnType":6,"ColumnIndexed":false},{"ColumnName":"PSTRUN","ColumnTypeNative":"varchar","ColumnLength":60,"ColumnPrecision":0,"ColumnScale":0,"ColumnType":6,"ColumnIndexed":false},{"ColumnName":"CMPCDE","ColumnTypeNative":"varchar","ColumnLength":5,"ColumnPrecision":0,"ColumnScale":0,"ColumnType":6,"ColumnIndexed":false},{"ColumnName":"CMPBRN","ColumnTypeNative":"varchar","ColumnLength":5,"ColumnPrecision":0,"ColumnScale":0,"ColumnType":6,"ColumnIndexed":false},{"ColumnName":"CMPDEP","ColumnTypeNative":"varchar","ColumnLength":5,"ColumnPrecision":0,"ColumnScale":0,"ColumnType":6,"ColumnIndexed":false},{"ColumnName":"CMPSEC","ColumnTypeNative":"varchar","ColumnLength":5,"ColumnPrecision":0,"ColumnScale":0,"ColumnType":6,"ColumnIndexed":false},{"ColumnName":"ENTUSR","ColumnTypeNative":"varchar","ColumnLength":60,"ColumnPrecision":0,"ColumnScale":0,"ColumnType":6,"ColumnIndexed":false},{"ColumnName":"ENTDTE","ColumnTypeNative":"datetime","ColumnLength":19,"ColumnPrecision":10,"ColumnScale":0,"ColumnType":5,"ColumnIndexed":false},{"ColumnName":"ENTTIM","ColumnTypeNative":"datetime","ColumnLength":19,"ColumnPrecision":10,"ColumnScale":0,"ColumnType":5,"ColumnIndexed":false},{"ColumnName":"ENTWKS","ColumnTypeNative":"varchar","ColumnLength":100,"ColumnPrecision":0,"ColumnScale":0,"ColumnType":6,"ColumnIndexed":false},{"ColumnName":"MODUSR","ColumnTypeNative":"varchar","ColumnLength":60,"ColumnPrecision":0,"ColumnScale":0,"ColumnType":6,"ColumnIndexed":false},{"ColumnName":"MODDTE","ColumnTypeNative":"datetime","ColumnLength":19,"ColumnPrecision":10,"ColumnScale":0,"ColumnType":5,"ColumnIndexed":false},{"ColumnName":"MODTIM","ColumnTypeNative":"datetime","ColumnLength":19,"ColumnPrecision":10,"ColumnScale":0,"ColumnType":5,"ColumnIndexed":false},{"ColumnName":"MODWKS","ColumnTypeNative":"varchar","ColumnLength":100,"ColumnPrecision":0,"ColumnScale":0,"ColumnType":6,"ColumnIndexed":false},{"ColumnName":"RECACT","ColumnTypeNative":"varchar","ColumnLength":10,"ColumnPrecision":0,"ColumnScale":0,"ColumnType":6,"ColumnIndexed":false},{"ColumnName":"RECSTS","ColumnTypeNative":"varchar","ColumnLength":10,"ColumnPrecision":0,"ColumnScale":0,"ColumnType":6,"ColumnIndexed":false},{"ColumnName":"RECSEQ","ColumnTypeNative":"bigint","ColumnLength":19,"ColumnPrecision":10,"ColumnScale":0,"ColumnType":2,"ColumnIndexed":false},{"ColumnName":"RECFL1","ColumnTypeNative":"varchar","ColumnLength":3,"ColumnPrecision":0,"ColumnScale":0,"ColumnType":6,"ColumnIndexed":false},{"ColumnName":"RECFL2","ColumnTypeNative":"varchar","ColumnLength":3,"ColumnPrecision":0,"ColumnScale":0,"ColumnType":6,"ColumnIndexed":false},{"ColumnName":"RECFL3","ColumnTypeNative":"varchar","ColumnLength":3,"ColumnPrecision":0,"ColumnScale":0,"ColumnType":6,"ColumnIndexed":false},{"ColumnName":"RECFL4","ColumnTypeNative":"varchar","ColumnLength":3,"ColumnPrecision":0,"ColumnScale":0,"ColumnType":6,"ColumnIndexed":false},{"ColumnName":"RECFL5","ColumnTypeNative":"varchar","ColumnLength":3,"ColumnPrecision":0,"ColumnScale":0,"ColumnType":6,"ColumnIndexed":false},{"ColumnName":"ENTUID","ColumnTypeNative":"bigint","ColumnLength":19,"ColumnPrecision":10,"ColumnScale":0,"ColumnType":2,"ColumnIndexed":false},{"ColumnName":"MODUID","ColumnTypeNative":"bigint","ColumnLength":19,"ColumnPrecision":10,"ColumnScale":0,"ColumnType":2,"ColumnIndexed":false}]
20160812 12195508  ! SQL   SynSQLite3.TSQLDatabase(01633E90) 25.15ms  CREATE VIRTUAL TABLE INVM_PROD USING External(PRDRUN INTEGER, PRDCDE TEXT COLLATE SYSTEMNOCASE, PRDBAR TEXT COLLATE SYSTEMNOCASE, PRDNAT TEXT COLLATE SYSTEMNOCASE, PRDNAE TEXT COLLATE SYSTEMNOCASE, PRDNSE TEXT COLLATE SYSTEMNOCASE, MANRUN INTEGER, PRDREG TEXT COLLATE ISO8601, PTYRUN INTEGER, UNIRUN INTEGER, PRDCOA FLOAT, PRDCOU FLOAT, ROURUN INTEGER, VENRUN INTEGER, ROUCDE TEXT COLLATE SYSTEMNOCASE, PSTRUN TEXT COLLATE SYSTEMNOCASE, CMPCDE TEXT COLLATE SYSTEMNOCASE, CMPBRN TEXT COLLATE SYSTEMNOCASE, CMPDEP TEXT COLLATE SYSTEMNOCASE, CMPSEC TEXT COLLATE SYSTEMNOCASE, ENTUSR TEXT COLLATE SYSTEMNOCASE, ENTDTE TEXT COLLATE ISO8601, ENTTIM TEXT COLLATE ISO8601, ENTWKS TEXT COLLATE SYSTEMNOCASE, MODUSR TEXT COLLATE SYSTEMNOCASE, MODDTE TEXT COLLATE ISO8601, MODTIM TEXT COLLATE ISO8601, MODWKS TEXT COLLATE SYSTEMNOCASE, RECACT TEXT COLLATE SYSTEMNOCASE, RECSTS TEXT COLLATE SYSTEMNOCASE, RECSEQ INTEGER, RECFL1 TEXT COLLATE SYSTEMNOCASE, RECFL2 TEXT COLLATE SYSTEMNOCASE, RECFL3 TEXT COLLATE SYSTEMNOCASE, RECFL4 TEXT COLLATE SYSTEMNOCASE, RECFL5 TEXT COLLATE SYSTEMNOCASE, ENTUID INTEGER, MODUID INTEGER);
20160812 12195508  !  +    SynDBODBC.TODBCStatement(015BB7F0).000000010009BACD 
20160812 12195508  !  -    00.000.045
20160812 12195508  !  +    SynDBODBC.TODBCStatement(015BB7F0).000000010009B019 
20160812 12195508  ! SQL   	SynDBODBC.TODBCStatement(015BB7F0) select ID from INVM_PROD limit 1
20160812 12195508  !  -    00.003.870
20160812 12195508  ! SQL   SynSQLite3.TSQLDatabase(01633E90) 50us  COMMIT TRANSACTION;
20160812 12195508  !  +    mORMotHttpServer.TSQLHttpServer(01644830).Create useHttpApiRegisteringURI (secNone) on port 8880
20160812 12195508  !  -    00.000.006
20160812 12195508  ! http  mORMotHttpServer.TSQLHttpServer(01644830) http.sys registration of http://+:8880/root
20160812 12195508  = info  SetThreadName 00001A4C=TSQLHttpServer 8880/root THttpApiServer
20160812 12195508  = trace mORMotSQLite3.TSQLRestServerDB(015F6D80) BeginCurrentThread(THttpApiServer) root=root ThreadID=00001A4C ThreadCount=1
20160812 12195509  > info  SetThreadName 0000196C=TSQLHttpServer 8880/root THttpApiServer
20160812 12195509  > trace mORMotSQLite3.TSQLRestServerDB(015F6D80) BeginCurrentThread(THttpApiServer) root=root ThreadID=0000196C ThreadCount=2
20160812 12195509  ? info  SetThreadName 00001BA4=TSQLHttpServer 8880/root THttpApiServer
20160812 12195509  ? trace mORMotSQLite3.TSQLRestServerDB(015F6D80) BeginCurrentThread(THttpApiServer) root=root ThreadID=00001BA4 ThreadCount=3
20160812 12195509  @ info  SetThreadName 00002AA8=TSQLHttpServer 8880/root THttpApiServer
20160812 12195509  @ trace mORMotSQLite3.TSQLRestServerDB(015F6D80) BeginCurrentThread(THttpApiServer) root=root ThreadID=00002AA8 ThreadCount=4
20160812 12195509  A info  SetThreadName 000027B8=TSQLHttpServer 8880/root THttpApiServer
20160812 12195509  A trace mORMotSQLite3.TSQLRestServerDB(015F6D80) BeginCurrentThread(THttpApiServer) root=root ThreadID=000027B8 ThreadCount=5
20160812 12195509  , info  SetThreadName 000028BC=TSQLHttpServer 8880/root THttpApiServer
20160812 12195509  , trace mORMotSQLite3.TSQLRestServerDB(015F6D80) BeginCurrentThread(THttpApiServer) root=root ThreadID=000028BC ThreadCount=6
20160812 12195509  & info  SetThreadName 00002BF0=TSQLHttpServer 8880/root THttpApiServer
20160812 12195509  ! http  mORMotHttpServer.TSQLHttpServer(01644830) {"THttpApiServer(0162C2A0)":{"Cloned":false,"RegisteredUrl":"http://+:8880/root/","HTTPQueueLength":1000,"MaxBandwidth":-1,"MaxConnections":-1,"APIVersion":"HTTP API 2.0","ServerName":"Synopse mORMot (Windows)","ProcessName":"root "}} initialized for root
20160812 12195509  & trace mORMotSQLite3.TSQLRestServerDB(015F6D80) BeginCurrentThread(THttpApiServer) root=root ThreadID=00002BF0 ThreadCount=7
20160812 12195509  - info  SetThreadName 00001D58=TSQLHttpServer 8880/root THttpApiServer
20160812 12195509  - trace mORMotSQLite3.TSQLRestServerDB(015F6D80) BeginCurrentThread(THttpApiServer) root=root ThreadID=00001D58 ThreadCount=8
20160812 12195509  ' info  SetThreadName 000001DC=TSQLHttpServer 8880/root THttpApiServer
20160812 12195509  ' trace mORMotSQLite3.TSQLRestServerDB(015F6D80) BeginCurrentThread(THttpApiServer) root=root ThreadID=000001DC ThreadCount=9
20160812 12195509  % info  SetThreadName 0000055C=TSQLHttpServer 8880/root THttpApiServer
20160812 12195509  % trace mORMotSQLite3.TSQLRestServerDB(015F6D80) BeginCurrentThread(THttpApiServer) root=root ThreadID=0000055C ThreadCount=10
20160812 12195509  ( info  SetThreadName 0000020C=TSQLHttpServer 8880/root THttpApiServer
20160812 12195509  ( trace mORMotSQLite3.TSQLRestServerDB(015F6D80) BeginCurrentThread(THttpApiServer) root=root ThreadID=0000020C ThreadCount=11
20160812 12195509  ) info  SetThreadName 00002A7C=TSQLHttpServer 8880/root THttpApiServer
20160812 12195509  ) trace mORMotSQLite3.TSQLRestServerDB(015F6D80) BeginCurrentThread(THttpApiServer) root=root ThreadID=00002A7C ThreadCount=12
20160812 12195509  " info  SetThreadName 0000246C=TSQLHttpServer 8880/root THttpApiServer
20160812 12195509  " trace mORMotSQLite3.TSQLRestServerDB(015F6D80) BeginCurrentThread(THttpApiServer) root=root ThreadID=0000246C ThreadCount=13
20160812 12195509  * info  SetThreadName 00002250=TSQLHttpServer 8880/root THttpApiServer
20160812 12195509  * trace mORMotSQLite3.TSQLRestServerDB(015F6D80) BeginCurrentThread(THttpApiServer) root=root ThreadID=00002250 ThreadCount=14
20160812 12195509  + info  SetThreadName 000018B0=TSQLHttpServer 8880/root THttpApiServer
20160812 12195509  + trace mORMotSQLite3.TSQLRestServerDB(015F6D80) BeginCurrentThread(THttpApiServer) root=root ThreadID=000018B0 ThreadCount=15
20160812 12195509  $ info  SetThreadName 00002BF8=TSQLHttpServer 8880/root THttpApiServer
20160812 12195509  $ trace mORMotSQLite3.TSQLRestServerDB(015F6D80) BeginCurrentThread(THttpApiServer) root=root ThreadID=00002BF8 ThreadCount=16
20160812 12195509  # info  SetThreadName 000019E4=TSQLHttpServer 8880/root THttpApiServer
20160812 12195509  # trace mORMotSQLite3.TSQLRestServerDB(015F6D80) BeginCurrentThread(THttpApiServer) root=root ThreadID=000019E4 ThreadCount=17
20160812 12195509  / info  SetThreadName 00002BDC=TSQLHttpServer 8880/root THttpApiServer
20160812 12195509  / trace mORMotSQLite3.TSQLRestServerDB(015F6D80) BeginCurrentThread(THttpApiServer) root=root ThreadID=00002BDC ThreadCount=18
20160812 12195509  . info  SetThreadName 00002B94=TSQLHttpServer 8880/root THttpApiServer
20160812 12195509  . trace mORMotSQLite3.TSQLRestServerDB(015F6D80) BeginCurrentThread(THttpApiServer) root=root ThreadID=00002B94 ThreadCount=19
20160812 12195509  0 info  SetThreadName 00000DB4=TSQLHttpServer 8880/root THttpApiServer
20160812 12195509  0 trace mORMotSQLite3.TSQLRestServerDB(015F6D80) BeginCurrentThread(THttpApiServer) root=root ThreadID=00000DB4 ThreadCount=20
20160812 12195509  1 info  SetThreadName 00001548=TSQLHttpServer 8880/root THttpApiServer
20160812 12195509  1 trace mORMotSQLite3.TSQLRestServerDB(015F6D80) BeginCurrentThread(THttpApiServer) root=root ThreadID=00001548 ThreadCount=21
20160812 12195509  2 info  SetThreadName 00001AFC=TSQLHttpServer 8880/root THttpApiServer
20160812 12195509  2 trace mORMotSQLite3.TSQLRestServerDB(015F6D80) BeginCurrentThread(THttpApiServer) root=root ThreadID=00001AFC ThreadCount=22
20160812 12195509  3 info  SetThreadName 00001F4C=TSQLHttpServer 8880/root THttpApiServer
20160812 12195509  3 trace mORMotSQLite3.TSQLRestServerDB(015F6D80) BeginCurrentThread(THttpApiServer) root=root ThreadID=00001F4C ThreadCount=23
20160812 12195509  4 info  SetThreadName 00002A48=TSQLHttpServer 8880/root THttpApiServer
20160812 12195509  4 trace mORMotSQLite3.TSQLRestServerDB(015F6D80) BeginCurrentThread(THttpApiServer) root=root ThreadID=00002A48 ThreadCount=24
20160812 12195509  5 info  SetThreadName 00001B6C=TSQLHttpServer 8880/root THttpApiServer
20160812 12195509  5 trace mORMotSQLite3.TSQLRestServerDB(015F6D80) BeginCurrentThread(THttpApiServer) root=root ThreadID=00001B6C ThreadCount=25
20160812 12195509  6 info  SetThreadName 000013B4=TSQLHttpServer 8880/root THttpApiServer
20160812 12195509  6 trace mORMotSQLite3.TSQLRestServerDB(015F6D80) BeginCurrentThread(THttpApiServer) root=root ThreadID=000013B4 ThreadCount=26
20160812 12195509  7 info  SetThreadName 00002B20=TSQLHttpServer 8880/root THttpApiServer
20160812 12195509  7 trace mORMotSQLite3.TSQLRestServerDB(015F6D80) BeginCurrentThread(THttpApiServer) root=root ThreadID=00002B20 ThreadCount=27
20160812 12195509  8 info  SetThreadName 000029A8=TSQLHttpServer 8880/root THttpApiServer
20160812 12195509  8 trace mORMotSQLite3.TSQLRestServerDB(015F6D80) BeginCurrentThread(THttpApiServer) root=root ThreadID=000029A8 ThreadCount=28
20160812 12195509  9 info  SetThreadName 00002730=TSQLHttpServer 8880/root THttpApiServer
20160812 12195509  9 trace mORMotSQLite3.TSQLRestServerDB(015F6D80) BeginCurrentThread(THttpApiServer) root=root ThreadID=00002730 ThreadCount=29
20160812 12195509  : info  SetThreadName 00001CC0=TSQLHttpServer 8880/root THttpApiServer
20160812 12195509  : trace mORMotSQLite3.TSQLRestServerDB(015F6D80) BeginCurrentThread(THttpApiServer) root=root ThreadID=00001CC0 ThreadCount=30
20160812 12195509  < info  SetThreadName 000026C8=TSQLHttpServer 8880/root THttpApiServer
20160812 12195509  < trace mORMotSQLite3.TSQLRestServerDB(015F6D80) BeginCurrentThread(THttpApiServer) root=root ThreadID=000026C8 ThreadCount=31
20160812 12195509  ; info  SetThreadName 0000288C=TSQLHttpServer 8880/root THttpApiServer
20160812 12195509  ; trace mORMotSQLite3.TSQLRestServerDB(015F6D80) BeginCurrentThread(THttpApiServer) root=root ThreadID=0000288C ThreadCount=32
20160812 12195515  !  +    mORMotHttpServer.TSQLHttpServer(01644830).000000010011B925 
20160812 12195515  !  -    00.000.001
20160812 12195515  ! http  mORMotHttpServer.TSQLHttpServer(01644830) {"THttpApiServer(0162C2A0)":{"Cloned":false,"RegisteredUrl":"http://+:8880/root/","HTTPQueueLength":1000,"MaxBandwidth":-1,"MaxConnections":-1,"APIVersion":"HTTP API 2.0","ServerName":"Synopse mORMot (Windows)","ProcessName":"root "}} finalized for 1 server(s)
20160812 12195515  = trace mORMotSQLite3.TSQLRestServerDB(015F6D80) EndCurrentThread(THttpApiServer) ThreadID=00001A4C ThreadCount=31
20160812 12195515  & trace mORMotSQLite3.TSQLRestServerDB(015F6D80) EndCurrentThread(THttpApiServer) ThreadID=00002BF0 ThreadCount=30
20160812 12195515  % trace mORMotSQLite3.TSQLRestServerDB(015F6D80) EndCurrentThread(THttpApiServer) ThreadID=0000055C ThreadCount=29
20160812 12195515  ) trace mORMotSQLite3.TSQLRestServerDB(015F6D80) EndCurrentThread(THttpApiServer) ThreadID=00002A7C ThreadCount=28
20160812 12195515  * trace mORMotSQLite3.TSQLRestServerDB(015F6D80) EndCurrentThread(THttpApiServer) ThreadID=00002250 ThreadCount=27
20160812 12195515  + trace mORMotSQLite3.TSQLRestServerDB(015F6D80) EndCurrentThread(THttpApiServer) ThreadID=000018B0 ThreadCount=26
20160812 12195515  " trace mORMotSQLite3.TSQLRestServerDB(015F6D80) EndCurrentThread(THttpApiServer) ThreadID=0000246C ThreadCount=25
20160812 12195515  $ trace mORMotSQLite3.TSQLRestServerDB(015F6D80) EndCurrentThread(THttpApiServer) ThreadID=00002BF8 ThreadCount=24
20160812 12195515  # trace mORMotSQLite3.TSQLRestServerDB(015F6D80) EndCurrentThread(THttpApiServer) ThreadID=000019E4 ThreadCount=23
20160812 12195515  . trace mORMotSQLite3.TSQLRestServerDB(015F6D80) EndCurrentThread(THttpApiServer) ThreadID=00002B94 ThreadCount=22
20160812 12195515  0 trace mORMotSQLite3.TSQLRestServerDB(015F6D80) EndCurrentThread(THttpApiServer) ThreadID=00000DB4 ThreadCount=21
20160812 12195515  1 trace mORMotSQLite3.TSQLRestServerDB(015F6D80) EndCurrentThread(THttpApiServer) ThreadID=00001548 ThreadCount=20
20160812 12195515  2 trace mORMotSQLite3.TSQLRestServerDB(015F6D80) EndCurrentThread(THttpApiServer) ThreadID=00001AFC ThreadCount=19
20160812 12195515  : trace mORMotSQLite3.TSQLRestServerDB(015F6D80) EndCurrentThread(THttpApiServer) ThreadID=00001CC0 ThreadCount=18
20160812 12195515  < trace mORMotSQLite3.TSQLRestServerDB(015F6D80) EndCurrentThread(THttpApiServer) ThreadID=000026C8 ThreadCount=17
20160812 12195515  ; trace mORMotSQLite3.TSQLRestServerDB(015F6D80) EndCurrentThread(THttpApiServer) ThreadID=0000288C ThreadCount=15
20160812 12195515  > trace mORMotSQLite3.TSQLRestServerDB(015F6D80) EndCurrentThread(THttpApiServer) ThreadID=0000196C ThreadCount=16
20160812 12195515  ? trace mORMotSQLite3.TSQLRestServerDB(015F6D80) EndCurrentThread(THttpApiServer) ThreadID=00001BA4 ThreadCount=14
20160812 12195515  @ trace mORMotSQLite3.TSQLRestServerDB(015F6D80) EndCurrentThread(THttpApiServer) ThreadID=00002AA8 ThreadCount=13
20160812 12195515  A trace mORMotSQLite3.TSQLRestServerDB(015F6D80) EndCurrentThread(THttpApiServer) ThreadID=000027B8 ThreadCount=12
20160812 12195515  - trace mORMotSQLite3.TSQLRestServerDB(015F6D80) EndCurrentThread(THttpApiServer) ThreadID=00001D58 ThreadCount=10
20160812 12195515  , trace mORMotSQLite3.TSQLRestServerDB(015F6D80) EndCurrentThread(THttpApiServer) ThreadID=000028BC ThreadCount=11
20160812 12195515  ' trace mORMotSQLite3.TSQLRestServerDB(015F6D80) EndCurrentThread(THttpApiServer) ThreadID=000001DC ThreadCount=9
20160812 12195515  / trace mORMotSQLite3.TSQLRestServerDB(015F6D80) EndCurrentThread(THttpApiServer) ThreadID=00002BDC ThreadCount=8
20160812 12195515  3 trace mORMotSQLite3.TSQLRestServerDB(015F6D80) EndCurrentThread(THttpApiServer) ThreadID=00001F4C ThreadCount=7
20160812 12195515  4 trace mORMotSQLite3.TSQLRestServerDB(015F6D80) EndCurrentThread(THttpApiServer) ThreadID=00002A48 ThreadCount=6
20160812 12195515  5 trace mORMotSQLite3.TSQLRestServerDB(015F6D80) EndCurrentThread(THttpApiServer) ThreadID=00001B6C ThreadCount=5
20160812 12195515  6 trace mORMotSQLite3.TSQLRestServerDB(015F6D80) EndCurrentThread(THttpApiServer) ThreadID=000013B4 ThreadCount=4
20160812 12195515  7 trace mORMotSQLite3.TSQLRestServerDB(015F6D80) EndCurrentThread(THttpApiServer) ThreadID=00002B20 ThreadCount=3
20160812 12195515  8 trace mORMotSQLite3.TSQLRestServerDB(015F6D80) EndCurrentThread(THttpApiServer) ThreadID=000029A8 ThreadCount=2
20160812 12195515  ( trace mORMotSQLite3.TSQLRestServerDB(015F6D80) EndCurrentThread(THttpApiServer) ThreadID=0000020C ThreadCount=1
20160812 12195515  9 trace mORMotSQLite3.TSQLRestServerDB(015F6D80) EndCurrentThread(THttpApiServer) ThreadID=00002730 ThreadCount=0
20160812 12195515  !  +    mORMotSQLite3.TSQLRestServerDB(015F6D80).00000001000A8762 
20160812 12195515  !  +    	mORMotSQLite3.TSQLRestServerDB(015F6D80).Shutdown CurrentRequestCount=0 File=
20160812 12195515  !  -    	00.005.179
20160812 12195515  !  +    	SynSQLite3.TSQLDatabase(01633E90).Destroy 
20160812 12195515  !  +    		00000001000B15E2 
20160812 12195515  ! DB    			SynSQLite3.TSQLDatabase(01633E90) closing ":memory:"
20160812 12195515  !  -    		00.000.052
20160812 12195515  !  -    	00.000.060
20160812 12195515  !  -    00.005.260
20160812 12195515  !  +    SynDBODBC.TODBCConnection(01633DD0).0000000100099206 
20160812 12195515  !  -    00.000.000
20160812 12195515  !  +    SynDBODBC.TODBCConnection(01633DD0).0000000100099024 
20160812 12195515  !  -    00.000.001
20160812 12195515  !  +    0000000100098953 
20160812 12195517  ! debug 	Connected to MySQL using myodbc3.dll 5.5.5-10.1.14-MariaDB recognized as MySQL
20160812 12195517  !  -    00.020.503
20160812 12195517  !  +    SynSQLite3.TSQLDatabase(01633E90).DBOpen 
20160812 12195517  ! DB    	SynSQLite3.TSQLDatabase(01633E90) ":memory:" database file opened with PageSize=1024 and CacheSize=2000
20160812 12195517  !  -    00.000.158
20160812 12195517  ! SQL   SynSQLite3.TSQLDatabase(01633E90) 27us  returned 0 rows SELECT name FROM sqlite_master WHERE type='table' AND name NOT LIKE 'sqlite_%';
20160812 12195517  ! DB    mORMotSQLite3.TSQLRestServerDB(015F6D80) CreateMissingTables on {"TSQLDatabase(01633E90)":{"FileName":":memory:","IsMemory":true,"UseCache":true,"TransactionActive":false,"BusyTimeout":0,"CacheSize":2000,"PageSize":1024,"PageCount":0,"FileSize":0,"WALMode":false,"Synchronous":"smFull","LockingMode":"lmNormal","MemoryMappedMB":0,"user_version":0,"OpenV2Flags":6,"BackupBackgroundInProcess":false,"BackupBackgroundLastTime":"","BackupBackgroundLastFileName":"","SQLite3Library":{"TSQLite3LibraryDynamic(015DCC40)":{"LibraryName":"sqlite3-64.dll","Version":"3.11.1 with internal MM"}}}}
20160812 12195517  ! DB    mORMotSQLite3.TSQLRestServerDB(015F6D80) "GetTables":[]
20160812 12195517  ! SQL   SynSQLite3.TSQLDatabase(01633E90) 4us  BEGIN TRANSACTION;
20160812 12195517  !  +    mORMotDB.TSQLRestStorageExternal(26B60050).Create TSQLINVM_PROD
20160812 12195517  !  -    00.000.001
20160812 12195517  ! info  mORMotDB.TSQLRestStorageExternal(26B60050) TSQLINVM_PROD {"TODBCConnectionProperties(0163BD20)":{"Engine":"ODBC","ServerName":"","DatabaseNameSafe":"Driver=MySQL ODBC 3.51 Driver;Database=SAM;Server=124.109.2.164;Port=3307;USER=insysc;Password=insysc1234567890*","UserID":"","DBMS":"dMySQL","DBMSEngineName":"MySQL","BatchSendingAbilities":["cCreate"],"BatchMaxSentAtOnce":4096,"LoggedSQLMaxSize":0,"LogSQLStatementOnException":false,"ForcedSchemaName":"","UseCache":true,"RollbackOnDisconnect":true,"StoreVoidStringAsNull":false,"VariantStringAsWideString":false}} Server={"TSQLRestServerDB(015F6D80)":{"DB":{"TSQLDatabase(01633E90)":{"FileName":":memory:","IsMemory":true,"UseCache":true,"TransactionActive":true,"BusyTimeout":0,"CacheSize":2000,"PageSize":1024,"PageCount":2,"FileSize":2048,"WALMode":false,"Synchronous":"smFull","LockingMode":"lmNormal","MemoryMappedMB":0,"user_version":0,"OpenV2Flags":6,"BackupBackgroundInProcess":false,"BackupBackgroundLastTime":"","BackupBackgroundLastFileName":"","SQLite3Library":{"TSQLite3LibraryDynamic(015DCC40)":{"LibraryName":"sqlite3-64.dll","Version":"3.11.1 with internal MM"}}}},"StatementLastException":"","NoAJAXJSON":false,"Options":[],"HandleAuthentication":false,"BypassORMAuthentication":[],"Stats":{"StartDate":"2016-08-12 12:19:55","Success":0,"ServiceMethod":0,"ServiceInterface":0,"OutcomingFiles":0,"CurrentThreadCount":0,"Created":0,"Read":0,"Updated":0,"Deleted":0,"ClientsCurrent":0,"ClientsMax":0,"CurrentRequestCount":0,"Input":{"Bytes":0,"Text":"0 B"},"Output":{"Bytes":0,"Text":"0 B"},"InputThroughput":{"BytesPerSec":0,"Text":"0 B/s"},"OutputThroughput":{"BytesPerSec":0,"Text":"0 B/s"},"Processing":false,"TaskCount":0,"TotalTime":{"MicroSec":0,"Text":"0us"},"LastTime":{"MicroSec":0,"Text":"0us"},"MinimalTime":{"MicroSec":0,"Text":"0us"},"AverageTime":{"MicroSec":0,"Text":"0us"},"MaximalTime":{"MicroSec":0,"Text":"0us"},"PerSec":0,"Errors":0,"LastError":null},"StatLevels":["mlTables","mlMethods","mlInterfaces","mlSQLite3"],"StaticVirtualTableDirect":true,"ServerTimeStamp":135322322167}}
20160812 12195517  !  +    SynDBODBC.TODBCStatement(015BB930).000000010009BACD 
20160812 12195517  !  -    00.000.029
20160812 12195517  !  +    SynDBODBC.TODBCStatement(015BB930).000000010009B019 
20160812 12195517  ! SQL   	SynDBODBC.TODBCStatement(015BB930) select COLUMN_NAME, DATA_TYPE, CHARACTER_MAXIMUM_LENGTH, NUMERIC_PRECISION, NUMERIC_SCALE, 0 INDEX_COUNT from INFORMATION_SCHEMA.COLUMNS where UPPER(TABLE_SCHEMA) = 'DRIVER=MYSQL ODBC 3.51 DRIVER;DATABASE=SAM;SERVER=124.109.2.164;PORT=3307;USER=INSYSC;PASSWORD=INSYSC1234567890*' and UPPER(TABLE_NAME) = 'INVM_PROD'
20160812 12195517  !  -    00.009.969
20160812 12195518  ! debug mORMotDB.TSQLRestStorageExternal(26B60050) "GetFields":[{"ColumnName":"ID","ColumnTypeNative":"bigint","ColumnLength":19,"ColumnPrecision":10,"ColumnScale":0,"ColumnType":2,"ColumnIndexed":true},{"ColumnName":"PRDRUN","ColumnTypeNative":"bigint","ColumnLength":19,"ColumnPrecision":10,"ColumnScale":0,"ColumnType":2,"ColumnIndexed":false},{"ColumnName":"PRDCDE","ColumnTypeNative":"varchar","ColumnLength":60,"ColumnPrecision":0,"ColumnScale":0,"ColumnType":6,"ColumnIndexed":false},{"ColumnName":"PRDBAR","ColumnTypeNative":"varchar","ColumnLength":60,"ColumnPrecision":0,"ColumnScale":0,"ColumnType":6,"ColumnIndexed":false},{"ColumnName":"PRDNAT","ColumnTypeNative":"varchar","ColumnLength":200,"ColumnPrecision":0,"ColumnScale":0,"ColumnType":6,"ColumnIndexed":false},{"ColumnName":"PRDNAE","ColumnTypeNative":"varchar","ColumnLength":200,"ColumnPrecision":0,"ColumnScale":0,"ColumnType":6,"ColumnIndexed":false},{"ColumnName":"PRDNSE","ColumnTypeNative":"varchar","ColumnLength":200,"ColumnPrecision":0,"ColumnScale":0,"ColumnType":6,"ColumnIndexed":false},{"ColumnName":"MANRUN","ColumnTypeNative":"bigint","ColumnLength":19,"ColumnPrecision":10,"ColumnScale":0,"ColumnType":2,"ColumnIndexed":false},{"ColumnName":"PRDREG","ColumnTypeNative":"datetime","ColumnLength":19,"ColumnPrecision":10,"ColumnScale":0,"ColumnType":5,"ColumnIndexed":false},{"ColumnName":"PTYRUN","ColumnTypeNative":"bigint","ColumnLength":19,"ColumnPrecision":10,"ColumnScale":0,"ColumnType":2,"ColumnIndexed":false},{"ColumnName":"UNIRUN","ColumnTypeNative":"bigint","ColumnLength":19,"ColumnPrecision":10,"ColumnScale":0,"ColumnType":2,"ColumnIndexed":false},{"ColumnName":"PRDCOA","ColumnTypeNative":"decimal","ColumnLength":19,"ColumnPrecision":10,"ColumnScale":4,"ColumnType":4,"ColumnIndexed":false},{"ColumnName":"PRDCOU","ColumnTypeNative":"decimal","ColumnLength":19,"ColumnPrecision":10,"ColumnScale":4,"ColumnType":4,"ColumnIndexed":false},{"ColumnName":"ROURUN","ColumnTypeNative":"bigint","ColumnLength":19,"ColumnPrecision":10,"ColumnScale":0,"ColumnType":2,"ColumnIndexed":false},{"ColumnName":"VENRUN","ColumnTypeNative":"bigint","ColumnLength":19,"ColumnPrecision":10,"ColumnScale":0,"ColumnType":2,"ColumnIndexed":false},{"ColumnName":"ROUCDE","ColumnTypeNative":"varchar","ColumnLength":60,"ColumnPrecision":0,"ColumnScale":0,"ColumnType":6,"ColumnIndexed":false},{"ColumnName":"PSTRUN","ColumnTypeNative":"varchar","ColumnLength":60,"ColumnPrecision":0,"ColumnScale":0,"ColumnType":6,"ColumnIndexed":false},{"ColumnName":"CMPCDE","ColumnTypeNative":"varchar","ColumnLength":5,"ColumnPrecision":0,"ColumnScale":0,"ColumnType":6,"ColumnIndexed":false},{"ColumnName":"CMPBRN","ColumnTypeNative":"varchar","ColumnLength":5,"ColumnPrecision":0,"ColumnScale":0,"ColumnType":6,"ColumnIndexed":false},{"ColumnName":"CMPDEP","ColumnTypeNative":"varchar","ColumnLength":5,"ColumnPrecision":0,"ColumnScale":0,"ColumnType":6,"ColumnIndexed":false},{"ColumnName":"CMPSEC","ColumnTypeNative":"varchar","ColumnLength":5,"ColumnPrecision":0,"ColumnScale":0,"ColumnType":6,"ColumnIndexed":false},{"ColumnName":"ENTUSR","ColumnTypeNative":"varchar","ColumnLength":60,"ColumnPrecision":0,"ColumnScale":0,"ColumnType":6,"ColumnIndexed":false},{"ColumnName":"ENTDTE","ColumnTypeNative":"datetime","ColumnLength":19,"ColumnPrecision":10,"ColumnScale":0,"ColumnType":5,"ColumnIndexed":false},{"ColumnName":"ENTTIM","ColumnTypeNative":"datetime","ColumnLength":19,"ColumnPrecision":10,"ColumnScale":0,"ColumnType":5,"ColumnIndexed":false},{"ColumnName":"ENTWKS","ColumnTypeNative":"varchar","ColumnLength":100,"ColumnPrecision":0,"ColumnScale":0,"ColumnType":6,"ColumnIndexed":false},{"ColumnName":"MODUSR","ColumnTypeNative":"varchar","ColumnLength":60,"ColumnPrecision":0,"ColumnScale":0,"ColumnType":6,"ColumnIndexed":false},{"ColumnName":"MODDTE","ColumnTypeNative":"datetime","ColumnLength":19,"ColumnPrecision":10,"ColumnScale":0,"ColumnType":5,"ColumnIndexed":false},{"ColumnName":"MODTIM","ColumnTypeNative":"datetime","ColumnLength":19,"ColumnPrecision":10,"ColumnScale":0,"ColumnType":5,"ColumnIndexed":false},{"ColumnName":"MODWKS","ColumnTypeNative":"varchar","ColumnLength":100,"ColumnPrecision":0,"ColumnScale":0,"ColumnType":6,"ColumnIndexed":false},{"ColumnName":"RECACT","ColumnTypeNative":"varchar","ColumnLength":10,"ColumnPrecision":0,"ColumnScale":0,"ColumnType":6,"ColumnIndexed":false},{"ColumnName":"RECSTS","ColumnTypeNative":"varchar","ColumnLength":10,"ColumnPrecision":0,"ColumnScale":0,"ColumnType":6,"ColumnIndexed":false},{"ColumnName":"RECSEQ","ColumnTypeNative":"bigint","ColumnLength":19,"ColumnPrecision":10,"ColumnScale":0,"ColumnType":2,"ColumnIndexed":false},{"ColumnName":"RECFL1","ColumnTypeNative":"varchar","ColumnLength":3,"ColumnPrecision":0,"ColumnScale":0,"ColumnType":6,"ColumnIndexed":false},{"ColumnName":"RECFL2","ColumnTypeNative":"varchar","ColumnLength":3,"ColumnPrecision":0,"ColumnScale":0,"ColumnType":6,"ColumnIndexed":false},{"ColumnName":"RECFL3","ColumnTypeNative":"varchar","ColumnLength":3,"ColumnPrecision":0,"ColumnScale":0,"ColumnType":6,"ColumnIndexed":false},{"ColumnName":"RECFL4","ColumnTypeNative":"varchar","ColumnLength":3,"ColumnPrecision":0,"ColumnScale":0,"ColumnType":6,"ColumnIndexed":false},{"ColumnName":"RECFL5","ColumnTypeNative":"varchar","ColumnLength":3,"ColumnPrecision":0,"ColumnScale":0,"ColumnType":6,"ColumnIndexed":false},{"ColumnName":"ENTUID","ColumnTypeNative":"bigint","ColumnLength":19,"ColumnPrecision":10,"ColumnScale":0,"ColumnType":2,"ColumnIndexed":false},{"ColumnName":"MODUID","ColumnTypeNative":"bigint","ColumnLength":19,"ColumnPrecision":10,"ColumnScale":0,"ColumnType":2,"ColumnIndexed":false}]
20160812 12195518  ! SQL   SynSQLite3.TSQLDatabase(01633E90) 23.64ms  CREATE VIRTUAL TABLE INVM_PROD USING External(PRDRUN INTEGER, PRDCDE TEXT COLLATE SYSTEMNOCASE, PRDBAR TEXT COLLATE SYSTEMNOCASE, PRDNAT TEXT COLLATE SYSTEMNOCASE, PRDNAE TEXT COLLATE SYSTEMNOCASE, PRDNSE TEXT COLLATE SYSTEMNOCASE, MANRUN INTEGER, PRDREG TEXT COLLATE ISO8601, PTYRUN INTEGER, UNIRUN INTEGER, PRDCOA FLOAT, PRDCOU FLOAT, ROURUN INTEGER, VENRUN INTEGER, ROUCDE TEXT COLLATE SYSTEMNOCASE, PSTRUN TEXT COLLATE SYSTEMNOCASE, CMPCDE TEXT COLLATE SYSTEMNOCASE, CMPBRN TEXT COLLATE SYSTEMNOCASE, CMPDEP TEXT COLLATE SYSTEMNOCASE, CMPSEC TEXT COLLATE SYSTEMNOCASE, ENTUSR TEXT COLLATE SYSTEMNOCASE, ENTDTE TEXT COLLATE ISO8601, ENTTIM TEXT COLLATE ISO8601, ENTWKS TEXT COLLATE SYSTEMNOCASE, MODUSR TEXT COLLATE SYSTEMNOCASE, MODDTE TEXT COLLATE ISO8601, MODTIM TEXT COLLATE ISO8601, MODWKS TEXT COLLATE SYSTEMNOCASE, RECACT TEXT COLLATE SYSTEMNOCASE, RECSTS TEXT COLLATE SYSTEMNOCASE, RECSEQ INTEGER, RECFL1 TEXT COLLATE SYSTEMNOCASE, RECFL2 TEXT COLLATE SYSTEMNOCASE, RECFL3 TEXT COLLATE SYSTEMNOCASE, RECFL4 TEXT COLLATE SYSTEMNOCASE, RECFL5 TEXT COLLATE SYSTEMNOCASE, ENTUID INTEGER, MODUID INTEGER);
20160812 12195518  !  +    SynDBODBC.TODBCStatement(015BB430).000000010009BACD 
20160812 12195518  !  -    00.000.014
20160812 12195518  !  +    SynDBODBC.TODBCStatement(015BB430).000000010009B019 
20160812 12195518  ! SQL   	SynDBODBC.TODBCStatement(015BB430) select ID from INVM_PROD limit 1
20160812 12195518  !  -    00.003.586
20160812 12195518  ! SQL   SynSQLite3.TSQLDatabase(01633E90) 13us  COMMIT TRANSACTION;
20160812 12195518  !  +    mORMotHttpServer.TSQLHttpServer(01644830).Create useHttpApiRegisteringURI (secNone) on port 8880
20160812 12195518  !  -    00.000.001
20160812 12195518  ! http  mORMotHttpServer.TSQLHttpServer(01644830) http.sys registration of http://+:8880/root
20160812 12195518  9 info  SetThreadName 00000B78=TSQLHttpServer 8880/root THttpApiServer
20160812 12195518  9 trace mORMotSQLite3.TSQLRestServerDB(015F6D80) BeginCurrentThread(THttpApiServer) root=root ThreadID=00000B78 ThreadCount=1
20160812 12195518  ( info  SetThreadName 000026A8=TSQLHttpServer 8880/root THttpApiServer
20160812 12195518  ( trace mORMotSQLite3.TSQLRestServerDB(015F6D80) BeginCurrentThread(THttpApiServer) root=root ThreadID=000026A8 ThreadCount=2
20160812 12195518  8 info  SetThreadName 000020F8=TSQLHttpServer 8880/root THttpApiServer
20160812 12195518  8 trace mORMotSQLite3.TSQLRestServerDB(015F6D80) BeginCurrentThread(THttpApiServer) root=root ThreadID=000020F8 ThreadCount=3
20160812 12195518  7 info  SetThreadName 000007E0=TSQLHttpServer 8880/root THttpApiServer
20160812 12195518  7 trace mORMotSQLite3.TSQLRestServerDB(015F6D80) BeginCurrentThread(THttpApiServer) root=root ThreadID=000007E0 ThreadCount=4
20160812 12195518  6 info  SetThreadName 00001558=TSQLHttpServer 8880/root THttpApiServer
20160812 12195518  6 trace mORMotSQLite3.TSQLRestServerDB(015F6D80) BeginCurrentThread(THttpApiServer) root=root ThreadID=00001558 ThreadCount=5
20160812 12195518  ! http  mORMotHttpServer.TSQLHttpServer(01644830) {"THttpApiServer(0162C2A0)":{"Cloned":false,"RegisteredUrl":"http://+:8880/root/","HTTPQueueLength":1000,"MaxBandwidth":-1,"MaxConnections":-1,"APIVersion":"HTTP API 2.0","ServerName":"Synopse mORMot (Windows)","ProcessName":"root "}} initialized for root
20160812 12195518  5 info  SetThreadName 00001468=TSQLHttpServer 8880/root THttpApiServer
20160812 12195518  5 trace mORMotSQLite3.TSQLRestServerDB(015F6D80) BeginCurrentThread(THttpApiServer) root=root ThreadID=00001468 ThreadCount=6
20160812 12195518  4 info  SetThreadName 00000620=TSQLHttpServer 8880/root THttpApiServer
20160812 12195518  4 trace mORMotSQLite3.TSQLRestServerDB(015F6D80) BeginCurrentThread(THttpApiServer) root=root ThreadID=00000620 ThreadCount=7
20160812 12195518  3 info  SetThreadName 00001A10=TSQLHttpServer 8880/root THttpApiServer
20160812 12195518  3 trace mORMotSQLite3.TSQLRestServerDB(015F6D80) BeginCurrentThread(THttpApiServer) root=root ThreadID=00001A10 ThreadCount=8
20160812 12195518  / info  SetThreadName 00001DB8=TSQLHttpServer 8880/root THttpApiServer
20160812 12195518  / trace mORMotSQLite3.TSQLRestServerDB(015F6D80) BeginCurrentThread(THttpApiServer) root=root ThreadID=00001DB8 ThreadCount=9
20160812 12195518  A info  SetThreadName 00000DEC=TSQLHttpServer 8880/root THttpApiServer
20160812 12195518  A trace mORMotSQLite3.TSQLRestServerDB(015F6D80) BeginCurrentThread(THttpApiServer) root=root ThreadID=00000DEC ThreadCount=10
20160812 12195518  ' info  SetThreadName 00000D28=TSQLHttpServer 8880/root THttpApiServer
20160812 12195518  ' trace mORMotSQLite3.TSQLRestServerDB(015F6D80) BeginCurrentThread(THttpApiServer) root=root ThreadID=00000D28 ThreadCount=11
20160812 12195518  , info  SetThreadName 00001E84=TSQLHttpServer 8880/root THttpApiServer
20160812 12195518  , trace mORMotSQLite3.TSQLRestServerDB(015F6D80) BeginCurrentThread(THttpApiServer) root=root ThreadID=00001E84 ThreadCount=12
20160812 12195518  - info  SetThreadName 000029E4=TSQLHttpServer 8880/root THttpApiServer
20160812 12195518  - trace mORMotSQLite3.TSQLRestServerDB(015F6D80) BeginCurrentThread(THttpApiServer) root=root ThreadID=000029E4 ThreadCount=13
20160812 12195518  @ info  SetThreadName 0000118C=TSQLHttpServer 8880/root THttpApiServer
20160812 12195518  @ trace mORMotSQLite3.TSQLRestServerDB(015F6D80) BeginCurrentThread(THttpApiServer) root=root ThreadID=0000118C ThreadCount=14
20160812 12195518  ? info  SetThreadName 000012A4=TSQLHttpServer 8880/root THttpApiServer
20160812 12195518  ? trace mORMotSQLite3.TSQLRestServerDB(015F6D80) BeginCurrentThread(THttpApiServer) root=root ThreadID=000012A4 ThreadCount=15
20160812 12195518  > info  SetThreadName 00001D4C=TSQLHttpServer 8880/root THttpApiServer
20160812 12195518  > trace mORMotSQLite3.TSQLRestServerDB(015F6D80) BeginCurrentThread(THttpApiServer) root=root ThreadID=00001D4C ThreadCount=16
20160812 12195518  : info  SetThreadName 00001B30=TSQLHttpServer 8880/root THttpApiServer
20160812 12195518  : trace mORMotSQLite3.TSQLRestServerDB(015F6D80) BeginCurrentThread(THttpApiServer) root=root ThreadID=00001B30 ThreadCount=17
20160812 12195518  2 info  SetThreadName 00001820=TSQLHttpServer 8880/root THttpApiServer
20160812 12195518  2 trace mORMotSQLite3.TSQLRestServerDB(015F6D80) BeginCurrentThread(THttpApiServer) root=root ThreadID=00001820 ThreadCount=18
20160812 12195518  1 info  SetThreadName 00001768=TSQLHttpServer 8880/root THttpApiServer
20160812 12195518  1 trace mORMotSQLite3.TSQLRestServerDB(015F6D80) BeginCurrentThread(THttpApiServer) root=root ThreadID=00001768 ThreadCount=19
20160812 12195518  0 info  SetThreadName 00002304=TSQLHttpServer 8880/root THttpApiServer
20160812 12195518  0 trace mORMotSQLite3.TSQLRestServerDB(015F6D80) BeginCurrentThread(THttpApiServer) root=root ThreadID=00002304 ThreadCount=20
20160812 12195518  . info  SetThreadName 000027F8=TSQLHttpServer 8880/root THttpApiServer
20160812 12195518  . trace mORMotSQLite3.TSQLRestServerDB(015F6D80) BeginCurrentThread(THttpApiServer) root=root ThreadID=000027F8 ThreadCount=21
20160812 12195518  # info  SetThreadName 00001580=TSQLHttpServer 8880/root THttpApiServer
20160812 12195518  # trace mORMotSQLite3.TSQLRestServerDB(015F6D80) BeginCurrentThread(THttpApiServer) root=root ThreadID=00001580 ThreadCount=22
20160812 12195518  $ info  SetThreadName 000027C8=TSQLHttpServer 8880/root THttpApiServer
20160812 12195518  $ trace mORMotSQLite3.TSQLRestServerDB(015F6D80) BeginCurrentThread(THttpApiServer) root=root ThreadID=000027C8 ThreadCount=23
20160812 12195518  " info  SetThreadName 00001F18=TSQLHttpServer 8880/root THttpApiServer
20160812 12195518  " trace mORMotSQLite3.TSQLRestServerDB(015F6D80) BeginCurrentThread(THttpApiServer) root=root ThreadID=00001F18 ThreadCount=24
20160812 12195518  + info  SetThreadName 00002560=TSQLHttpServer 8880/root THttpApiServer
20160812 12195518  + trace mORMotSQLite3.