C:\LIB\DELPHI_LIB\mORMot_LastestLz\SQLite3\Samples\28 - Simple RESTful ORM Server\project28.exe 0.0.0.0 (2016-08-12 21:23:25)Host=DESKTOP-LRSF58E User=xchinjo CPU=4*9-6-10759:FFFBEBBFFFE3BA1F0000000000 OS=15.0=6.2.9200 Wow64=0 Freq=2628200Environment variables=ALLUSERSPROFILE=C:\ProgramData	APPDATA=C:\Users\xchinjo\AppData\Roaming	asl.log=Destination=file	COLUMNS=80	CommonProgramFiles=C:\Program Files\Common Files	CommonProgramFiles(x86)=C:\Program Files (x86)\Common Files	CommonProgramW6432=C:\Program Files\Common Files	COMPUTERNAME=DESKTOP-LRSF58E	ComSpec=C:\Windows\system32\cmd.exe	ESET_OPTIONS=                                                                                                                                                                                                                                                                                                                                                                                                                                                                                                                               	HOMEDRIVE=C:	HOMEPATH=\Users\xchinjo	JAVA_HOME=C:\Program Files\Java\jdk1.8.0_66	LINES=24	LOCALAPPDATA=C:\Users\xchinjo\AppData\Local	LOGONSERVER=\\DESKTOP-LRSF58E	NUMBER_OF_PROCESSORS=4	OS=Windows_NT	Path=C:\ProgramData\Oracle\Java\javapath;C:\Program Files (x86)\Embarcadero\Studio\17.0\bin;C:\Users\Public\Documents\Embarcadero\Studio\17.0\Bpl;C:\Program Files (x86)\Embarcadero\Studio\17.0\bin64;C:\Users\Public\Documents\Embarcadero\Studio\17.0\Bpl\Win64;C:\Program Files (x86)\Embarcadero\Studio\15.0\bin;C:\Users\Public\Documents\Embarcadero\Studio\15.0\Bpl;C:\Program Files (x86)\Embarcadero\Studio\15.0\bin64;C:\Users\Public\Documents\Embarcadero\Studio\15.0\Bpl\Win64;C:\Program Files (x86)\Embarcadero\RAD Studio\12.0\bin;C:\Users\Public\Documents\RAD Studio\12.0\Bpl;C:\Program Files (x86)\Embarcadero\RAD Studio\12.0\bin64;C:\Users\Public\Documents\RAD Studio\12.0\Bpl\Win64;C:\Program Files (x86)\Embarcadero\RAD Studio\9.0\bin;C:\Users\Public\Documents\RAD Studio\9.0\Bpl;C:\Program Files (x86)\Embarcadero\RAD Studio\9.0\bin64;C:\Users\Public\Documents\RAD Studio\9.0\Bpl\Win64;C:\Program Files (x86)\Borland\Delphi7\Bin;C:\Program Files (x86)\Borland\Delphi7\Projects\Bpl\;C:\Windows\system32;C:\Windows;C:\Windows\System32\Wbem;C:\Windows\System32\WindowsPowerShell\v1.0\;C:\Program Files\OpenVPN\bin;C:\Program Files\TortoiseGit\bin;C:\Program Files\Microsoft SQL Server\110\DTS\Binn\;C:\Program Files (x86)\Microsoft SQL Server\110\Tools\Binn\;C:\Program Files\Microsoft SQL Server\110\Tools\Binn\;C:\Program Files (x86)\Microsoft SQL Server\110\Tools\Binn\ManagementStudio\;C:\Program Files (x86)\Microsoft Visual Studio 10.0\Common7\IDE\PrivateAssemblies\;C:\Program Files (x86)\Microsoft SQL Server\110\DTS\Binn\;C:\Program Files\nodejs\;C:\Program Files\MongoDB\Server\3.2\bin;C:\Program Files\TortoiseSVN\bin;C:\Program Files (x86)\Skype\Phone\;C:\Program Files (x86)\Common Files\Tom Sawyer Software\8.0.0;C:\LIB\JAVA_LIB\apache-maven-3.3.9\bin;C:\Users\xchinjo\AppData\Local\atom\bin;C:\Users\xchinjo\AppData\Roaming\npm	PATHEXT=.COM;.EXE;.BAT;.CMD;.VBS;.VBE;.JS;.JSE;.WSF;.WSH;.MSC	PROCESSOR_ARCHITECTURE=AMD64	PROCESSOR_IDENTIFIER=Intel64 Family 6 Model 42 Stepping 7, GenuineIntel	PROCESSOR_LEVEL=6	PROCESSOR_REVISION=2a07	ProgramData=C:\ProgramData	ProgramFiles=C:\Program Files	ProgramFiles(x86)=C:\Program Files (x86)	ProgramW6432=C:\Program Files	PSModulePath=C:\Program Files\WindowsPowerShell\Modules;C:\Windows\system32\WindowsPowerShell\v1.0\Modules;C:\Program Files (x86)\Microsoft SQL Server\110\Tools\PowerShell\Modules\	PUBLIC=C:\Users\Public	SystemDrive=C:	SystemRoot=C:\Windows	TEMP=C:\Users\xchinjo\AppData\Local\Temp	TMP=C:\Users\xchinjo\AppData\Local\Temp	TVT=C:\Program Files (x86)\Lenovo	USERDOMAIN=DESKTOP-LRSF58E	USERDOMAIN_ROAMINGPROFILE=DESKTOP-LRSF58E	USERNAME=xchinjo	USERPROFILE=C:\Users\xchinjo	VBOX_MSI_INSTALL_PATH=C:\Program Files\Oracle\VirtualBox\	windir=C:\Windows	__COMPAT_LAYER=RunAsAdminTSQLLog 1.18.2833 FTS3 2016-08-12T14:23:2620160812 14232660  !  +    SynDBODBC.TODBCConnection(0164EBE0).0000000100099024 
20160812 14232660  !  -    00.000.005
20160812 14232660  !  +    0000000100098953 
20160812 14232703  ! debug 	Connected to MySQL using myodbc3.dll 5.5.5-10.1.14-MariaDB recognized as MySQL
20160812 14232703  !  -    00.080.632
20160812 14232703  !  +    SynSQLite3.TSQLDatabase(0164ECA0).DBOpen 
20160812 14232703  ! DB    	SynSQLite3.TSQLDatabase(0164ECA0) ":memory:" database file opened with PageSize=1024 and CacheSize=2000
20160812 14232703  !  -    00.000.494
20160812 14232703  ! SQL   SynSQLite3.TSQLDatabase(0164ECA0) 44us  returned 0 rows SELECT name FROM sqlite_master WHERE type='table' AND name NOT LIKE 'sqlite_%';
20160812 14232703  ! DB    mORMotSQLite3.TSQLRestServerDB(015FD670) CreateMissingTables on {"TSQLDatabase(0164ECA0)":{"FileName":":memory:","IsMemory":true,"UseCache":true,"TransactionActive":false,"BusyTimeout":0,"CacheSize":2000,"PageSize":1024,"PageCount":0,"FileSize":0,"WALMode":false,"Synchronous":"smFull","LockingMode":"lmNormal","MemoryMappedMB":0,"user_version":0,"OpenV2Flags":6,"BackupBackgroundInProcess":false,"BackupBackgroundLastTime":"","BackupBackgroundLastFileName":"","SQLite3Library":{"TSQLite3LibraryDynamic(015F8A10)":{"LibraryName":"sqlite3-64.dll","Version":"3.11.1 with internal MM"}}}}
20160812 14232703  ! DB    mORMotSQLite3.TSQLRestServerDB(015FD670) "GetTables":[]
20160812 14232703  ! SQL   SynSQLite3.TSQLDatabase(0164ECA0) 7us  BEGIN TRANSACTION;
20160812 14232703  !  +    mORMotDB.TSQLRestStorageExternal(05F900C0).Create TSQLINVM_PROD
20160812 14232703  !  -    00.000.002
20160812 14232703  ! info  mORMotDB.TSQLRestStorageExternal(05F900C0) TSQLINVM_PROD {"TODBCConnectionProperties(01656B50)":{"Engine":"ODBC","ServerName":"","DatabaseNameSafe":"Driver=MySQL ODBC 3.51 Driver;Database=SAM;Server=124.109.2.164;Port=3307;USER=insysc;Password=insysc1234567890*","UserID":"","DBMS":"dMySQL","DBMSEngineName":"MySQL","BatchSendingAbilities":["cCreate"],"BatchMaxSentAtOnce":4096,"LoggedSQLMaxSize":0,"LogSQLStatementOnException":false,"ForcedSchemaName":"","UseCache":true,"RollbackOnDisconnect":true,"StoreVoidStringAsNull":false,"VariantStringAsWideString":false}} Server={"TSQLRestServerDB(015FD670)":{"DB":{"TSQLDatabase(0164ECA0)":{"FileName":":memory:","IsMemory":true,"UseCache":true,"TransactionActive":true,"BusyTimeout":0,"CacheSize":2000,"PageSize":1024,"PageCount":2,"FileSize":2048,"WALMode":false,"Synchronous":"smFull","LockingMode":"lmNormal","MemoryMappedMB":0,"user_version":0,"OpenV2Flags":6,"BackupBackgroundInProcess":false,"BackupBackgroundLastTime":"","BackupBackgroundLastFileName":"","SQLite3Library":{"TSQLite3LibraryDynamic(015F8A10)":{"LibraryName":"sqlite3-64.dll","Version":"3.11.1 with internal MM"}}}},"StatementLastException":"","NoAJAXJSON":false,"Options":[],"HandleAuthentication":false,"BypassORMAuthentication":[],"Stats":{"StartDate":"2016-08-12 14:23:27","Success":0,"ServiceMethod":0,"ServiceInterface":0,"OutcomingFiles":0,"CurrentThreadCount":0,"Created":0,"Read":0,"Updated":0,"Deleted":0,"ClientsCurrent":0,"ClientsMax":0,"CurrentRequestCount":0,"Input":{"Bytes":0,"Text":"0 B"},"Output":{"Bytes":0,"Text":"0 B"},"InputThroughput":{"BytesPerSec":0,"Text":"0 B/s"},"OutputThroughput":{"BytesPerSec":0,"Text":"0 B/s"},"Processing":false,"TaskCount":0,"TotalTime":{"MicroSec":0,"Text":"0us"},"LastTime":{"MicroSec":0,"Text":"0us"},"MinimalTime":{"MicroSec":0,"Text":"0us"},"AverageTime":{"MicroSec":0,"Text":"0us"},"MaximalTime":{"MicroSec":0,"Text":"0us"},"PerSec":0,"Errors":0,"LastError":null},"StatLevels":["mlTables","mlMethods","mlInterfaces","mlSQLite3"],"StaticVirtualTableDirect":true,"ServerTimeStamp":135322330587}}
20160812 14232703  !  +    SynDBODBC.TODBCStatement(015D76C0).000000010009BACD 
20160812 14232703  !  -    00.000.082
20160812 14232703  !  +    SynDBODBC.TODBCStatement(015D76C0).000000010009B019 
20160812 14232703  ! SQL   	SynDBODBC.TODBCStatement(015D76C0) select COLUMN_NAME, DATA_TYPE, CHARACTER_MAXIMUM_LENGTH, NUMERIC_PRECISION, NUMERIC_SCALE, 0 INDEX_COUNT from INFORMATION_SCHEMA.COLUMNS where UPPER(TABLE_SCHEMA) = 'DRIVER=MYSQL ODBC 3.51 DRIVER;DATABASE=SAM;SERVER=124.109.2.164;PORT=3307;USER=INSYSC;PASSWORD=INSYSC1234567890*' and UPPER(TABLE_NAME) = 'INVM_PROD'
20160812 14232703  !  -    00.011.348
20160812 14232705  ! debug mORMotDB.TSQLRestStorageExternal(05F900C0) "GetFields":[{"ColumnName":"ID","ColumnTypeNative":"bigint","ColumnLength":19,"ColumnPrecision":10,"ColumnScale":0,"ColumnType":2,"ColumnIndexed":true},{"ColumnName":"PRDRUN","ColumnTypeNative":"bigint","ColumnLength":19,"ColumnPrecision":10,"ColumnScale":0,"ColumnType":2,"ColumnIndexed":false},{"ColumnName":"PRDCDE","ColumnTypeNative":"varchar","ColumnLength":60,"ColumnPrecision":0,"ColumnScale":0,"ColumnType":6,"ColumnIndexed":false},{"ColumnName":"PRDBAR","ColumnTypeNative":"varchar","ColumnLength":60,"ColumnPrecision":0,"ColumnScale":0,"ColumnType":6,"ColumnIndexed":false},{"ColumnName":"PRDNAT","ColumnTypeNative":"varchar","ColumnLength":200,"ColumnPrecision":0,"ColumnScale":0,"ColumnType":6,"ColumnIndexed":false},{"ColumnName":"PRDNAE","ColumnTypeNative":"varchar","ColumnLength":200,"ColumnPrecision":0,"ColumnScale":0,"ColumnType":6,"ColumnIndexed":false},{"ColumnName":"PRDNSE","ColumnTypeNative":"varchar","ColumnLength":200,"ColumnPrecision":0,"ColumnScale":0,"ColumnType":6,"ColumnIndexed":false},{"ColumnName":"MANRUN","ColumnTypeNative":"bigint","ColumnLength":19,"ColumnPrecision":10,"ColumnScale":0,"ColumnType":2,"ColumnIndexed":false},{"ColumnName":"PRDREG","ColumnTypeNative":"datetime","ColumnLength":19,"ColumnPrecision":10,"ColumnScale":0,"ColumnType":5,"ColumnIndexed":false},{"ColumnName":"PTYRUN","ColumnTypeNative":"bigint","ColumnLength":19,"ColumnPrecision":10,"ColumnScale":0,"ColumnType":2,"ColumnIndexed":false},{"ColumnName":"UNIRUN","ColumnTypeNative":"bigint","ColumnLength":19,"ColumnPrecision":10,"ColumnScale":0,"ColumnType":2,"ColumnIndexed":false},{"ColumnName":"PRDCOA","ColumnTypeNative":"decimal","ColumnLength":19,"ColumnPrecision":10,"ColumnScale":4,"ColumnType":4,"ColumnIndexed":false},{"ColumnName":"PRDCOU","ColumnTypeNative":"decimal","ColumnLength":19,"ColumnPrecision":10,"ColumnScale":4,"ColumnType":4,"ColumnIndexed":false},{"ColumnName":"ROURUN","ColumnTypeNative":"bigint","ColumnLength":19,"ColumnPrecision":10,"ColumnScale":0,"ColumnType":2,"ColumnIndexed":false},{"ColumnName":"VENRUN","ColumnTypeNative":"bigint","ColumnLength":19,"ColumnPrecision":10,"ColumnScale":0,"ColumnType":2,"ColumnIndexed":false},{"ColumnName":"ROUCDE","ColumnTypeNative":"varchar","ColumnLength":60,"ColumnPrecision":0,"ColumnScale":0,"ColumnType":6,"ColumnIndexed":false},{"ColumnName":"PSTRUN","ColumnTypeNative":"varchar","ColumnLength":60,"ColumnPrecision":0,"ColumnScale":0,"ColumnType":6,"ColumnIndexed":false},{"ColumnName":"CMPCDE","ColumnTypeNative":"varchar","ColumnLength":5,"ColumnPrecision":0,"ColumnScale":0,"ColumnType":6,"ColumnIndexed":false},{"ColumnName":"CMPBRN","ColumnTypeNative":"varchar","ColumnLength":5,"ColumnPrecision":0,"ColumnScale":0,"ColumnType":6,"ColumnIndexed":false},{"ColumnName":"CMPDEP","ColumnTypeNative":"varchar","ColumnLength":5,"ColumnPrecision":0,"ColumnScale":0,"ColumnType":6,"ColumnIndexed":false},{"ColumnName":"CMPSEC","ColumnTypeNative":"varchar","ColumnLength":5,"ColumnPrecision":0,"ColumnScale":0,"ColumnType":6,"ColumnIndexed":false},{"ColumnName":"ENTUSR","ColumnTypeNative":"varchar","ColumnLength":60,"ColumnPrecision":0,"ColumnScale":0,"ColumnType":6,"ColumnIndexed":false},{"ColumnName":"ENTDTE","ColumnTypeNative":"datetime","ColumnLength":19,"ColumnPrecision":10,"ColumnScale":0,"ColumnType":5,"ColumnIndexed":false},{"ColumnName":"ENTTIM","ColumnTypeNative":"datetime","ColumnLength":19,"ColumnPrecision":10,"ColumnScale":0,"ColumnType":5,"ColumnIndexed":false},{"ColumnName":"ENTWKS","ColumnTypeNative":"varchar","ColumnLength":100,"ColumnPrecision":0,"ColumnScale":0,"ColumnType":6,"ColumnIndexed":false},{"ColumnName":"MODUSR","ColumnTypeNative":"varchar","ColumnLength":60,"ColumnPrecision":0,"ColumnScale":0,"ColumnType":6,"ColumnIndexed":false},{"ColumnName":"MODDTE","ColumnTypeNative":"datetime","ColumnLength":19,"ColumnPrecision":10,"ColumnScale":0,"ColumnType":5,"ColumnIndexed":false},{"ColumnName":"MODTIM","ColumnTypeNative":"datetime","ColumnLength":19,"ColumnPrecision":10,"ColumnScale":0,"ColumnType":5,"ColumnIndexed":false},{"ColumnName":"MODWKS","ColumnTypeNative":"varchar","ColumnLength":100,"ColumnPrecision":0,"ColumnScale":0,"ColumnType":6,"ColumnIndexed":false},{"ColumnName":"RECACT","ColumnTypeNative":"varchar","ColumnLength":10,"ColumnPrecision":0,"ColumnScale":0,"ColumnType":6,"ColumnIndexed":false},{"ColumnName":"RECSTS","ColumnTypeNative":"varchar","ColumnLength":10,"ColumnPrecision":0,"ColumnScale":0,"ColumnType":6,"ColumnIndexed":false},{"ColumnName":"RECSEQ","ColumnTypeNative":"bigint","ColumnLength":19,"ColumnPrecision":10,"ColumnScale":0,"ColumnType":2,"ColumnIndexed":false},{"ColumnName":"RECFL1","ColumnTypeNative":"varchar","ColumnLength":3,"ColumnPrecision":0,"ColumnScale":0,"ColumnType":6,"ColumnIndexed":false},{"ColumnName":"RECFL2","ColumnTypeNative":"varchar","ColumnLength":3,"ColumnPrecision":0,"ColumnScale":0,"ColumnType":6,"ColumnIndexed":false},{"ColumnName":"RECFL3","ColumnTypeNative":"varchar","ColumnLength":3,"ColumnPrecision":0,"ColumnScale":0,"ColumnType":6,"ColumnIndexed":false},{"ColumnName":"RECFL4","ColumnTypeNative":"varchar","ColumnLength":3,"ColumnPrecision":0,"ColumnScale":0,"ColumnType":6,"ColumnIndexed":false},{"ColumnName":"RECFL5","ColumnTypeNative":"varchar","ColumnLength":3,"ColumnPrecision":0,"ColumnScale":0,"ColumnType":6,"ColumnIndexed":false},{"ColumnName":"ENTUID","ColumnTypeNative":"bigint","ColumnLength":19,"ColumnPrecision":10,"ColumnScale":0,"ColumnType":2,"ColumnIndexed":false},{"ColumnName":"MODUID","ColumnTypeNative":"bigint","ColumnLength":19,"ColumnPrecision":10,"ColumnScale":0,"ColumnType":2,"ColumnIndexed":false}]
20160812 14232705  ! SQL   SynSQLite3.TSQLDatabase(0164ECA0) 29.71ms  CREATE VIRTUAL TABLE INVM_PROD USING External(PRDRUN INTEGER, PRDCDE TEXT COLLATE SYSTEMNOCASE, PRDBAR TEXT COLLATE SYSTEMNOCASE, PRDNAT TEXT COLLATE SYSTEMNOCASE, PRDNAE TEXT COLLATE SYSTEMNOCASE, PRDNSE TEXT COLLATE SYSTEMNOCASE, MANRUN INTEGER, PRDREG TEXT COLLATE ISO8601, PTYRUN INTEGER, UNIRUN INTEGER, PRDCOA FLOAT, PRDCOU FLOAT, ROURUN INTEGER, VENRUN INTEGER, ROUCDE TEXT COLLATE SYSTEMNOCASE, PSTRUN TEXT COLLATE SYSTEMNOCASE, CMPCDE TEXT COLLATE SYSTEMNOCASE, CMPBRN TEXT COLLATE SYSTEMNOCASE, CMPDEP TEXT COLLATE SYSTEMNOCASE, CMPSEC TEXT COLLATE SYSTEMNOCASE, ENTUSR TEXT COLLATE SYSTEMNOCASE, ENTDTE TEXT COLLATE ISO8601, ENTTIM TEXT COLLATE ISO8601, ENTWKS TEXT COLLATE SYSTEMNOCASE, MODUSR TEXT COLLATE SYSTEMNOCASE, MODDTE TEXT COLLATE ISO8601, MODTIM TEXT COLLATE ISO8601, MODWKS TEXT COLLATE SYSTEMNOCASE, RECACT TEXT COLLATE SYSTEMNOCASE, RECSTS TEXT COLLATE SYSTEMNOCASE, RECSEQ INTEGER, RECFL1 TEXT COLLATE SYSTEMNOCASE, RECFL2 TEXT COLLATE SYSTEMNOCASE, RECFL3 TEXT COLLATE SYSTEMNOCASE, RECFL4 TEXT COLLATE SYSTEMNOCASE, RECFL5 TEXT COLLATE SYSTEMNOCASE, ENTUID INTEGER, MODUID INTEGER);
20160812 14232705  !  +    SynDBODBC.TODBCStatement(015D7580).000000010009BACD 
20160812 14232705  !  -    00.000.019
20160812 14232705  !  +    SynDBODBC.TODBCStatement(015D7580).000000010009B019 
20160812 14232705  ! SQL   	SynDBODBC.TODBCStatement(015D7580) select ID from INVM_PROD limit 1
20160812 14232705  !  -    00.004.019
20160812 14232705  ! SQL   SynSQLite3.TSQLDatabase(0164ECA0) 18us  COMMIT TRANSACTION;
20160812 14232705  !  +    mORMotHttpServer.TSQLHttpServer(016600E0).Create useHttpApiRegisteringURI (secNone) on port 8880
20160812 14232705  !  -    00.000.001
20160812 14232705  ! http  mORMotHttpServer.TSQLHttpServer(016600E0) http.sys registration of http://+:8880/root
20160812 14232705  " info  SetThreadName 00002614=TSQLHttpServer 8880/root THttpApiServer
20160812 14232705  " trace mORMotSQLite3.TSQLRestServerDB(015FD670) BeginCurrentThread(THttpApiServer) root=root ThreadID=00002614 ThreadCount=1
20160812 14232705  # info  SetThreadName 000028A4=TSQLHttpServer 8880/root THttpApiServer
20160812 14232705  # trace mORMotSQLite3.TSQLRestServerDB(015FD670) BeginCurrentThread(THttpApiServer) root=root ThreadID=000028A4 ThreadCount=2
20160812 14232706  $ info  SetThreadName 00002754=TSQLHttpServer 8880/root THttpApiServer
20160812 14232706  $ trace mORMotSQLite3.TSQLRestServerDB(015FD670) BeginCurrentThread(THttpApiServer) root=root ThreadID=00002754 ThreadCount=3
20160812 14232707  ! http  mORMotHttpServer.TSQLHttpServer(016600E0) {"THttpApiServer(01647090)":{"Cloned":false,"RegisteredUrl":"http://+:8880/root/","HTTPQueueLength":1000,"MaxBandwidth":-1,"MaxConnections":-1,"APIVersion":"HTTP API 2.0","ServerName":"Synopse mORMot (Windows)","ProcessName":"root "}} initialized for root
20160812 14232707  % info  SetThreadName 00001ACC=TSQLHttpServer 8880/root THttpApiServer
20160812 14232707  % trace mORMotSQLite3.TSQLRestServerDB(015FD670) BeginCurrentThread(THttpApiServer) root=root ThreadID=00001ACC ThreadCount=4
20160812 14232707  & info  SetThreadName 00001DA0=TSQLHttpServer 8880/root THttpApiServer
20160812 14232707  & trace mORMotSQLite3.TSQLRestServerDB(015FD670) BeginCurrentThread(THttpApiServer) root=root ThreadID=00001DA0 ThreadCount=5
20160812 14232707  ' info  SetThreadName 00001598=TSQLHttpServer 8880/root THttpApiServer
20160812 14232707  ' trace mORMotSQLite3.TSQLRestServerDB(015FD670) BeginCurrentThread(THttpApiServer) root=root ThreadID=00001598 ThreadCount=6
20160812 14232707  ( info  SetThreadName 00000D3C=TSQLHttpServer 8880/root THttpApiServer
20160812 14232707  ( trace mORMotSQLite3.TSQLRestServerDB(015FD670) BeginCurrentThread(THttpApiServer) root=root ThreadID=00000D3C ThreadCount=7
20160812 14232707  ) info  SetThreadName 00001268=TSQLHttpServer 8880/root THttpApiServer
20160812 14232707  ) trace mORMotSQLite3.TSQLRestServerDB(015FD670) BeginCurrentThread(THttpApiServer) root=root ThreadID=00001268 ThreadCount=8
20160812 14232707  * info  SetThreadName 000021CC=TSQLHttpServer 8880/root THttpApiServer
20160812 14232707  * trace mORMotSQLite3.TSQLRestServerDB(015FD670) BeginCurrentThread(THttpApiServer) root=root ThreadID=000021CC ThreadCount=9
20160812 14232707  + info  SetThreadName 00000914=TSQLHttpServer 8880/root THttpApiServer
20160812 14232707  + trace mORMotSQLite3.TSQLRestServerDB(015FD670) BeginCurrentThread(THttpApiServer) root=root ThreadID=00000914 ThreadCount=10
20160812 14232707  , info  SetThreadName 000015A0=TSQLHttpServer 8880/root THttpApiServer
20160812 14232707  , trace mORMotSQLite3.TSQLRestServerDB(015FD670) BeginCurrentThread(THttpApiServer) root=root ThreadID=000015A0 ThreadCount=11
20160812 14232707  - info  SetThreadName 00001B04=TSQLHttpServer 8880/root THttpApiServer
20160812 14232707  - trace mORMotSQLite3.TSQLRestServerDB(015FD670) BeginCurrentThread(THttpApiServer) root=root ThreadID=00001B04 ThreadCount=12
20160812 14232707  . info  SetThreadName 00000AA8=TSQLHttpServer 8880/root THttpApiServer
20160812 14232707  . trace mORMotSQLite3.TSQLRestServerDB(015FD670) BeginCurrentThread(THttpApiServer) root=root ThreadID=00000AA8 ThreadCount=13
20160812 14232707  / info  SetThreadName 000029E0=TSQLHttpServer 8880/root THttpApiServer
20160812 14232707  / trace mORMotSQLite3.TSQLRestServerDB(015FD670) BeginCurrentThread(THttpApiServer) root=root ThreadID=000029E0 ThreadCount=14
20160812 14232707  0 info  SetThreadName 000029F0=TSQLHttpServer 8880/root THttpApiServer
20160812 14232707  0 trace mORMotSQLite3.TSQLRestServerDB(015FD670) BeginCurrentThread(THttpApiServer) root=root ThreadID=000029F0 ThreadCount=15
20160812 14232707  1 info  SetThreadName 000003FC=TSQLHttpServer 8880/root THttpApiServer
20160812 14232707  1 trace mORMotSQLite3.TSQLRestServerDB(015FD670) BeginCurrentThread(THttpApiServer) root=root ThreadID=000003FC ThreadCount=16
20160812 14232707  2 info  SetThreadName 00002898=TSQLHttpServer 8880/root THttpApiServer
20160812 14232707  2 trace mORMotSQLite3.TSQLRestServerDB(015FD670) BeginCurrentThread(THttpApiServer) root=root ThreadID=00002898 ThreadCount=17
20160812 14232707  3 info  SetThreadName 00002818=TSQLHttpServer 8880/root THttpApiServer
20160812 14232707  3 trace mORMotSQLite3.TSQLRestServerDB(015FD670) BeginCurrentThread(THttpApiServer) root=root ThreadID=00002818 ThreadCount=18
20160812 14232707  4 info  SetThreadName 00000D70=TSQLHttpServer 8880/root THttpApiServer
20160812 14232707  4 trace mORMotSQLite3.TSQLRestServerDB(015FD670) BeginCurrentThread(THttpApiServer) root=root ThreadID=00000D70 ThreadCount=19
20160812 14232707  5 info  SetThreadName 00002214=TSQLHttpServer 8880/root THttpApiServer
20160812 14232707  5 trace mORMotSQLite3.TSQLRestServerDB(015FD670) BeginCurrentThread(THttpApiServer) root=root ThreadID=00002214 ThreadCount=20
20160812 14232707  6 info  SetThreadName 0000186C=TSQLHttpServer 8880/root THttpApiServer
20160812 14232707  6 trace mORMotSQLite3.TSQLRestServerDB(015FD670) BeginCurrentThread(THttpApiServer) root=root ThreadID=0000186C ThreadCount=21
20160812 14232707  7 info  SetThreadName 0000182C=TSQLHttpServer 8880/root THttpApiServer
20160812 14232707  7 trace mORMotSQLite3.TSQLRestServerDB(015FD670) BeginCurrentThread(THttpApiServer) root=root ThreadID=0000182C ThreadCount=22
20160812 14232707  8 info  SetThreadName 0000248C=TSQLHttpServer 8880/root THttpApiServer
20160812 14232707  8 trace mORMotSQLite3.TSQLRestServerDB(015FD670) BeginCurrentThread(THttpApiServer) root=root ThreadID=0000248C ThreadCount=23
20160812 14232707  9 info  SetThreadName 00002A54=TSQLHttpServer 8880/root THttpApiServer
20160812 14232707  9 trace mORMotSQLite3.TSQLRestServerDB(015FD670) BeginCurrentThread(THttpApiServer) root=root ThreadID=00002A54 ThreadCount=24
20160812 14232707  : info  SetThreadName 00002678=TSQLHttpServer 8880/root THttpApiServer
20160812 14232707  : trace mORMotSQLite3.TSQLRestServerDB(015FD670) BeginCurrentThread(THttpApiServer) root=root ThreadID=00002678 ThreadCount=25
20160812 14232707  ; info  SetThreadName 00000818=TSQLHttpServer 8880/root THttpApiServer
20160812 14232707  ; trace mORMotSQLite3.TSQLRestServerDB(015FD670) BeginCurrentThread(THttpApiServer) root=root ThreadID=00000818 ThreadCount=26
20160812 14232707  < info  SetThreadName 00001628=TSQLHttpServer 8880/root THttpApiServer
20160812 14232707  < trace mORMotSQLite3.TSQLRestServerDB(015FD670) BeginCurrentThread(THttpApiServer) root=root ThreadID=00001628 ThreadCount=27
20160812 14232707  = info  SetThreadName 00002814=TSQLHttpServer 8880/root THttpApiServer
20160812 14232707  = trace mORMotSQLite3.TSQLRestServerDB(015FD670) BeginCurrentThread(THttpApiServer) root=root ThreadID=00002814 ThreadCount=28
20160812 14232707  > info  SetThreadName 000003F4=TSQLHttpServer 8880/root THttpApiServer
20160812 14232707  > trace mORMotSQLite3.TSQLRestServerDB(015FD670) BeginCurrentThread(THttpApiServer) root=root ThreadID=000003F4 ThreadCount=29
20160812 14232708  ? info  SetThreadName 00001880=TSQLHttpServer 8880/root THttpApiServer
20160812 14232708  ? trace mORMotSQLite3.TSQLRestServerDB(015FD670) BeginCurrentThread(THttpApiServer) root=root ThreadID=00001880 ThreadCount=30
20160812 14232708  @ info  SetThreadName 00002A7C=TSQLHttpServer 8880/root THttpApiServer
20160812 14232708  @ trace mORMotSQLite3.TSQLRestServerDB(015FD670) BeginCurrentThread(THttpApiServer) root=root ThreadID=00002A7C ThreadCount=31
20160812 14232708  A info  SetThreadName 00002570=TSQLHttpServer 8880/root THttpApiServer
20160812 14232708  A trace mORMotSQLite3.TSQLRestServerDB(015FD670) BeginCurrentThread(THttpApiServer) root=root ThreadID=00002570 ThreadCount=32
20160812 14240630  !  +    mORMotHttpServer.TSQLHttpServer(016600E0).000000010011B925 
20160812 14240630  !  -    00.000.002
20160812 14240630  ! http  mORMotHttpServer.TSQLHttpServer(016600E0) {"THttpApiServer(01647090)":{"Cloned":false,"RegisteredUrl":"http://+:8880/root/","HTTPQueueLength":1000,"MaxBandwidth":-1,"MaxConnections":-1,"APIVersion":"HTTP API 2.0","ServerName":"Synopse mORMot (Windows)","ProcessName":"root "}} finalized for 1 server(s)
20160812 14240630  " trace mORMotSQLite3.TSQLRestServerDB(015FD670) EndCurrentThread(THttpApiServer) ThreadID=00002614 ThreadCount=31
20160812 14240630  # trace mORMotSQLite3.TSQLRestServerDB(015FD670) EndCurrentThread(THttpApiServer) ThreadID=000028A4 ThreadCount=30
20160812 14240630  $ trace mORMotSQLite3.TSQLRestServerDB(015FD670) EndCurrentThread(THttpApiServer) ThreadID=00002754 ThreadCount=29
20160812 14240630  % trace mORMotSQLite3.TSQLRestServerDB(015FD670) EndCurrentThread(THttpApiServer) ThreadID=00001ACC ThreadCount=28
20160812 14240630  & trace mORMotSQLite3.TSQLRestServerDB(015FD670) EndCurrentThread(THttpApiServer) ThreadID=00001DA0 ThreadCount=27
20160812 14240630  ' trace mORMotSQLite3.TSQLRestServerDB(015FD670) EndCurrentThread(THttpApiServer) ThreadID=00001598 ThreadCount=26
20160812 14240630  ( trace mORMotSQLite3.TSQLRestServerDB(015FD670) EndCurrentThread(THttpApiServer) ThreadID=00000D3C ThreadCount=25
20160812 14240630  ) trace mORMotSQLite3.TSQLRestServerDB(015FD670) EndCurrentThread(THttpApiServer) ThreadID=00001268 ThreadCount=24
20160812 14240630  ? trace mORMotSQLite3.TSQLRestServerDB(015FD670) EndCurrentThread(THttpApiServer) ThreadID=00001880 ThreadCount=23
20160812 14240630  5 trace mORMotSQLite3.TSQLRestServerDB(015FD670) EndCurrentThread(THttpApiServer) ThreadID=00002214 ThreadCount=22
20160812 14240630  @ trace mORMotSQLite3.TSQLRestServerDB(015FD670) EndCurrentThread(THttpApiServer) ThreadID=00002A7C ThreadCount=21
20160812 14240630  / trace mORMotSQLite3.TSQLRestServerDB(015FD670) EndCurrentThread(THttpApiServer) ThreadID=000029E0 ThreadCount=20
20160812 14240630  2 trace mORMotSQLite3.TSQLRestServerDB(015FD670) EndCurrentThread(THttpApiServer) ThreadID=00002898 ThreadCount=19
20160812 14240630  1 trace mORMotSQLite3.TSQLRestServerDB(015FD670) EndCurrentThread(THttpApiServer) ThreadID=000003FC ThreadCount=18
20160812 14240630  3 trace mORMotSQLite3.TSQLRestServerDB(015FD670) EndCurrentThread(THttpApiServer) ThreadID=00002818 ThreadCount=17
20160812 14240630  , trace mORMotSQLite3.TSQLRestServerDB(015FD670) EndCurrentThread(THttpApiServer) ThreadID=000015A0 ThreadCount=16
20160812 14240630  + trace mORMotSQLite3.TSQLRestServerDB(015FD670) EndCurrentThread(THttpApiServer) ThreadID=00000914 ThreadCount=15
20160812 14240630  6 trace mORMotSQLite3.TSQLRestServerDB(015FD670) EndCurrentThread(THttpApiServer) ThreadID=0000186C ThreadCount=14
20160812 14240630  8 trace mORMotSQLite3.TSQLRestServerDB(015FD670) EndCurrentThread(THttpApiServer) ThreadID=0000248C ThreadCount=13
20160812 14240630  * trace mORMotSQLite3.TSQLRestServerDB(015FD670) EndCurrentThread(THttpApiServer) ThreadID=000021CC ThreadCount=12
20160812 14240630  ; trace mORMotSQLite3.TSQLRestServerDB(015FD670) EndCurrentThread(THttpApiServer) ThreadID=00000818 ThreadCount=11
20160812 14240630  7 trace mORMotSQLite3.TSQLRestServerDB(015FD670) EndCurrentThread(THttpApiServer) ThreadID=0000182C ThreadCount=10
20160812 14240630  4 trace mORMotSQLite3.TSQLRestServerDB(015FD670) EndCurrentThread(THttpApiServer) ThreadID=00000D70 ThreadCount=9
20160812 14240630  : trace mORMotSQLite3.TSQLRestServerDB(015FD670) EndCurrentThread(THttpApiServer) ThreadID=00002678 ThreadCount=8
20160812 14240630  = trace mORMotSQLite3.TSQLRestServerDB(015FD670) EndCurrentThread(THttpApiServer) ThreadID=00002814 ThreadCount=7
20160812 14240630  > trace mORMotSQLite3.TSQLRestServerDB(015FD670) EndCurrentThread(THttpApiServer) ThreadID=000003F4 ThreadCount=6
20160812 14240630  < trace mORMotSQLite3.TSQLRestServerDB(015FD670) EndCurrentThread(THttpApiServer) ThreadID=00001628 ThreadCount=5
20160812 14240630  9 trace mORMotSQLite3.TSQLRestServerDB(015FD670) EndCurrentThread(THttpApiServer) ThreadID=00002A54 ThreadCount=4
20160812 14240630  0 trace mORMotSQLite3.TSQLRestServerDB(015FD670) EndCurrentThread(THttpApiServer) ThreadID=000029F0 ThreadCount=3
20160812 14240630  . trace mORMotSQLite3.TSQLRestServerDB(015FD670) EndCurrentThread(THttpApiServer) ThreadID=00000AA8 ThreadCount=2
20160812 14240630  A trace mORMotSQLite3.TSQLRestServerDB(015FD670) EndCurrentThread(THttpApiServer) ThreadID=00002570 ThreadCount=1
20160812 14240630  - trace mORMotSQLite3.TSQLRestServerDB(015FD670) EndCurrentThread(THttpApiServer) ThreadID=00001B04 ThreadCount=0
20160812 14240632  !  +    mORMotSQLite3.TSQLRestServerDB(015FD670).00000001000A8762 
20160812 14240632  !  +    	mORMotSQLite3.TSQLRestServerDB(015FD670).Shutdown CurrentRequestCount=0 File=
20160812 14240632  !  -    	00.005.049
20160812 14240632  !  +    	SynSQLite3.TSQLDatabase(0164ECA0).Destroy 
20160812 14240632  !  +    		00000001000B15E2 
20160812 14240632  ! DB    			SynSQLite3.TSQLDatabase(0164ECA0) closing ":memory:"
20160812 14240632  !  -    		00.000.068
20160812 14240632  !  -    	00.000.077
20160812 14240632  !  -    00.005.228
20160812 14240632  !  +    SynDBODBC.TODBCConnection(0164EBE0).0000000100099206 
20160812 14240632  !  -    00.000.000
20160812 14240632  !  +    SynDBODBC.TODBCConnection(0164EBE0).0000000100099024 
20160812 14240632  !  -    00.000.001
20160812 14240632  !  +    0000000100098953 
20160812 14240634  ! debug 	Connected to MySQL using myodbc3.dll 5.5.5-10.1.14-MariaDB recognized as MySQL
20160812 14240634  !  -    00.025.390
20160812 14240634  !  +    SynSQLite3.TSQLDatabase(0164ECA0).DBOpen 
20160812 14240634  ! DB    	SynSQLite3.TSQLDatabase(0164ECA0) ":memory:" database file opened with PageSize=1024 and CacheSize=2000
20160812 14240634  !  -    00.000.159
20160812 14240634  ! SQL   SynSQLite3.TSQLDatabase(0164ECA0) 28us  returned 0 rows SELECT name FROM sqlite_master WHERE type='table' AND name NOT LIKE 'sqlite_%';
20160812 14240634  ! DB    mORMotSQLite3.TSQLRestServerDB(01612B50) CreateMissingTables on {"TSQLDatabase(0164ECA0)":{"FileName":":memory:","IsMemory":true,"UseCache":true,"TransactionActive":false,"BusyTimeout":0,"CacheSize":2000,"PageSize":1024,"PageCount":0,"FileSize":0,"WALMode":false,"Synchronous":"smFull","LockingMode":"lmNormal","MemoryMappedMB":0,"user_version":0,"OpenV2Flags":6,"BackupBackgroundInProcess":false,"BackupBackgroundLastTime":"","BackupBackgroundLastFileName":"","SQLite3Library":{"TSQLite3LibraryDynamic(015F8A10)":{"LibraryName":"sqlite3-64.dll","Version":"3.11.1 with internal MM"}}}}
20160812 14240634  ! DB    mORMotSQLite3.TSQLRestServerDB(01612B50) "GetTables":[]
20160812 14240634  ! SQL   SynSQLite3.TSQLDatabase(0164ECA0) 4us  BEGIN TRANSACTION;
20160812 14240634  !  +    mORMotDB.TSQLRestStorageExternal(0167B9E0).Create TSQLINVM_PROD
20160812 14240634  !  -    00.000.001
20160812 14240634  ! info  mORMotDB.TSQLRestStorageExternal(0167B9E0) TSQLINVM_PROD {"TODBCConnectionProperties(01656B50)":{"Engine":"ODBC","ServerName":"","DatabaseNameSafe":"Driver=MySQL ODBC 3.51 Driver;Database=SAM;Server=124.109.2.164;Port=3307;USER=insysc;Password=insysc1234567890*","UserID":"","DBMS":"dMySQL","DBMSEngineName":"MySQL","BatchSendingAbilities":["cCreate"],"BatchMaxSentAtOnce":4096,"LoggedSQLMaxSize":0,"LogSQLStatementOnException":false,"ForcedSchemaName":"","UseCache":true,"RollbackOnDisconnect":true,"StoreVoidStringAsNull":false,"VariantStringAsWideString":false}} Server={"TSQLRestServerDB(01612B50)":{"DB":{"TSQLDatabase(0164ECA0)":{"FileName":":memory:","IsMemory":true,"UseCache":true,"TransactionActive":true,"BusyTimeout":0,"CacheSize":2000,"PageSize":1024,"PageCount":2,"FileSize":2048,"WALMode":false,"Synchronous":"smFull","LockingMode":"lmNormal","MemoryMappedMB":0,"user_version":0,"OpenV2Flags":6,"BackupBackgroundInProcess":false,"BackupBackgroundLastTime":"","BackupBackgroundLastFileName":"","SQLite3Library":{"TSQLite3LibraryDynamic(015F8A10)":{"LibraryName":"sqlite3-64.dll","Version":"3.11.1 with internal MM"}}}},"StatementLastException":"","NoAJAXJSON":false,"Options":[],"HandleAuthentication":false,"BypassORMAuthentication":[],"Stats":{"StartDate":"2016-08-12 14:24:06","Success":0,"ServiceMethod":0,"ServiceInterface":0,"OutcomingFiles":0,"CurrentThreadCount":0,"Created":0,"Read":0,"Updated":0,"Deleted":0,"ClientsCurrent":0,"ClientsMax":0,"CurrentRequestCount":0,"Input":{"Bytes":0,"Text":"0 B"},"Output":{"Bytes":0,"Text":"0 B"},"InputThroughput":{"BytesPerSec":0,"Text":"0 B/s"},"OutputThroughput":{"BytesPerSec":0,"Text":"0 B/s"},"Processing":false,"TaskCount":0,"TotalTime":{"MicroSec":0,"Text":"0us"},"LastTime":{"MicroSec":0,"Text":"0us"},"MinimalTime":{"MicroSec":0,"Text":"0us"},"AverageTime":{"MicroSec":0,"Text":"0us"},"MaximalTime":{"MicroSec":0,"Text":"0us"},"PerSec":0,"Errors":0,"LastError":null},"StatLevels":["mlTables","mlMethods","mlInterfaces","mlSQLite3"],"StaticVirtualTableDirect":true,"ServerTimeStamp":135322330630}}
20160812 14240634  !  +    SynDBODBC.TODBCStatement(015D76C0).000000010009BACD 
20160812 14240634  !  -    00.000.036
20160812 14240634  !  +    SynDBODBC.TODBCStatement(015D76C0).000000010009B019 
20160812 14240634  ! SQL   	SynDBODBC.TODBCStatement(015D76C0) select COLUMN_NAME, DATA_TYPE, CHARACTER_MAXIMUM_LENGTH, NUMERIC_PRECISION, NUMERIC_SCALE, 0 INDEX_COUNT from INFORMATION_SCHEMA.COLUMNS where UPPER(TABLE_SCHEMA) = 'DRIVER=MYSQL ODBC 3.51 DRIVER;DATABASE=SAM;SERVER=124.109.2.164;PORT=3307;USER=INSYSC;PASSWORD=INSYSC1234567890*' and UPPER(TABLE_NAME) = 'INVM_PROD'
20160812 14240634  !  -    00.009.565
20160812 14240635  ! debug mORMotDB.TSQLRestStorageExternal(0167B9E0) "GetFields":[]
20160812 14240635  !  +    SynDBODBC.TODBCStatement(015D76C0).000000010009BACD 
20160812 14240635  !  -    00.000.027
20160812 14240635  !  +    SynDBODBC.TODBCStatement(015D76C0).000000010009B019 
20160812 14240635  ! SQL   	SynDBODBC.TODBCStatement(015D76C0) CREATE TABLE INVM_PROD (ID bigint NOT NULL,PRDRUN bigint,PRDCDE varchar(60) character set UTF8,PRDBAR varchar(60) character set UTF8,PRDNAT varchar(200) character set UTF8,PRDNAE varchar(200) character set UTF8,PRDNSE varchar(200) character set UTF8,MANRUN bigint,PRDREG datetime,PTYRUN bigint,UNIRUN bigint,PRDCOA decimal(19,4),PRDCOU decimal(19,4),ROURUN bigint,VENRUN bigint,ROUCDE varchar(60) character set UTF8,PSTRUN varchar(60) character set UTF8,CMPCDE varchar(5) character set UTF8,CMPBRN varchar(5) character set UTF8,CMPDEP varchar(5) character set UTF8,CMPSEC varchar(5) character set UTF8,ENTUSR varchar(60) character set UTF8,ENTDTE datetime,ENTTIM datetime,ENTWKS varchar(100) character set UTF8,MODUSR varchar(60) character set UTF8,MODDTE datetime,MODTIM datetime,MODWKS varchar(100) character set UTF8,RECACT varchar(10) character set UTF8,RECSTS varchar(10) character set UTF8,RECSEQ bigint,RECFL1 varchar(3) character set UTF8,RECFL2 varchar(3) character set UTF8,RECFL3 varchar(3) character set UTF8,RECFL4 varchar(3) character set UTF8,RECFL5 varchar(3) character set UTF8,ENTUID bigint,MODUID bigint, PRIMARY KEY(ID))
20160812 14240639  !  -    00.058.147
20160812 14240639  !  +    SynDBODBC.TODBCStatement(015D7800).000000010009BACD 
20160812 14240639  !  -    00.000.125
20160812 14240639  !  +    SynDBODBC.TODBCStatement(015D7800).000000010009B019 
20160812 14240639  ! SQL   	SynDBODBC.TODBCStatement(015D7800) select COLUMN_NAME, DATA_TYPE, CHARACTER_MAXIMUM_LENGTH, NUMERIC_PRECISION, NUMERIC_SCALE, 0 INDEX_COUNT from INFORMATION_SCHEMA.COLUMNS where UPPER(TABLE_SCHEMA) = 'DRIVER=MYSQL ODBC 3.51 DRIVER;DATABASE=SAM;SERVER=124.109.2.164;PORT=3307;USER=INSYSC;PASSWORD=INSYSC1234567890*' and UPPER(TABLE_NAME) = 'INVM_PROD'
20160812 14240639  !  -    00.005.798
20160812 14240641  ! debug mORMotDB.TSQLRestStorageExternal(0167B9E0) "GetFields":[{"ColumnName":"ID","ColumnTypeNative":"bigint","ColumnLength":19,"ColumnPrecision":10,"ColumnScale":0,"ColumnType":2,"ColumnIndexed":true},{"ColumnName":"PRDRUN","ColumnTypeNative":"bigint","ColumnLength":19,"ColumnPrecision":10,"ColumnScale":0,"ColumnType":2,"ColumnIndexed":false},{"ColumnName":"PRDCDE","ColumnTypeNative":"varchar","ColumnLength":60,"ColumnPrecision":0,"ColumnScale":0,"ColumnType":6,"ColumnIndexed":false},{"ColumnName":"PRDBAR","ColumnTypeNative":"varchar","ColumnLength":60,"ColumnPrecision":0,"ColumnScale":0,"ColumnType":6,"ColumnIndexed":false},{"ColumnName":"PRDNAT","ColumnTypeNative":"varchar","ColumnLength":200,"ColumnPrecision":0,"ColumnScale":0,"ColumnType":6,"ColumnIndexed":false},{"ColumnName":"PRDNAE","ColumnTypeNative":"varchar","ColumnLength":200,"ColumnPrecision":0,"ColumnScale":0,"ColumnType":6,"ColumnIndexed":false},{"ColumnName":"PRDNSE","ColumnTypeNative":"varchar","ColumnLength":200,"ColumnPrecision":0,"ColumnScale":0,"ColumnType":6,"ColumnIndexed":false},{"ColumnName":"MANRUN","ColumnTypeNative":"bigint","ColumnLength":19,"ColumnPrecision":10,"ColumnScale":0,"ColumnType":2,"ColumnIndexed":false},{"ColumnName":"PRDREG","ColumnTypeNative":"datetime","ColumnLength":19,"ColumnPrecision":10,"ColumnScale":0,"ColumnType":5,"ColumnIndexed":false},{"ColumnName":"PTYRUN","ColumnTypeNative":"bigint","ColumnLength":19,"ColumnPrecision":10,"ColumnScale":0,"ColumnType":2,"ColumnIndexed":false},{"ColumnName":"UNIRUN","ColumnTypeNative":"bigint","ColumnLength":19,"ColumnPrecision":10,"ColumnScale":0,"ColumnType":2,"ColumnIndexed":false},{"ColumnName":"PRDCOA","ColumnTypeNative":"decimal","ColumnLength":19,"ColumnPrecision":10,"ColumnScale":4,"ColumnType":4,"ColumnIndexed":false},{"ColumnName":"PRDCOU","ColumnTypeNative":"decimal","ColumnLength":19,"ColumnPrecision":10,"ColumnScale":4,"ColumnType":4,"ColumnIndexed":false},{"ColumnName":"ROURUN","ColumnTypeNative":"bigint","ColumnLength":19,"ColumnPrecision":10,"ColumnScale":0,"ColumnType":2,"ColumnIndexed":false},{"ColumnName":"VENRUN","ColumnTypeNative":"bigint","ColumnLength":19,"ColumnPrecision":10,"ColumnScale":0,"ColumnType":2,"ColumnIndexed":false},{"ColumnName":"ROUCDE","ColumnTypeNative":"varchar","ColumnLength":60,"ColumnPrecision":0,"ColumnScale":0,"ColumnType":6,"ColumnIndexed":false},{"ColumnName":"PSTRUN","ColumnTypeNative":"varchar","ColumnLength":60,"ColumnPrecision":0,"ColumnScale":0,"ColumnType":6,"ColumnIndexed":false},{"ColumnName":"CMPCDE","ColumnTypeNative":"varchar","ColumnLength":5,"ColumnPrecision":0,"ColumnScale":0,"ColumnType":6,"ColumnIndexed":false},{"ColumnName":"CMPBRN","ColumnTypeNative":"varchar","ColumnLength":5,"ColumnPrecision":0,"ColumnScale":0,"ColumnType":6,"ColumnIndexed":false},{"ColumnName":"CMPDEP","ColumnTypeNative":"varchar","ColumnLength":5,"ColumnPrecision":0,"ColumnScale":0,"ColumnType":6,"ColumnIndexed":false},{"ColumnName":"CMPSEC","ColumnTypeNative":"varchar","ColumnLength":5,"ColumnPrecision":0,"ColumnScale":0,"ColumnType":6,"ColumnIndexed":false},{"ColumnName":"ENTUSR","ColumnTypeNative":"varchar","ColumnLength":60,"ColumnPrecision":0,"ColumnScale":0,"ColumnType":6,"ColumnIndexed":false},{"ColumnName":"ENTDTE","ColumnTypeNative":"datetime","ColumnLength":19,"ColumnPrecision":10,"ColumnScale":0,"ColumnType":5,"ColumnIndexed":false},{"ColumnName":"ENTTIM","ColumnTypeNative":"datetime","ColumnLength":19,"ColumnPrecision":10,"ColumnScale":0,"ColumnType":5,"ColumnIndexed":false},{"ColumnName":"ENTWKS","ColumnTypeNative":"varchar","ColumnLength":100,"ColumnPrecision":0,"ColumnScale":0,"ColumnType":6,"ColumnIndexed":false},{"ColumnName":"MODUSR","ColumnTypeNative":"varchar","ColumnLength":60,"ColumnPrecision":0,"ColumnScale":0,"ColumnType":6,"ColumnIndexed":false},{"ColumnName":"MODDTE","ColumnTypeNative":"datetime","ColumnLength":19,"ColumnPrecision":10,"ColumnScale":0,"ColumnType":5,"ColumnIndexed":false},{"ColumnName":"MODTIM","ColumnTypeNative":"datetime","ColumnLength":19,"ColumnPrecision":10,"ColumnScale":0,"ColumnType":5,"ColumnIndexed":false},{"ColumnName":"MODWKS","ColumnTypeNative":"varchar","ColumnLength":100,"ColumnPrecision":0,"ColumnScale":0,"ColumnType":6,"ColumnIndexed":false},{"ColumnName":"RECACT","ColumnTypeNative":"varchar","ColumnLength":10,"ColumnPrecision":0,"ColumnScale":0,"ColumnType":6,"ColumnIndexed":false},{"ColumnName":"RECSTS","ColumnTypeNative":"varchar","ColumnLength":10,"ColumnPrecision":0,"ColumnScale":0,"ColumnType":6,"ColumnIndexed":false},{"ColumnName":"RECSEQ","ColumnTypeNative":"bigint","ColumnLength":19,"ColumnPrecision":10,"ColumnScale":0,"ColumnType":2,"ColumnIndexed":false},{"ColumnName":"RECFL1","ColumnTypeNative":"varchar","ColumnLength":3,"ColumnPrecision":0,"ColumnScale":0,"ColumnType":6,"ColumnIndexed":false},{"ColumnName":"RECFL2","ColumnTypeNative":"varchar","ColumnLength":3,"ColumnPrecision":0,"ColumnScale":0,"ColumnType":6,"ColumnIndexed":false},{"ColumnName":"RECFL3","ColumnTypeNative":"varchar","ColumnLength":3,"ColumnPrecision":0,"ColumnScale":0,"ColumnType":6,"ColumnIndexed":false},{"ColumnName":"RECFL4","ColumnTypeNative":"varchar","ColumnLength":3,"ColumnPrecision":0,"ColumnScale":0,"ColumnType":6,"ColumnIndexed":false},{"ColumnName":"RECFL5","ColumnTypeNative":"varchar","ColumnLength":3,"ColumnPrecision":0,"ColumnScale":0,"ColumnType":6,"ColumnIndexed":false},{"ColumnName":"ENTUID","ColumnTypeNative":"bigint","ColumnLength":19,"ColumnPrecision":10,"ColumnScale":0,"ColumnType":2,"ColumnIndexed":false},{"ColumnName":"MODUID","ColumnTypeNative":"bigint","ColumnLength":19,"ColumnPrecision":10,"ColumnScale":0,"ColumnType":2,"ColumnIndexed":false}]
20160812 14240641  ! SQL   SynSQLite3.TSQLDatabase(0164ECA0) 102.83ms  CREATE VIRTUAL TABLE INVM_PROD USING External(PRDRUN INTEGER, PRDCDE TEXT COLLATE SYSTEMNOCASE, PRDBAR TEXT COLLATE SYSTEMNOCASE, PRDNAT TEXT COLLATE SYSTEMNOCASE, PRDNAE TEXT COLLATE SYSTEMNOCASE, PRDNSE TEXT COLLATE SYSTEMNOCASE, MANRUN INTEGER, PRDREG TEXT COLLATE ISO8601, PTYRUN INTEGER, UNIRUN INTEGER, PRDCOA FLOAT, PRDCOU FLOAT, ROURUN INTEGER, VENRUN INTEGER, ROUCDE TEXT COLLATE SYSTEMNOCASE, PSTRUN TEXT COLLATE SYSTEMNOCASE, CMPCDE TEXT COLLATE SYSTEMNOCASE, CMPBRN TEXT COLLATE SYSTEMNOCASE, CMPDEP TEXT COLLATE SYSTEMNOCASE, CMPSEC TEXT COLLATE SYSTEMNOCASE, ENTUSR TEXT COLLATE SYSTEMNOCASE, ENTDTE TEXT COLLATE ISO8601, ENTTIM TEXT COLLATE ISO8601, ENTWKS TEXT COLLATE SYSTEMNOCASE, MODUSR TEXT COLLATE SYSTEMNOCASE, MODDTE TEXT COLLATE ISO8601, MODTIM TEXT COLLATE ISO8601, MODWKS TEXT COLLATE SYSTEMNOCASE, RECACT TEXT COLLATE SYSTEMNOCASE, RECSTS TEXT COLLATE SYSTEMNOCASE, RECSEQ INTEGER, RECFL1 TEXT COLLATE SYSTEMNOCASE, RECFL2 TEXT COLLATE SYSTEMNOCASE, RECFL3 TEXT COLLATE SYSTEMNOCASE, RECFL4 TEXT COLLATE SYSTEMNOCASE, RECFL5 TEXT COLLATE SYSTEMNOCASE, ENTUID INTEGER, MODUID INTEGER);
20160812 14240641  !  +    SynDBODBC.TODBCStatement(015D71C0).000000010009BACD 
20160812 14240641  !  -    00.000.062
20160812 14240641  !  +    SynDBODBC.TODBCStatement(015D71C0).000000010009B019 
20160812 14240641  ! SQL   	SynDBODBC.TODBCStatement(015D71C0) select ID from INVM_PROD limit 1
20160812 14240641  !  -    00.004.086
20160812 14240641  ! SQL   SynSQLite3.TSQLDatabase(0164ECA0) 42us  COMMIT TRANSACTION;
20160812 14240641  !  +    mORMotHttpServer.TSQLHttpServer(016600E0).Create useHttpApiRegisteringURI (secNone) on port 8880
20160812 14240641  !  -    00.000.004
20160812 14240641  ! http  mORMotHttpServer.TSQLHttpServer(016600E0) http.sys registration of http://+:8880/root
20160812 14240641  - info  SetThreadName 000024B0=TSQLHttpServer 8880/root THttpApiServer
20160812 14240641  - trace mORMotSQLite3.TSQLRestServerDB(01612B50) BeginCurrentThread(THttpApiServer) root=root ThreadID=000024B0 ThreadCount=1
20160812 14240641  A info  SetThreadName 00001714=TSQLHttpServer 8880/root THttpApiServer
20160812 14240641  A trace mORMotSQLite3.TSQLRestServerDB(01612B50) BeginCurrentThread(THttpApiServer) root=root ThreadID=00001714 ThreadCount=2
20160812 14240643  ! http  mORMotHttpServer.TSQLHttpServer(016600E0) {"THttpApiServer(01647090)":{"Cloned":false,"RegisteredUrl":"http://+:8880/root/","HTTPQueueLength":1000,"MaxBandwidth":-1,"MaxConnections":-1,"APIVersion":"HTTP API 2.0","ServerName":"Synopse mORMot (Windows)","ProcessName":"root "}} initialized for root
20160812 14240643  . info  SetThreadName 00001C58=TSQLHttpServer 8880/root THttpApiServer
20160812 14240643  . trace mORMotSQLite3.TSQLRestServerDB(01612B50) BeginCurrentThread(THttpApiServer) root=root ThreadID=00001C58 ThreadCount=3
20160812 14240643  0 info  SetThreadName 00002B90=TSQLHttpServer 8880/root THttpApiServer
20160812 14240643  0 trace mORMotSQLite3.TSQLRestServerDB(01612B50) BeginCurrentThread(THttpApiServer) root=root ThreadID=00002B90 ThreadCount=4
20160812 14240643  9 info  SetThreadName 00001218=TSQLHttpServer 8880/root THttpApiServer
20160812 14240643  9 trace mORMotSQLite3.TSQLRestServerDB(01612B50) BeginCurrentThread(THttpApiServer) root=root ThreadID=00001218 ThreadCount=5
20160812 14240643  < info  SetThreadName 00002344=TSQLHttpServer 8880/root THttpApiServer
20160812 14240643  < trace mORMotSQLite3.TSQLRestServerDB(01612B50) BeginCurrentThread(THttpApiServer) root=root ThreadID=00002344 ThreadCount=6
20160812 14240643  > info  SetThreadName 00000F6C=TSQLHttpServer 8880/root THttpApiServer
20160812 14240643  > trace mORMotSQLite3.TSQLRestServerDB(01612B50) BeginCurrentThread(THttpApiServer) root=root ThreadID=00000F6C ThreadCount=7
20160812 14240643  = info  SetThreadName 00000A98=TSQLHttpServer 8880/root THttpApiServer
20160812 14240643  = trace mORMotSQLite3.TSQLRestServerDB(01612B50) BeginCurrentThread(THttpApiServer) root=root ThreadID=00000A98 ThreadCount=8
20160812 14240643  : info  SetThreadName 00001FE0=TSQLHttpServer 8880/root THttpApiServer
20160812 14240643  : trace mORMotSQLite3.TSQLRestServerDB(01612B50) BeginCurrentThread(THttpApiServer) root=root ThreadID=00001FE0 ThreadCount=9
20160812 14240643  4 info  SetThreadName 000028CC=TSQLHttpServer 8880/root THttpApiServer
20160812 14240643  4 trace mORMotSQLite3.TSQLRestServerDB(01612B50) BeginCurrentThread(THttpApiServer) root=root ThreadID=000028CC ThreadCount=10
20160812 14240643  7 info  SetThreadName 0000255C=TSQLHttpServer 8880/root THttpApiServer
20160812 14240643  7 trace mORMotSQLite3.TSQLRestServerDB(01612B50) BeginCurrentThread(THttpApiServer) root=root ThreadID=0000255C ThreadCount=11
20160812 14240643  ; info  SetThreadName 00001110=TSQLHttpServer 8880/root THttpApiServer
20160812 14240643  ; trace mORMotSQLite3.TSQLRestServerDB(01612B50) BeginCurrentThread(THttpApiServer) root=root ThreadID=00001110 ThreadCount=12
20160812 14240643  * info  SetThreadName 0000172C=TSQLHttpServer 8880/root THttpApiServer
20160812 14240643  * trace mORMotSQLite3.TSQLRestServerDB(01612B50) BeginCurrentThread(THttpApiServer) root=root ThreadID=0000172C ThreadCount=13
20160812 14240643  8 info  SetThreadName 000027C0=TSQLHttpServer 8880/root THttpApiServer
20160812 14240643  8 trace mORMotSQLite3.TSQLRestServerDB(01612B50) BeginCurrentThread(THttpApiServer) root=root ThreadID=000027C0 ThreadCount=14
20160812 14240644  6 info  SetThreadName 00002AE0=TSQLHttpServer 8880/root THttpApiServer
20160812 14240644  6 trace mORMotSQLite3.TSQLRestServerDB(01612B50) BeginCurrentThread(THttpApiServer) root=root ThreadID=00002AE0 ThreadCount=15
20160812 14240644  + info  SetThreadName 0000227C=TSQLHttpServer 8880/root THttpApiServer
20160812 14240644  + trace mORMotSQLite3.TSQLRestServerDB(01612B50) BeginCurrentThread(THttpApiServer) root=root ThreadID=0000227C ThreadCount=16
20160812 14240644  , info  SetThreadName 00000778=TSQLHttpServer 8880/root THttpApiServer
20160812 14240644  , trace mORMotSQLite3.TSQLRestServerDB(01612B50) BeginCurrentThread(THttpApiServer) root=root ThreadID=00000778 ThreadCount=17
20160812 14240644  3 info  SetThreadName 000019E4=TSQLHttpServer 8880/root THttpApiServer
20160812 14240644  3 trace mORMotSQLite3.TSQLRestServerDB(01612B50) BeginCurrentThread(THttpApiServer) root=root ThreadID=000019E4 ThreadCount=18
20160812 14240644  1 info  SetThreadName 00001180=TSQLHttpServer 8880/root THttpApiServer
20160812 14240644  1 trace mORMotSQLite3.TSQLRestServerDB(01612B50) BeginCurrentThread(THttpApiServer) root=root ThreadID=00001180 ThreadCount=19
20160812 14240644  2 info  SetThreadName 00000E7C=TSQLHttpServer 8880/root THttpApiServer
20160812 14240644  2 trace mORMotSQLite3.TSQLRestServerDB(01612B50) BeginCurrentThread(THttpApiServer) root=root ThreadID=00000E7C ThreadCount=20
20160812 14240644  / info  SetThreadName 00001DB0=TSQLHttpServer 8880/root THttpApiServer
20160812 14240644  / trace mORMotSQLite3.TSQLRestServerDB(01612B50) BeginCurrentThread(THttpApiServer) root=root ThreadID=00001DB0 ThreadCount=21
20160812 14240644  @ info  SetThreadName 00002768=TSQLHttpServer 8880/root THttpApiServer
20160812 14240644  @ trace mORMotSQLite3.TSQLRestServerDB(01612B50) BeginCurrentThread(THttpApiServer) root=root ThreadID=00002768 ThreadCount=22
20160812 14240644  5 info  Se