C:\LIB\DELPHI_LIB\mORMot_LastestLz\SQLite3\Samples\28 - Simple RESTful ORM Server\project28.exe 0.0.0.0 (2016-08-12 21:33:09)Host=DESKTOP-LRSF58E User=xchinjo CPU=4*9-6-10759:FFFBEBBFFFE3BA1F0000000000 OS=15.0=6.2.9200 Wow64=0 Freq=2628200Environment variables=ALLUSERSPROFILE=C:\ProgramData	APPDATA=C:\Users\xchinjo\AppData\Roaming	asl.log=Destination=file	COLUMNS=80	CommonProgramFiles=C:\Program Files\Common Files	CommonProgramFiles(x86)=C:\Program Files (x86)\Common Files	CommonProgramW6432=C:\Program Files\Common Files	COMPUTERNAME=DESKTOP-LRSF58E	ComSpec=C:\Windows\system32\cmd.exe	ESET_OPTIONS=                                                                                                                                                                                                                                                                                                                                                                                                                                                                                                                               	HOMEDRIVE=C:	HOMEPATH=\Users\xchinjo	JAVA_HOME=C:\Program Files\Java\jdk1.8.0_66	LINES=24	LOCALAPPDATA=C:\Users\xchinjo\AppData\Local	LOGONSERVER=\\DESKTOP-LRSF58E	NUMBER_OF_PROCESSORS=4	OS=Windows_NT	Path=C:\ProgramData\Oracle\Java\javapath;C:\Program Files (x86)\Embarcadero\Studio\17.0\bin;C:\Users\Public\Documents\Embarcadero\Studio\17.0\Bpl;C:\Program Files (x86)\Embarcadero\Studio\17.0\bin64;C:\Users\Public\Documents\Embarcadero\Studio\17.0\Bpl\Win64;C:\Program Files (x86)\Embarcadero\Studio\15.0\bin;C:\Users\Public\Documents\Embarcadero\Studio\15.0\Bpl;C:\Program Files (x86)\Embarcadero\Studio\15.0\bin64;C:\Users\Public\Documents\Embarcadero\Studio\15.0\Bpl\Win64;C:\Program Files (x86)\Embarcadero\RAD Studio\12.0\bin;C:\Users\Public\Documents\RAD Studio\12.0\Bpl;C:\Program Files (x86)\Embarcadero\RAD Studio\12.0\bin64;C:\Users\Public\Documents\RAD Studio\12.0\Bpl\Win64;C:\Program Files (x86)\Embarcadero\RAD Studio\9.0\bin;C:\Users\Public\Documents\RAD Studio\9.0\Bpl;C:\Program Files (x86)\Embarcadero\RAD Studio\9.0\bin64;C:\Users\Public\Documents\RAD Studio\9.0\Bpl\Win64;C:\Program Files (x86)\Borland\Delphi7\Bin;C:\Program Files (x86)\Borland\Delphi7\Projects\Bpl\;C:\Windows\system32;C:\Windows;C:\Windows\System32\Wbem;C:\Windows\System32\WindowsPowerShell\v1.0\;C:\Program Files\OpenVPN\bin;C:\Program Files\TortoiseGit\bin;C:\Program Files\Microsoft SQL Server\110\DTS\Binn\;C:\Program Files (x86)\Microsoft SQL Server\110\Tools\Binn\;C:\Program Files\Microsoft SQL Server\110\Tools\Binn\;C:\Program Files (x86)\Microsoft SQL Server\110\Tools\Binn\ManagementStudio\;C:\Program Files (x86)\Microsoft Visual Studio 10.0\Common7\IDE\PrivateAssemblies\;C:\Program Files (x86)\Microsoft SQL Server\110\DTS\Binn\;C:\Program Files\nodejs\;C:\Program Files\MongoDB\Server\3.2\bin;C:\Program Files\TortoiseSVN\bin;C:\Program Files (x86)\Skype\Phone\;C:\Program Files (x86)\Common Files\Tom Sawyer Software\8.0.0;C:\LIB\JAVA_LIB\apache-maven-3.3.9\bin;C:\Users\xchinjo\AppData\Local\atom\bin;C:\Users\xchinjo\AppData\Roaming\npm	PATHEXT=.COM;.EXE;.BAT;.CMD;.VBS;.VBE;.JS;.JSE;.WSF;.WSH;.MSC	PROCESSOR_ARCHITECTURE=AMD64	PROCESSOR_IDENTIFIER=Intel64 Family 6 Model 42 Stepping 7, GenuineIntel	PROCESSOR_LEVEL=6	PROCESSOR_REVISION=2a07	ProgramData=C:\ProgramData	ProgramFiles=C:\Program Files	ProgramFiles(x86)=C:\Program Files (x86)	ProgramW6432=C:\Program Files	PSModulePath=C:\Program Files\WindowsPowerShell\Modules;C:\Windows\system32\WindowsPowerShell\v1.0\Modules;C:\Program Files (x86)\Microsoft SQL Server\110\Tools\PowerShell\Modules\	PUBLIC=C:\Users\Public	SystemDrive=C:	SystemRoot=C:\Windows	TEMP=C:\Users\xchinjo\AppData\Local\Temp	TMP=C:\Users\xchinjo\AppData\Local\Temp	TVT=C:\Program Files (x86)\Lenovo	USERDOMAIN=DESKTOP-LRSF58E	USERDOMAIN_ROAMINGPROFILE=DESKTOP-LRSF58E	USERNAME=xchinjo	USERPROFILE=C:\Users\xchinjo	VBOX_MSI_INSTALL_PATH=C:\Program Files\Oracle\VirtualBox\	windir=C:\Windows	__COMPAT_LAYER=RunAsAdminTSQLLog 1.18.2833 FTS3 2016-08-12T14:33:1020160812 14331025  !  +    SynDBODBC.TODBCConnection(0011EBE0).000000010009A074 
20160812 14331025  !  -    00.000.016
20160812 14331025  !  +    00000001000999A3 
20160812 14331030  ! debug 	Connected to MySQL using myodbc3.dll 5.5.5-10.1.14-MariaDB recognized as MySQL
20160812 14331030  !  -    00.083.478
20160812 14331030  !  +    SynSQLite3.TSQLDatabase(0011ECA0).DBOpen 
20160812 14331030  ! DB    	SynSQLite3.TSQLDatabase(0011ECA0) ":memory:" database file opened with PageSize=1024 and CacheSize=2000
20160812 14331030  !  -    00.000.444
20160812 14331030  !  +    mORMotHttpServer.TSQLHttpServer(001319E0).Create useHttpApiRegisteringURI (secNone) on port 8880
20160812 14331030  !  -    00.000.004
20160812 14331030  ! http  mORMotHttpServer.TSQLHttpServer(001319E0) http.sys registration of http://+:8880/root
20160812 14331030  " info  SetThreadName 00001670=TSQLHttpServer 8880/root THttpApiServer
20160812 14331030  " trace RESTServerClass.TNoteServer(000E1450) BeginCurrentThread(THttpApiServer) root=root ThreadID=00001670 ThreadCount=1
20160812 14331032  # info  SetThreadName 00001E68=TSQLHttpServer 8880/root THttpApiServer
20160812 14331032  # trace RESTServerClass.TNoteServer(000E1450) BeginCurrentThread(THttpApiServer) root=root ThreadID=00001E68 ThreadCount=2
20160812 14331032  $ info  SetThreadName 00002A14=TSQLHttpServer 8880/root THttpApiServer
20160812 14331032  $ trace RESTServerClass.TNoteServer(000E1450) BeginCurrentThread(THttpApiServer) root=root ThreadID=00002A14 ThreadCount=3
20160812 14331032  ! http  mORMotHttpServer.TSQLHttpServer(001319E0) {"THttpApiServer(00117CF0)":{"Cloned":false,"RegisteredUrl":"http://+:8880/root/","HTTPQueueLength":1000,"MaxBandwidth":-1,"MaxConnections":-1,"APIVersion":"HTTP API 2.0","ServerName":"Synopse mORMot (Windows)","ProcessName":"root "}} initialized for root
20160812 14331032  % info  SetThreadName 00002B28=TSQLHttpServer 8880/root THttpApiServer
20160812 14331032  % trace RESTServerClass.TNoteServer(000E1450) BeginCurrentThread(THttpApiServer) root=root ThreadID=00002B28 ThreadCount=4
20160812 14331032  & info  SetThreadName 000008E0=TSQLHttpServer 8880/root THttpApiServer
20160812 14331032  & trace RESTServerClass.TNoteServer(000E1450) BeginCurrentThread(THttpApiServer) root=root ThreadID=000008E0 ThreadCount=5
20160812 14331032  ' info  SetThreadName 00002B44=TSQLHttpServer 8880/root THttpApiServer
20160812 14331032  ' trace RESTServerClass.TNoteServer(000E1450) BeginCurrentThread(THttpApiServer) root=root ThreadID=00002B44 ThreadCount=6
20160812 14331032  ( info  SetThreadName 00002A64=TSQLHttpServer 8880/root THttpApiServer
20160812 14331032  ( trace RESTServerClass.TNoteServer(000E1450) BeginCurrentThread(THttpApiServer) root=root ThreadID=00002A64 ThreadCount=7
20160812 14331032  ) info  SetThreadName 000012B0=TSQLHttpServer 8880/root THttpApiServer
20160812 14331032  ) trace RESTServerClass.TNoteServer(000E1450) BeginCurrentThread(THttpApiServer) root=root ThreadID=000012B0 ThreadCount=8
20160812 14331032  * info  SetThreadName 00001D60=TSQLHttpServer 8880/root THttpApiServer
20160812 14331032  * trace RESTServerClass.TNoteServer(000E1450) BeginCurrentThread(THttpApiServer) root=root ThreadID=00001D60 ThreadCount=9
20160812 14331032  + info  SetThreadName 000021C0=TSQLHttpServer 8880/root THttpApiServer
20160812 14331032  + trace RESTServerClass.TNoteServer(000E1450) BeginCurrentThread(THttpApiServer) root=root ThreadID=000021C0 ThreadCount=10
20160812 14331032  , info  SetThreadName 00001C84=TSQLHttpServer 8880/root THttpApiServer
20160812 14331032  , trace RESTServerClass.TNoteServer(000E1450) BeginCurrentThread(THttpApiServer) root=root ThreadID=00001C84 ThreadCount=11
20160812 14331032  - info  SetThreadName 00001234=TSQLHttpServer 8880/root THttpApiServer
20160812 14331032  - trace RESTServerClass.TNoteServer(000E1450) BeginCurrentThread(THttpApiServer) root=root ThreadID=00001234 ThreadCount=12
20160812 14331032  . info  SetThreadName 00002BD0=TSQLHttpServer 8880/root THttpApiServer
20160812 14331032  . trace RESTServerClass.TNoteServer(000E1450) BeginCurrentThread(THttpApiServer) root=root ThreadID=00002BD0 ThreadCount=13
20160812 14331032  / info  SetThreadName 000019F4=TSQLHttpServer 8880/root THttpApiServer
20160812 14331032  / trace RESTServerClass.TNoteServer(000E1450) BeginCurrentThread(THttpApiServer) root=root ThreadID=000019F4 ThreadCount=14
20160812 14331032  0 info  SetThreadName 00002200=TSQLHttpServer 8880/root THttpApiServer
20160812 14331032  0 trace RESTServerClass.TNoteServer(000E1450) BeginCurrentThread(THttpApiServer) root=root ThreadID=00002200 ThreadCount=15
20160812 14331033  1 info  SetThreadName 00002544=TSQLHttpServer 8880/root THttpApiServer
20160812 14331033  1 trace RESTServerClass.TNoteServer(000E1450) BeginCurrentThread(THttpApiServer) root=root ThreadID=00002544 ThreadCount=16
20160812 14331033  2 info  SetThreadName 000027C8=TSQLHttpServer 8880/root THttpApiServer
20160812 14331033  2 trace RESTServerClass.TNoteServer(000E1450) BeginCurrentThread(THttpApiServer) root=root ThreadID=000027C8 ThreadCount=17
20160812 14331033  3 info  SetThreadName 00002848=TSQLHttpServer 8880/root THttpApiServer
20160812 14331033  3 trace RESTServerClass.TNoteServer(000E1450) BeginCurrentThread(THttpApiServer) root=root ThreadID=00002848 ThreadCount=18
20160812 14331033  4 info  SetThreadName 000003D0=TSQLHttpServer 8880/root THttpApiServer
20160812 14331033  4 trace RESTServerClass.TNoteServer(000E1450) BeginCurrentThread(THttpApiServer) root=root ThreadID=000003D0 ThreadCount=19
20160812 14331033  5 info  SetThreadName 000019C4=TSQLHttpServer 8880/root THttpApiServer
20160812 14331033  5 trace RESTServerClass.TNoteServer(000E1450) BeginCurrentThread(THttpApiServer) root=root ThreadID=000019C4 ThreadCount=20
20160812 14331033  6 info  SetThreadName 00000644=TSQLHttpServer 8880/root THttpApiServer
20160812 14331033  6 trace RESTServerClass.TNoteServer(000E1450) BeginCurrentThread(THttpApiServer) root=root ThreadID=00000644 ThreadCount=21
20160812 14331033  7 info  SetThreadName 00002AF0=TSQLHttpServer 8880/root THttpApiServer
20160812 14331033  7 trace RESTServerClass.TNoteServer(000E1450) BeginCurrentThread(THttpApiServer) root=root ThreadID=00002AF0 ThreadCount=22
20160812 14331033  8 info  SetThreadName 000021E0=TSQLHttpServer 8880/root THttpApiServer
20160812 14331033  8 trace RESTServerClass.TNoteServer(000E1450) BeginCurrentThread(THttpApiServer) root=root ThreadID=000021E0 ThreadCount=23
20160812 14331033  9 info  SetThreadName 00001FC8=TSQLHttpServer 8880/root THttpApiServer
20160812 14331033  9 trace RESTServerClass.TNoteServer(000E1450) BeginCurrentThread(THttpApiServer) root=root ThreadID=00001FC8 ThreadCount=24
20160812 14331033  : info  SetThreadName 00001394=TSQLHttpServer 8880/root THttpApiServer
20160812 14331033  : trace RESTServerClass.TNoteServer(000E1450) BeginCurrentThread(THttpApiServer) root=root ThreadID=00001394 ThreadCount=25
20160812 14331033  ; info  SetThreadName 000021A8=TSQLHttpServer 8880/root THttpApiServer
20160812 14331033  ; trace RESTServerClass.TNoteServer(000E1450) BeginCurrentThread(THttpApiServer) root=root ThreadID=000021A8 ThreadCount=26
20160812 14331033  < info  SetThreadName 00001134=TSQLHttpServer 8880/root THttpApiServer
20160812 14331033  < trace RESTServerClass.TNoteServer(000E1450) BeginCurrentThread(THttpApiServer) root=root ThreadID=00001134 ThreadCount=27
20160812 14331033  = info  SetThreadName 000005EC=TSQLHttpServer 8880/root THttpApiServer
20160812 14331033  = trace RESTServerClass.TNoteServer(000E1450) BeginCurrentThread(THttpApiServer) root=root ThreadID=000005EC ThreadCount=28
20160812 14331033  > info  SetThreadName 0000244C=TSQLHttpServer 8880/root THttpApiServer
20160812 14331033  > trace RESTServerClass.TNoteServer(000E1450) BeginCurrentThread(THttpApiServer) root=root ThreadID=0000244C ThreadCount=29
20160812 14331033  ? info  SetThreadName 00000E60=TSQLHttpServer 8880/root THttpApiServer
20160812 14331033  ? trace RESTServerClass.TNoteServer(000E1450) BeginCurrentThread(THttpApiServer) root=root ThreadID=00000E60 ThreadCount=30
20160812 14331033  @ info  SetThreadName 00001580=TSQLHttpServer 8880/root THttpApiServer
20160812 14331033  @ trace RESTServerClass.TNoteServer(000E1450) BeginCurrentThread(THttpApiServer) root=root ThreadID=00001580 ThreadCount=31
20160812 14331033  A info  SetThreadName 0000251C=TSQLHttpServer 8880/root THttpApiServer
20160812 14331033  A trace RESTServerClass.TNoteServer(000E1450) BeginCurrentThread(THttpApiServer) root=root ThreadID=0000251C ThreadCount=32
20160812 14331213  !  +    mORMotHttpServer.TSQLHttpServer(001319E0).000000010011D805 
20160812 14331213  !  -    00.000.001
20160812 14331213  ! http  mORMotHttpServer.TSQLHttpServer(001319E0) {"THttpApiServer(00117CF0)":{"Cloned":false,"RegisteredUrl":"http://+:8880/root/","HTTPQueueLength":1000,"MaxBandwidth":-1,"MaxConnections":-1,"APIVersion":"HTTP API 2.0","ServerName":"Synopse mORMot (Windows)","ProcessName":"root "}} finalized for 1 server(s)
20160812 14331213  & trace RESTServerClass.TNoteServer(000E1450) EndCurrentThread(THttpApiServer) ThreadID=000008E0 ThreadCount=30
20160812 14331213  " trace RESTServerClass.TNoteServer(000E1450) EndCurrentThread(THttpApiServer) ThreadID=00001670 ThreadCount=31
20160812 14331213  % trace RESTServerClass.TNoteServer(000E1450) EndCurrentThread(THttpApiServer) ThreadID=00002B28 ThreadCount=29
20160812 14331213  $ trace RESTServerClass.TNoteServer(000E1450) EndCurrentThread(THttpApiServer) ThreadID=00002A14 ThreadCount=28
20160812 14331213  ' trace RESTServerClass.TNoteServer(000E1450) EndCurrentThread(THttpApiServer) ThreadID=00002B44 ThreadCount=27
20160812 14331213  ( trace RESTServerClass.TNoteServer(000E1450) EndCurrentThread(THttpApiServer) ThreadID=00002A64 ThreadCount=26
20160812 14331213  # trace RESTServerClass.TNoteServer(000E1450) EndCurrentThread(THttpApiServer) ThreadID=00001E68 ThreadCount=25
20160812 14331213  * trace RESTServerClass.TNoteServer(000E1450) EndCurrentThread(THttpApiServer) ThreadID=00001D60 ThreadCount=24
20160812 14331213  ) trace RESTServerClass.TNoteServer(000E1450) EndCurrentThread(THttpApiServer) ThreadID=000012B0 ThreadCount=23
20160812 14331213  + trace RESTServerClass.TNoteServer(000E1450) EndCurrentThread(THttpApiServer) ThreadID=000021C0 ThreadCount=22
20160812 14331213  - trace RESTServerClass.TNoteServer(000E1450) EndCurrentThread(THttpApiServer) ThreadID=00001234 ThreadCount=21
20160812 14331213  , trace RESTServerClass.TNoteServer(000E1450) EndCurrentThread(THttpApiServer) ThreadID=00001C84 ThreadCount=20
20160812 14331213  . trace RESTServerClass.TNoteServer(000E1450) EndCurrentThread(THttpApiServer) ThreadID=00002BD0 ThreadCount=19
20160812 14331213  0 trace RESTServerClass.TNoteServer(000E1450) EndCurrentThread(THttpApiServer) ThreadID=00002200 ThreadCount=18
20160812 14331213  / trace RESTServerClass.TNoteServer(000E1450) EndCurrentThread(THttpApiServer) ThreadID=000019F4 ThreadCount=17
20160812 14331213  3 trace RESTServerClass.TNoteServer(000E1450) EndCurrentThread(THttpApiServer) ThreadID=00002848 ThreadCount=16
20160812 14331213  2 trace RESTServerClass.TNoteServer(000E1450) EndCurrentThread(THttpApiServer) ThreadID=000027C8 ThreadCount=15
20160812 14331213  1 trace RESTServerClass.TNoteServer(000E1450) EndCurrentThread(THttpApiServer) ThreadID=00002544 ThreadCount=14
20160812 14331213  5 trace RESTServerClass.TNoteServer(000E1450) EndCurrentThread(THttpApiServer) ThreadID=000019C4 ThreadCount=13
20160812 14331213  6 trace RESTServerClass.TNoteServer(000E1450) EndCurrentThread(THttpApiServer) ThreadID=00000644 ThreadCount=12
20160812 14331213  4 trace RESTServerClass.TNoteServer(000E1450) EndCurrentThread(THttpApiServer) ThreadID=000003D0 ThreadCount=11
20160812 14331213  8 trace RESTServerClass.TNoteServer(000E1450) EndCurrentThread(THttpApiServer) ThreadID=000021E0 ThreadCount=10
20160812 14331213  7 trace RESTServerClass.TNoteServer(000E1450) EndCurrentThread(THttpApiServer) ThreadID=00002AF0 ThreadCount=9
20160812 14331213  9 trace RESTServerClass.TNoteServer(000E1450) EndCurrentThread(THttpApiServer) ThreadID=00001FC8 ThreadCount=8
20160812 14331213  @ trace RESTServerClass.TNoteServer(000E1450) EndCurrentThread(THttpApiServer) ThreadID=00001580 ThreadCount=1
20160812 14331213  : trace RESTServerClass.TNoteServer(000E1450) EndCurrentThread(THttpApiServer) ThreadID=00001394 ThreadCount=7
20160812 14331213  ; trace RESTServerClass.TNoteServer(000E1450) EndCurrentThread(THttpApiServer) ThreadID=000021A8 ThreadCount=6
20160812 14331213  < trace RESTServerClass.TNoteServer(000E1450) EndCurrentThread(THttpApiServer) ThreadID=00001134 ThreadCount=5
20160812 14331213  = trace RESTServerClass.TNoteServer(000E1450) EndCurrentThread(THttpApiServer) ThreadID=000005EC ThreadCount=4
20160812 14331213  ? trace RESTServerClass.TNoteServer(000E1450) EndCurrentThread(THttpApiServer) ThreadID=00000E60 ThreadCount=3
20160812 14331213  > trace RESTServerClass.TNoteServer(000E1450) EndCurrentThread(THttpApiServer) ThreadID=0000244C ThreadCount=2
20160812 14331213  A trace RESTServerClass.TNoteServer(000E1450) EndCurrentThread(THttpApiServer) ThreadID=0000251C ThreadCount=0
20160812 14331215  !  +    RESTServerClass.TNoteServer(000E1450).Shutdown CurrentRequestCount=0 File=
20160812 14331215  !  -    00.005.687
